{"/Users/jasonbelcher/Documents/code/xalpheric-neocities/cli/index.js": {"path":"/Users/jasonbelcher/Documents/code/xalpheric-neocities/cli/index.js","statementMap":{"0":{"start":{"line":3,"column":20},"end":{"line":3,"column":40}},"1":{"start":{"line":4,"column":16},"end":{"line":4,"column":29}},"2":{"start":{"line":7,"column":0},"end":{"line":7,"column":44}},"3":{"start":{"line":9,"column":0},"end":{"line":12,"column":20}},"4":{"start":{"line":15,"column":22},"end":{"line":17,"column":43}},"5":{"start":{"line":20,"column":0},"end":{"line":48,"column":5}},"6":{"start":{"line":30,"column":4},"end":{"line":47,"column":5}},"7":{"start":{"line":31,"column":28},"end":{"line":31,"column":57}},"8":{"start":{"line":32,"column":26},"end":{"line":32,"column":60}},"9":{"start":{"line":34,"column":21},"end":{"line":34,"column":36}},"10":{"start":{"line":36,"column":6},"end":{"line":43,"column":9}},"11":{"start":{"line":45,"column":6},"end":{"line":45,"column":49}},"12":{"start":{"line":46,"column":6},"end":{"line":46,"column":22}},"13":{"start":{"line":50,"column":0},"end":{"line":76,"column":5}},"14":{"start":{"line":59,"column":4},"end":{"line":75,"column":5}},"15":{"start":{"line":60,"column":28},"end":{"line":60,"column":57}},"16":{"start":{"line":61,"column":28},"end":{"line":61,"column":64}},"17":{"start":{"line":63,"column":21},"end":{"line":63,"column":36}},"18":{"start":{"line":65,"column":6},"end":{"line":71,"column":9}},"19":{"start":{"line":73,"column":6},"end":{"line":73,"column":49}},"20":{"start":{"line":74,"column":6},"end":{"line":74,"column":22}},"21":{"start":{"line":78,"column":0},"end":{"line":100,"column":5}},"22":{"start":{"line":85,"column":4},"end":{"line":99,"column":5}},"23":{"start":{"line":86,"column":28},"end":{"line":86,"column":57}},"24":{"start":{"line":87,"column":27},"end":{"line":87,"column":62}},"25":{"start":{"line":89,"column":21},"end":{"line":89,"column":36}},"26":{"start":{"line":91,"column":6},"end":{"line":95,"column":9}},"27":{"start":{"line":97,"column":6},"end":{"line":97,"column":49}},"28":{"start":{"line":98,"column":6},"end":{"line":98,"column":22}},"29":{"start":{"line":102,"column":0},"end":{"line":130,"column":5}},"30":{"start":{"line":112,"column":4},"end":{"line":129,"column":5}},"31":{"start":{"line":113,"column":28},"end":{"line":113,"column":57}},"32":{"start":{"line":114,"column":32},"end":{"line":114,"column":73}},"33":{"start":{"line":116,"column":21},"end":{"line":116,"column":36}},"34":{"start":{"line":118,"column":6},"end":{"line":125,"column":9}},"35":{"start":{"line":127,"column":6},"end":{"line":127,"column":49}},"36":{"start":{"line":128,"column":6},"end":{"line":128,"column":22}},"37":{"start":{"line":133,"column":21},"end":{"line":135,"column":36}},"38":{"start":{"line":137,"column":0},"end":{"line":142,"column":5}},"39":{"start":{"line":141,"column":4},"end":{"line":141,"column":63}},"40":{"start":{"line":145,"column":21},"end":{"line":147,"column":37}},"41":{"start":{"line":149,"column":0},"end":{"line":155,"column":5}},"42":{"start":{"line":154,"column":4},"end":{"line":154,"column":62}},"43":{"start":{"line":158,"column":0},"end":{"line":164,"column":5}},"44":{"start":{"line":163,"column":4},"end":{"line":163,"column":55}},"45":{"start":{"line":166,"column":0},"end":{"line":172,"column":5}},"46":{"start":{"line":171,"column":4},"end":{"line":171,"column":57}},"47":{"start":{"line":174,"column":0},"end":{"line":174,"column":28}},"48":{"start":{"line":177,"column":0},"end":{"line":179,"column":1}},"49":{"start":{"line":178,"column":2},"end":{"line":178,"column":23}}},"fnMap":{"0":{"name":"(anonymous_0)","decl":{"start":{"line":29,"column":10},"end":{"line":29,"column":11}},"loc":{"start":{"line":29,"column":29},"end":{"line":48,"column":3}},"line":29},"1":{"name":"(anonymous_1)","decl":{"start":{"line":58,"column":10},"end":{"line":58,"column":11}},"loc":{"start":{"line":58,"column":29},"end":{"line":76,"column":3}},"line":58},"2":{"name":"(anonymous_2)","decl":{"start":{"line":84,"column":10},"end":{"line":84,"column":11}},"loc":{"start":{"line":84,"column":29},"end":{"line":100,"column":3}},"line":84},"3":{"name":"(anonymous_3)","decl":{"start":{"line":111,"column":10},"end":{"line":111,"column":11}},"loc":{"start":{"line":111,"column":29},"end":{"line":130,"column":3}},"line":111},"4":{"name":"(anonymous_4)","decl":{"start":{"line":140,"column":10},"end":{"line":140,"column":11}},"loc":{"start":{"line":140,"column":16},"end":{"line":142,"column":3}},"line":140},"5":{"name":"(anonymous_5)","decl":{"start":{"line":153,"column":10},"end":{"line":153,"column":11}},"loc":{"start":{"line":153,"column":16},"end":{"line":155,"column":3}},"line":153},"6":{"name":"(anonymous_6)","decl":{"start":{"line":162,"column":10},"end":{"line":162,"column":11}},"loc":{"start":{"line":162,"column":16},"end":{"line":164,"column":3}},"line":162},"7":{"name":"(anonymous_7)","decl":{"start":{"line":170,"column":10},"end":{"line":170,"column":11}},"loc":{"start":{"line":170,"column":16},"end":{"line":172,"column":3}},"line":170}},"branchMap":{"0":{"loc":{"start":{"line":177,"column":0},"end":{"line":179,"column":1}},"type":"if","locations":[{"start":{"line":177,"column":0},"end":{"line":179,"column":1}},{"start":{},"end":{}}],"line":177}},"s":{"0":0,"1":0,"2":0,"3":0,"4":0,"5":0,"6":0,"7":0,"8":0,"9":0,"10":0,"11":0,"12":0,"13":0,"14":0,"15":0,"16":0,"17":0,"18":0,"19":0,"20":0,"21":0,"22":0,"23":0,"24":0,"25":0,"26":0,"27":0,"28":0,"29":0,"30":0,"31":0,"32":0,"33":0,"34":0,"35":0,"36":0,"37":0,"38":0,"39":0,"40":0,"41":0,"42":0,"43":0,"44":0,"45":0,"46":0,"47":0,"48":0,"49":0},"f":{"0":0,"1":0,"2":0,"3":0,"4":0,"5":0,"6":0,"7":0},"b":{"0":[0,0]}}
,"/Users/jasonbelcher/Documents/code/xalpheric-neocities/cli/commands/deploy/config.js": {"path":"/Users/jasonbelcher/Documents/code/xalpheric-neocities/cli/commands/deploy/config.js","statementMap":{"0":{"start":{"line":1,"column":11},"end":{"line":1,"column":24}},"1":{"start":{"line":2,"column":24},"end":{"line":2,"column":55}},"2":{"start":{"line":3,"column":15},"end":{"line":3,"column":48}},"3":{"start":{"line":6,"column":29},"end":{"line":17,"column":1}},"4":{"start":{"line":33,"column":6},"end":{"line":33,"column":13}},"5":{"start":{"line":35,"column":2},"end":{"line":35,"column":29}},"6":{"start":{"line":36,"column":2},"end":{"line":36,"column":65}},"7":{"start":{"line":38,"column":2},"end":{"line":45,"column":3}},"8":{"start":{"line":39,"column":4},"end":{"line":39,"column":57}},"9":{"start":{"line":40,"column":4},"end":{"line":44,"column":6}},"10":{"start":{"line":48,"column":24},"end":{"line":48,"column":26}},"11":{"start":{"line":49,"column":21},"end":{"line":49,"column":22}},"12":{"start":{"line":51,"column":2},"end":{"line":59,"column":3}},"13":{"start":{"line":52,"column":4},"end":{"line":58,"column":5}},"14":{"start":{"line":53,"column":6},"end":{"line":53,"column":31}},"15":{"start":{"line":54,"column":6},"end":{"line":54,"column":67}},"16":{"start":{"line":56,"column":6},"end":{"line":56,"column":21}},"17":{"start":{"line":57,"column":6},"end":{"line":57,"column":100}},"18":{"start":{"line":61,"column":2},"end":{"line":68,"column":3}},"19":{"start":{"line":62,"column":4},"end":{"line":62,"column":47}},"20":{"start":{"line":63,"column":4},"end":{"line":67,"column":6}},"21":{"start":{"line":70,"column":2},"end":{"line":70,"column":74}},"22":{"start":{"line":73,"column":2},"end":{"line":90,"column":3}},"23":{"start":{"line":74,"column":4},"end":{"line":74,"column":66}},"24":{"start":{"line":75,"column":4},"end":{"line":75,"column":66}},"25":{"start":{"line":76,"column":4},"end":{"line":76,"column":56}},"26":{"start":{"line":78,"column":4},"end":{"line":83,"column":5}},"27":{"start":{"line":79,"column":6},"end":{"line":79,"column":51}},"28":{"start":{"line":80,"column":6},"end":{"line":82,"column":9}},"29":{"start":{"line":81,"column":8},"end":{"line":81,"column":85}},"30":{"start":{"line":85,"column":4},"end":{"line":89,"column":6}},"31":{"start":{"line":93,"column":2},"end":{"line":93,"column":86}},"32":{"start":{"line":96,"column":24},"end":{"line":99,"column":5}},"33":{"start":{"line":96,"column":51},"end":{"line":99,"column":3}},"34":{"start":{"line":101,"column":18},"end":{"line":108,"column":4}},"35":{"start":{"line":106,"column":6},"end":{"line":106,"column":73}},"36":{"start":{"line":110,"column":24},"end":{"line":110,"column":61}},"37":{"start":{"line":110,"column":44},"end":{"line":110,"column":53}},"38":{"start":{"line":111,"column":22},"end":{"line":111,"column":60}},"39":{"start":{"line":111,"column":42},"end":{"line":111,"column":52}},"40":{"start":{"line":113,"column":2},"end":{"line":115,"column":3}},"41":{"start":{"line":114,"column":4},"end":{"line":114,"column":69}},"42":{"start":{"line":116,"column":2},"end":{"line":118,"column":3}},"43":{"start":{"line":117,"column":4},"end":{"line":117,"column":60}},"44":{"start":{"line":119,"column":2},"end":{"line":121,"column":3}},"45":{"start":{"line":120,"column":4},"end":{"line":120,"column":65}},"46":{"start":{"line":124,"column":2},"end":{"line":124,"column":50}},"47":{"start":{"line":125,"column":2},"end":{"line":125,"column":49}},"48":{"start":{"line":126,"column":2},"end":{"line":128,"column":3}},"49":{"start":{"line":127,"column":4},"end":{"line":127,"column":48}},"50":{"start":{"line":129,"column":2},"end":{"line":131,"column":3}},"51":{"start":{"line":130,"column":4},"end":{"line":130,"column":51}},"52":{"start":{"line":132,"column":2},"end":{"line":132,"column":52}},"53":{"start":{"line":134,"column":2},"end":{"line":134,"column":70}},"54":{"start":{"line":136,"column":2},"end":{"line":141,"column":4}},"55":{"start":{"line":144,"column":0},"end":{"line":144,"column":30}}},"fnMap":{"0":{"name":"deployConfig","decl":{"start":{"line":28,"column":15},"end":{"line":28,"column":27}},"loc":{"start":{"line":28,"column":50},"end":{"line":142,"column":1}},"line":28},"1":{"name":"(anonymous_1)","decl":{"start":{"line":80,"column":28},"end":{"line":80,"column":29}},"loc":{"start":{"line":80,"column":36},"end":{"line":82,"column":7}},"line":80},"2":{"name":"(anonymous_2)","decl":{"start":{"line":96,"column":42},"end":{"line":96,"column":43}},"loc":{"start":{"line":96,"column":51},"end":{"line":99,"column":3}},"line":96},"3":{"name":"(anonymous_3)","decl":{"start":{"line":105,"column":16},"end":{"line":105,"column":17}},"loc":{"start":{"line":105,"column":28},"end":{"line":107,"column":5}},"line":105},"4":{"name":"(anonymous_4)","decl":{"start":{"line":110,"column":39},"end":{"line":110,"column":40}},"loc":{"start":{"line":110,"column":44},"end":{"line":110,"column":53}},"line":110},"5":{"name":"(anonymous_5)","decl":{"start":{"line":111,"column":37},"end":{"line":111,"column":38}},"loc":{"start":{"line":111,"column":42},"end":{"line":111,"column":52}},"line":111}},"branchMap":{"0":{"loc":{"start":{"line":28,"column":36},"end":{"line":28,"column":48}},"type":"default-arg","locations":[{"start":{"line":28,"column":46},"end":{"line":28,"column":48}}],"line":28},"1":{"loc":{"start":{"line":30,"column":4},"end":{"line":30,"column":32}},"type":"default-arg","locations":[{"start":{"line":30,"column":12},"end":{"line":30,"column":32}}],"line":30},"2":{"loc":{"start":{"line":31,"column":4},"end":{"line":31,"column":18}},"type":"default-arg","locations":[{"start":{"line":31,"column":13},"end":{"line":31,"column":18}}],"line":31},"3":{"loc":{"start":{"line":32,"column":4},"end":{"line":32,"column":19}},"type":"default-arg","locations":[{"start":{"line":32,"column":14},"end":{"line":32,"column":19}}],"line":32},"4":{"loc":{"start":{"line":38,"column":2},"end":{"line":45,"column":3}},"type":"if","locations":[{"start":{"line":38,"column":2},"end":{"line":45,"column":3}},{"start":{},"end":{}}],"line":38},"5":{"loc":{"start":{"line":52,"column":4},"end":{"line":58,"column":5}},"type":"if","locations":[{"start":{"line":52,"column":4},"end":{"line":58,"column":5}},{"start":{"line":55,"column":11},"end":{"line":58,"column":5}}],"line":52},"6":{"loc":{"start":{"line":54,"column":33},"end":{"line":54,"column":63}},"type":"binary-expr","locations":[{"start":{"line":54,"column":33},"end":{"line":54,"column":49}},{"start":{"line":54,"column":53},"end":{"line":54,"column":63}}],"line":54},"7":{"loc":{"start":{"line":57,"column":34},"end":{"line":57,"column":64}},"type":"binary-expr","locations":[{"start":{"line":57,"column":34},"end":{"line":57,"column":50}},{"start":{"line":57,"column":54},"end":{"line":57,"column":64}}],"line":57},"8":{"loc":{"start":{"line":61,"column":2},"end":{"line":68,"column":3}},"type":"if","locations":[{"start":{"line":61,"column":2},"end":{"line":68,"column":3}},{"start":{},"end":{}}],"line":61},"9":{"loc":{"start":{"line":73,"column":2},"end":{"line":90,"column":3}},"type":"if","locations":[{"start":{"line":73,"column":2},"end":{"line":90,"column":3}},{"start":{},"end":{}}],"line":73},"10":{"loc":{"start":{"line":78,"column":4},"end":{"line":83,"column":5}},"type":"if","locations":[{"start":{"line":78,"column":4},"end":{"line":83,"column":5}},{"start":{},"end":{}}],"line":78},"11":{"loc":{"start":{"line":81,"column":44},"end":{"line":81,"column":80}},"type":"binary-expr","locations":[{"start":{"line":81,"column":44},"end":{"line":81,"column":60}},{"start":{"line":81,"column":64},"end":{"line":81,"column":80}}],"line":81},"12":{"loc":{"start":{"line":113,"column":2},"end":{"line":115,"column":3}},"type":"if","locations":[{"start":{"line":113,"column":2},"end":{"line":115,"column":3}},{"start":{},"end":{}}],"line":113},"13":{"loc":{"start":{"line":116,"column":2},"end":{"line":118,"column":3}},"type":"if","locations":[{"start":{"line":116,"column":2},"end":{"line":118,"column":3}},{"start":{},"end":{}}],"line":116},"14":{"loc":{"start":{"line":119,"column":2},"end":{"line":121,"column":3}},"type":"if","locations":[{"start":{"line":119,"column":2},"end":{"line":121,"column":3}},{"start":{},"end":{}}],"line":119},"15":{"loc":{"start":{"line":126,"column":2},"end":{"line":128,"column":3}},"type":"if","locations":[{"start":{"line":126,"column":2},"end":{"line":128,"column":3}},{"start":{},"end":{}}],"line":126},"16":{"loc":{"start":{"line":129,"column":2},"end":{"line":131,"column":3}},"type":"if","locations":[{"start":{"line":129,"column":2},"end":{"line":131,"column":3}},{"start":{},"end":{}}],"line":129}},"s":{"0":1,"1":1,"2":1,"3":1,"4":9,"5":9,"6":9,"7":9,"8":1,"9":1,"10":8,"11":8,"12":8,"13":13,"14":10,"15":10,"16":3,"17":3,"18":8,"19":1,"20":1,"21":7,"22":7,"23":1,"24":1,"25":1,"26":1,"27":0,"28":0,"29":0,"30":1,"31":6,"32":6,"33":9,"34":6,"35":0,"36":6,"37":9,"38":6,"39":9,"40":6,"41":6,"42":6,"43":1,"44":6,"45":1,"46":6,"47":6,"48":6,"49":1,"50":6,"51":1,"52":6,"53":6,"54":6,"55":1},"f":{"0":9,"1":0,"2":9,"3":0,"4":9,"5":9},"b":{"0":[1],"1":[1],"2":[8],"3":[8],"4":[1,8],"5":[10,3],"6":[10,7],"7":[3,3],"8":[1,7],"9":[1,6],"10":[0,1],"11":[0,0],"12":[6,0],"13":[1,5],"14":[1,5],"15":[1,5],"16":[1,5]},"_coverageSchema":"1a1c01bbd47fc00a2c39e90264f33305004495a9","hash":"1e2916207753912e0a36b6e032914d408986ce91"}
,"/Users/jasonbelcher/Documents/code/xalpheric-neocities/cli/commands/deploy/drum-machine.js": {"path":"/Users/jasonbelcher/Documents/code/xalpheric-neocities/cli/commands/deploy/drum-machine.js","statementMap":{"0":{"start":{"line":1,"column":39},"end":{"line":1,"column":71}},"1":{"start":{"line":2,"column":24},"end":{"line":2,"column":55}},"2":{"start":{"line":3,"column":15},"end":{"line":3,"column":48}},"3":{"start":{"line":4,"column":11},"end":{"line":4,"column":24}},"4":{"start":{"line":5,"column":13},"end":{"line":5,"column":28}},"5":{"start":{"line":34,"column":6},"end":{"line":34,"column":13}},"6":{"start":{"line":36,"column":2},"end":{"line":36,"column":29}},"7":{"start":{"line":38,"column":2},"end":{"line":45,"column":3}},"8":{"start":{"line":39,"column":4},"end":{"line":39,"column":48}},"9":{"start":{"line":40,"column":4},"end":{"line":40,"column":49}},"10":{"start":{"line":41,"column":4},"end":{"line":41,"column":45}},"11":{"start":{"line":42,"column":4},"end":{"line":42,"column":43}},"12":{"start":{"line":43,"column":4},"end":{"line":43,"column":51}},"13":{"start":{"line":44,"column":4},"end":{"line":44,"column":41}},"14":{"start":{"line":48,"column":2},"end":{"line":50,"column":3}},"15":{"start":{"line":49,"column":4},"end":{"line":49,"column":60}},"16":{"start":{"line":52,"column":2},"end":{"line":54,"column":3}},"17":{"start":{"line":53,"column":4},"end":{"line":53,"column":56}},"18":{"start":{"line":56,"column":2},"end":{"line":58,"column":3}},"19":{"start":{"line":57,"column":4},"end":{"line":57,"column":54}},"20":{"start":{"line":61,"column":18},"end":{"line":61,"column":46}},"21":{"start":{"line":63,"column":2},"end":{"line":65,"column":3}},"22":{"start":{"line":64,"column":4},"end":{"line":64,"column":72}},"23":{"start":{"line":68,"column":2},"end":{"line":75,"column":3}},"24":{"start":{"line":69,"column":26},"end":{"line":69,"column":42}},"25":{"start":{"line":70,"column":4},"end":{"line":70,"column":65}},"26":{"start":{"line":70,"column":41},"end":{"line":70,"column":63}},"27":{"start":{"line":71,"column":21},"end":{"line":71,"column":53}},"28":{"start":{"line":72,"column":4},"end":{"line":74,"column":5}},"29":{"start":{"line":73,"column":6},"end":{"line":73,"column":62}},"30":{"start":{"line":78,"column":24},"end":{"line":78,"column":26}},"31":{"start":{"line":81,"column":2},"end":{"line":85,"column":5}},"32":{"start":{"line":88,"column":2},"end":{"line":92,"column":5}},"33":{"start":{"line":95,"column":2},"end":{"line":102,"column":3}},"34":{"start":{"line":96,"column":25},"end":{"line":96,"column":53}},"35":{"start":{"line":97,"column":4},"end":{"line":101,"column":7}},"36":{"start":{"line":105,"column":18},"end":{"line":105,"column":19}},"37":{"start":{"line":106,"column":2},"end":{"line":110,"column":3}},"38":{"start":{"line":107,"column":4},"end":{"line":109,"column":5}},"39":{"start":{"line":108,"column":6},"end":{"line":108,"column":48}},"40":{"start":{"line":111,"column":22},"end":{"line":111,"column":51}},"41":{"start":{"line":113,"column":2},"end":{"line":141,"column":3}},"42":{"start":{"line":114,"column":4},"end":{"line":114,"column":42}},"43":{"start":{"line":115,"column":4},"end":{"line":115,"column":59}},"44":{"start":{"line":116,"column":4},"end":{"line":116,"column":52}},"45":{"start":{"line":117,"column":4},"end":{"line":117,"column":20}},"46":{"start":{"line":118,"column":4},"end":{"line":118,"column":39}},"47":{"start":{"line":121,"column":23},"end":{"line":128,"column":5}},"48":{"start":{"line":122,"column":38},"end":{"line":122,"column":64}},"49":{"start":{"line":123,"column":37},"end":{"line":123,"column":62}},"50":{"start":{"line":124,"column":36},"end":{"line":124,"column":60}},"51":{"start":{"line":125,"column":38},"end":{"line":125,"column":63}},"52":{"start":{"line":126,"column":41},"end":{"line":126,"column":76}},"53":{"start":{"line":127,"column":39},"end":{"line":127,"column":91}},"54":{"start":{"line":130,"column":4},"end":{"line":140,"column":5}},"55":{"start":{"line":131,"column":6},"end":{"line":139,"column":7}},"56":{"start":{"line":132,"column":8},"end":{"line":132,"column":75}},"57":{"start":{"line":133,"column":8},"end":{"line":138,"column":11}},"58":{"start":{"line":134,"column":23},"end":{"line":136,"column":17}},"59":{"start":{"line":137,"column":10},"end":{"line":137,"column":58}},"60":{"start":{"line":144,"column":2},"end":{"line":152,"column":3}},"61":{"start":{"line":145,"column":4},"end":{"line":145,"column":50}},"62":{"start":{"line":146,"column":4},"end":{"line":146,"column":85}},"63":{"start":{"line":147,"column":4},"end":{"line":151,"column":6}},"64":{"start":{"line":155,"column":2},"end":{"line":155,"column":64}},"65":{"start":{"line":157,"column":18},"end":{"line":163,"column":4}},"66":{"start":{"line":160,"column":21},"end":{"line":160,"column":47}},"67":{"start":{"line":161,"column":6},"end":{"line":161,"column":69}},"68":{"start":{"line":166,"column":19},"end":{"line":166,"column":56}},"69":{"start":{"line":166,"column":39},"end":{"line":166,"column":48}},"70":{"start":{"line":167,"column":17},"end":{"line":167,"column":55}},"71":{"start":{"line":167,"column":37},"end":{"line":167,"column":47}},"72":{"start":{"line":170,"column":2},"end":{"line":172,"column":3}},"73":{"start":{"line":171,"column":4},"end":{"line":171,"column":71}},"74":{"start":{"line":173,"column":2},"end":{"line":180,"column":3}},"75":{"start":{"line":174,"column":4},"end":{"line":174,"column":55}},"76":{"start":{"line":175,"column":4},"end":{"line":179,"column":5}},"77":{"start":{"line":176,"column":6},"end":{"line":178,"column":9}},"78":{"start":{"line":176,"column":26},"end":{"line":176,"column":36}},"79":{"start":{"line":177,"column":8},"end":{"line":177,"column":51}},"80":{"start":{"line":182,"column":2},"end":{"line":187,"column":4}},"81":{"start":{"line":190,"column":0},"end":{"line":190,"column":35}}},"fnMap":{"0":{"name":"deployDrumMachine","decl":{"start":{"line":26,"column":15},"end":{"line":26,"column":32}},"loc":{"start":{"line":26,"column":55},"end":{"line":188,"column":1}},"line":26},"1":{"name":"(anonymous_1)","decl":{"start":{"line":70,"column":33},"end":{"line":70,"column":34}},"loc":{"start":{"line":70,"column":41},"end":{"line":70,"column":63}},"line":70},"2":{"name":"(anonymous_2)","decl":{"start":{"line":122,"column":33},"end":{"line":122,"column":34}},"loc":{"start":{"line":122,"column":38},"end":{"line":122,"column":64}},"line":122},"3":{"name":"(anonymous_3)","decl":{"start":{"line":123,"column":32},"end":{"line":123,"column":33}},"loc":{"start":{"line":123,"column":37},"end":{"line":123,"column":62}},"line":123},"4":{"name":"(anonymous_4)","decl":{"start":{"line":124,"column":31},"end":{"line":124,"column":32}},"loc":{"start":{"line":124,"column":36},"end":{"line":124,"column":60}},"line":124},"5":{"name":"(anonymous_5)","decl":{"start":{"line":125,"column":33},"end":{"line":125,"column":34}},"loc":{"start":{"line":125,"column":38},"end":{"line":125,"column":63}},"line":125},"6":{"name":"(anonymous_6)","decl":{"start":{"line":126,"column":36},"end":{"line":126,"column":37}},"loc":{"start":{"line":126,"column":41},"end":{"line":126,"column":76}},"line":126},"7":{"name":"(anonymous_7)","decl":{"start":{"line":127,"column":34},"end":{"line":127,"column":35}},"loc":{"start":{"line":127,"column":39},"end":{"line":127,"column":91}},"line":127},"8":{"name":"(anonymous_8)","decl":{"start":{"line":133,"column":22},"end":{"line":133,"column":23}},"loc":{"start":{"line":133,"column":27},"end":{"line":138,"column":9}},"line":133},"9":{"name":"(anonymous_9)","decl":{"start":{"line":159,"column":26},"end":{"line":159,"column":27}},"loc":{"start":{"line":159,"column":52},"end":{"line":162,"column":5}},"line":159},"10":{"name":"(anonymous_10)","decl":{"start":{"line":166,"column":34},"end":{"line":166,"column":35}},"loc":{"start":{"line":166,"column":39},"end":{"line":166,"column":48}},"line":166},"11":{"name":"(anonymous_11)","decl":{"start":{"line":167,"column":32},"end":{"line":167,"column":33}},"loc":{"start":{"line":167,"column":37},"end":{"line":167,"column":47}},"line":167},"12":{"name":"(anonymous_12)","decl":{"start":{"line":176,"column":21},"end":{"line":176,"column":22}},"loc":{"start":{"line":176,"column":26},"end":{"line":176,"column":36}},"line":176},"13":{"name":"(anonymous_13)","decl":{"start":{"line":176,"column":46},"end":{"line":176,"column":47}},"loc":{"start":{"line":176,"column":51},"end":{"line":178,"column":7}},"line":176}},"branchMap":{"0":{"loc":{"start":{"line":26,"column":41},"end":{"line":26,"column":53}},"type":"default-arg","locations":[{"start":{"line":26,"column":51},"end":{"line":26,"column":53}}],"line":26},"1":{"loc":{"start":{"line":28,"column":4},"end":{"line":28,"column":36}},"type":"default-arg","locations":[{"start":{"line":28,"column":14},"end":{"line":28,"column":36}}],"line":28},"2":{"loc":{"start":{"line":29,"column":4},"end":{"line":29,"column":41}},"type":"default-arg","locations":[{"start":{"line":29,"column":15},"end":{"line":29,"column":41}}],"line":29},"3":{"loc":{"start":{"line":30,"column":4},"end":{"line":30,"column":43}},"type":"default-arg","locations":[{"start":{"line":30,"column":14},"end":{"line":30,"column":43}}],"line":30},"4":{"loc":{"start":{"line":31,"column":4},"end":{"line":31,"column":23}},"type":"default-arg","locations":[{"start":{"line":31,"column":18},"end":{"line":31,"column":23}}],"line":31},"5":{"loc":{"start":{"line":32,"column":4},"end":{"line":32,"column":18}},"type":"default-arg","locations":[{"start":{"line":32,"column":13},"end":{"line":32,"column":18}}],"line":32},"6":{"loc":{"start":{"line":33,"column":4},"end":{"line":33,"column":19}},"type":"default-arg","locations":[{"start":{"line":33,"column":14},"end":{"line":33,"column":19}}],"line":33},"7":{"loc":{"start":{"line":38,"column":2},"end":{"line":45,"column":3}},"type":"if","locations":[{"start":{"line":38,"column":2},"end":{"line":45,"column":3}},{"start":{},"end":{}}],"line":38},"8":{"loc":{"start":{"line":48,"column":2},"end":{"line":50,"column":3}},"type":"if","locations":[{"start":{"line":48,"column":2},"end":{"line":50,"column":3}},{"start":{},"end":{}}],"line":48},"9":{"loc":{"start":{"line":52,"column":2},"end":{"line":54,"column":3}},"type":"if","locations":[{"start":{"line":52,"column":2},"end":{"line":54,"column":3}},{"start":{},"end":{}}],"line":52},"10":{"loc":{"start":{"line":56,"column":2},"end":{"line":58,"column":3}},"type":"if","locations":[{"start":{"line":56,"column":2},"end":{"line":58,"column":3}},{"start":{},"end":{}}],"line":56},"11":{"loc":{"start":{"line":63,"column":2},"end":{"line":65,"column":3}},"type":"if","locations":[{"start":{"line":63,"column":2},"end":{"line":65,"column":3}},{"start":{},"end":{}}],"line":63},"12":{"loc":{"start":{"line":68,"column":2},"end":{"line":75,"column":3}},"type":"if","locations":[{"start":{"line":68,"column":2},"end":{"line":75,"column":3}},{"start":{},"end":{}}],"line":68},"13":{"loc":{"start":{"line":72,"column":4},"end":{"line":74,"column":5}},"type":"if","locations":[{"start":{"line":72,"column":4},"end":{"line":74,"column":5}},{"start":{},"end":{}}],"line":72},"14":{"loc":{"start":{"line":72,"column":8},"end":{"line":72,"column":31}},"type":"binary-expr","locations":[{"start":{"line":72,"column":8},"end":{"line":72,"column":20}},{"start":{"line":72,"column":24},"end":{"line":72,"column":31}}],"line":72},"15":{"loc":{"start":{"line":107,"column":4},"end":{"line":109,"column":5}},"type":"if","locations":[{"start":{"line":107,"column":4},"end":{"line":109,"column":5}},{"start":{},"end":{}}],"line":107},"16":{"loc":{"start":{"line":113,"column":2},"end":{"line":141,"column":3}},"type":"if","locations":[{"start":{"line":113,"column":2},"end":{"line":141,"column":3}},{"start":{},"end":{}}],"line":113},"17":{"loc":{"start":{"line":131,"column":6},"end":{"line":139,"column":7}},"type":"if","locations":[{"start":{"line":131,"column":6},"end":{"line":139,"column":7}},{"start":{},"end":{}}],"line":131},"18":{"loc":{"start":{"line":134,"column":23},"end":{"line":136,"column":17}},"type":"cond-expr","locations":[{"start":{"line":135,"column":14},"end":{"line":135,"column":59}},{"start":{"line":136,"column":14},"end":{"line":136,"column":17}}],"line":134},"19":{"loc":{"start":{"line":144,"column":2},"end":{"line":152,"column":3}},"type":"if","locations":[{"start":{"line":144,"column":2},"end":{"line":152,"column":3}},{"start":{},"end":{}}],"line":144},"20":{"loc":{"start":{"line":159,"column":16},"end":{"line":162,"column":17}},"type":"cond-expr","locations":[{"start":{"line":159,"column":26},"end":{"line":162,"column":5}},{"start":{"line":162,"column":8},"end":{"line":162,"column":17}}],"line":159},"21":{"loc":{"start":{"line":160,"column":21},"end":{"line":160,"column":47}},"type":"cond-expr","locations":[{"start":{"line":160,"column":38},"end":{"line":160,"column":41}},{"start":{"line":160,"column":44},"end":{"line":160,"column":47}}],"line":160},"22":{"loc":{"start":{"line":170,"column":2},"end":{"line":172,"column":3}},"type":"if","locations":[{"start":{"line":170,"column":2},"end":{"line":172,"column":3}},{"start":{},"end":{}}],"line":170},"23":{"loc":{"start":{"line":173,"column":2},"end":{"line":180,"column":3}},"type":"if","locations":[{"start":{"line":173,"column":2},"end":{"line":180,"column":3}},{"start":{},"end":{}}],"line":173},"24":{"loc":{"start":{"line":175,"column":4},"end":{"line":179,"column":5}},"type":"if","locations":[{"start":{"line":175,"column":4},"end":{"line":179,"column":5}},{"start":{},"end":{}}],"line":175}},"s":{"0":1,"1":1,"2":1,"3":1,"4":1,"5":10,"6":10,"7":10,"8":0,"9":0,"10":0,"11":0,"12":0,"13":0,"14":10,"15":1,"16":9,"17":1,"18":8,"19":0,"20":8,"21":8,"22":0,"23":8,"24":7,"25":7,"26":10,"27":7,"28":7,"29":0,"30":8,"31":8,"32":8,"33":8,"34":11,"35":11,"36":8,"37":8,"38":27,"39":27,"40":8,"41":8,"42":0,"43":0,"44":0,"45":0,"46":0,"47":0,"48":0,"49":0,"50":0,"51":0,"52":0,"53":0,"54":0,"55":0,"56":0,"57":0,"58":0,"59":0,"60":8,"61":1,"62":1,"63":1,"64":7,"65":7,"66":0,"67":0,"68":7,"69":24,"70":7,"71":24,"72":7,"73":7,"74":7,"75":1,"76":1,"77":0,"78":0,"79":0,"80":7,"81":1},"f":{"0":10,"1":10,"2":0,"3":0,"4":0,"5":0,"6":0,"7":0,"8":0,"9":0,"10":24,"11":24,"12":0,"13":0},"b":{"0":[1],"1":[1],"2":[1],"3":[1],"4":[9],"5":[9],"6":[10],"7":[0,10],"8":[1,9],"9":[1,8],"10":[0,8],"11":[0,8],"12":[7,1],"13":[0,7],"14":[7,1],"15":[27,0],"16":[0,8],"17":[0,0],"18":[0,0],"19":[1,7],"20":[0,7],"21":[0,0],"22":[7,0],"23":[1,6],"24":[0,1]},"_coverageSchema":"1a1c01bbd47fc00a2c39e90264f33305004495a9","hash":"756ba984f0b6216914afb612b78ea8da2e2d6792"}
,"/Users/jasonbelcher/Documents/code/xalpheric-neocities/cli/commands/deploy/music.js": {"path":"/Users/jasonbelcher/Documents/code/xalpheric-neocities/cli/commands/deploy/music.js","statementMap":{"0":{"start":{"line":1,"column":13},"end":{"line":1,"column":28}},"1":{"start":{"line":2,"column":27},"end":{"line":2,"column":60}},"2":{"start":{"line":3,"column":39},"end":{"line":3,"column":71}},"3":{"start":{"line":4,"column":41},"end":{"line":4,"column":70}},"4":{"start":{"line":5,"column":24},"end":{"line":5,"column":55}},"5":{"start":{"line":6,"column":24},"end":{"line":6,"column":55}},"6":{"start":{"line":7,"column":15},"end":{"line":7,"column":48}},"7":{"start":{"line":29,"column":6},"end":{"line":29,"column":13}},"8":{"start":{"line":31,"column":2},"end":{"line":31,"column":29}},"9":{"start":{"line":32,"column":2},"end":{"line":32,"column":57}},"10":{"start":{"line":35,"column":2},"end":{"line":35,"column":57}},"11":{"start":{"line":36,"column":17},"end":{"line":36,"column":43}},"12":{"start":{"line":38,"column":2},"end":{"line":40,"column":3}},"13":{"start":{"line":39,"column":4},"end":{"line":39,"column":84}},"14":{"start":{"line":42,"column":31},"end":{"line":45,"column":4}},"15":{"start":{"line":43,"column":22},"end":{"line":43,"column":35}},"16":{"start":{"line":44,"column":4},"end":{"line":44,"column":36}},"17":{"start":{"line":47,"column":2},"end":{"line":47,"column":86}},"18":{"start":{"line":50,"column":2},"end":{"line":50,"column":57}},"19":{"start":{"line":51,"column":24},"end":{"line":51,"column":53}},"20":{"start":{"line":52,"column":26},"end":{"line":54,"column":4}},"21":{"start":{"line":56,"column":25},"end":{"line":56,"column":67}},"22":{"start":{"line":56,"column":50},"end":{"line":56,"column":66}},"23":{"start":{"line":57,"column":2},"end":{"line":57,"column":79}},"24":{"start":{"line":60,"column":24},"end":{"line":62,"column":3}},"25":{"start":{"line":61,"column":4},"end":{"line":61,"column":40}},"26":{"start":{"line":64,"column":2},"end":{"line":67,"column":3}},"27":{"start":{"line":65,"column":4},"end":{"line":65,"column":89}},"28":{"start":{"line":66,"column":4},"end":{"line":66,"column":63}},"29":{"start":{"line":66,"column":34},"end":{"line":66,"column":61}},"30":{"start":{"line":70,"column":23},"end":{"line":72,"column":3}},"31":{"start":{"line":71,"column":4},"end":{"line":71,"column":34}},"32":{"start":{"line":74,"column":2},"end":{"line":78,"column":3}},"33":{"start":{"line":75,"column":4},"end":{"line":75,"column":73}},"34":{"start":{"line":76,"column":4},"end":{"line":76,"column":63}},"35":{"start":{"line":76,"column":33},"end":{"line":76,"column":61}},"36":{"start":{"line":77,"column":4},"end":{"line":77,"column":103}},"37":{"start":{"line":81,"column":2},"end":{"line":81,"column":53}},"38":{"start":{"line":82,"column":25},"end":{"line":82,"column":48}},"39":{"start":{"line":83,"column":27},"end":{"line":87,"column":4}},"40":{"start":{"line":89,"column":26},"end":{"line":89,"column":74}},"41":{"start":{"line":89,"column":52},"end":{"line":89,"column":73}},"42":{"start":{"line":90,"column":2},"end":{"line":90,"column":86}},"43":{"start":{"line":93,"column":24},"end":{"line":93,"column":26}},"44":{"start":{"line":94,"column":21},"end":{"line":94,"column":22}},"45":{"start":{"line":96,"column":2},"end":{"line":114,"column":3}},"46":{"start":{"line":97,"column":22},"end":{"line":97,"column":80}},"47":{"start":{"line":97,"column":48},"end":{"line":97,"column":79}},"48":{"start":{"line":99,"column":4},"end":{"line":101,"column":5}},"49":{"start":{"line":100,"column":6},"end":{"line":100,"column":15}},"50":{"start":{"line":103,"column":25},"end":{"line":103,"column":61}},"51":{"start":{"line":105,"column":4},"end":{"line":113,"column":5}},"52":{"start":{"line":106,"column":6},"end":{"line":109,"column":9}},"53":{"start":{"line":111,"column":6},"end":{"line":111,"column":21}},"54":{"start":{"line":112,"column":6},"end":{"line":112,"column":77}},"55":{"start":{"line":116,"column":2},"end":{"line":118,"column":3}},"56":{"start":{"line":117,"column":4},"end":{"line":117,"column":97}},"57":{"start":{"line":121,"column":25},"end":{"line":123,"column":21}},"58":{"start":{"line":122,"column":17},"end":{"line":122,"column":70}},"59":{"start":{"line":123,"column":14},"end":{"line":123,"column":20}},"60":{"start":{"line":125,"column":2},"end":{"line":128,"column":3}},"61":{"start":{"line":126,"column":4},"end":{"line":126,"column":91}},"62":{"start":{"line":127,"column":4},"end":{"line":127,"column":64}},"63":{"start":{"line":127,"column":35},"end":{"line":127,"column":62}},"64":{"start":{"line":131,"column":2},"end":{"line":147,"column":3}},"65":{"start":{"line":132,"column":4},"end":{"line":132,"column":66}},"66":{"start":{"line":133,"column":4},"end":{"line":133,"column":66}},"67":{"start":{"line":134,"column":4},"end":{"line":134,"column":56}},"68":{"start":{"line":135,"column":4},"end":{"line":137,"column":5}},"69":{"start":{"line":136,"column":6},"end":{"line":136,"column":78}},"70":{"start":{"line":139,"column":4},"end":{"line":146,"column":6}},"71":{"start":{"line":150,"column":22},"end":{"line":150,"column":23}},"72":{"start":{"line":151,"column":20},"end":{"line":151,"column":21}},"73":{"start":{"line":153,"column":2},"end":{"line":176,"column":3}},"74":{"start":{"line":154,"column":4},"end":{"line":154,"column":80}},"75":{"start":{"line":156,"column":20},"end":{"line":163,"column":6}},"76":{"start":{"line":161,"column":8},"end":{"line":161,"column":75}},"77":{"start":{"line":165,"column":4},"end":{"line":165,"column":58}},"78":{"start":{"line":165,"column":40},"end":{"line":165,"column":49}},"79":{"start":{"line":166,"column":4},"end":{"line":166,"column":57}},"80":{"start":{"line":166,"column":38},"end":{"line":166,"column":48}},"81":{"start":{"line":168,"column":4},"end":{"line":170,"column":5}},"82":{"start":{"line":169,"column":6},"end":{"line":169,"column":71}},"83":{"start":{"line":171,"column":4},"end":{"line":173,"column":5}},"84":{"start":{"line":172,"column":6},"end":{"line":172,"column":62}},"85":{"start":{"line":175,"column":4},"end":{"line":175,"column":53}},"86":{"start":{"line":179,"column":21},"end":{"line":179,"column":22}},"87":{"start":{"line":181,"column":2},"end":{"line":197,"column":3}},"88":{"start":{"line":182,"column":4},"end":{"line":182,"column":93}},"89":{"start":{"line":184,"column":26},"end":{"line":189,"column":6}},"90":{"start":{"line":187,"column":8},"end":{"line":187,"column":92}},"91":{"start":{"line":191,"column":30},"end":{"line":191,"column":66}},"92":{"start":{"line":191,"column":56},"end":{"line":191,"column":65}},"93":{"start":{"line":192,"column":4},"end":{"line":192,"column":82}},"94":{"start":{"line":192,"column":60},"end":{"line":192,"column":77}},"95":{"start":{"line":194,"column":4},"end":{"line":196,"column":5}},"96":{"start":{"line":195,"column":6},"end":{"line":195,"column":78}},"97":{"start":{"line":200,"column":2},"end":{"line":200,"column":50}},"98":{"start":{"line":201,"column":2},"end":{"line":201,"column":49}},"99":{"start":{"line":202,"column":2},"end":{"line":204,"column":3}},"100":{"start":{"line":203,"column":4},"end":{"line":203,"column":48}},"101":{"start":{"line":205,"column":2},"end":{"line":205,"column":49}},"102":{"start":{"line":206,"column":2},"end":{"line":208,"column":3}},"103":{"start":{"line":207,"column":4},"end":{"line":207,"column":52}},"104":{"start":{"line":209,"column":2},"end":{"line":209,"column":67}},"105":{"start":{"line":211,"column":2},"end":{"line":213,"column":3}},"106":{"start":{"line":212,"column":4},"end":{"line":212,"column":66}},"107":{"start":{"line":214,"column":2},"end":{"line":216,"column":3}},"108":{"start":{"line":215,"column":4},"end":{"line":215,"column":82}},"109":{"start":{"line":218,"column":2},"end":{"line":218,"column":62}},"110":{"start":{"line":220,"column":2},"end":{"line":228,"column":4}},"111":{"start":{"line":231,"column":0},"end":{"line":231,"column":29}}},"fnMap":{"0":{"name":"deployMusic","decl":{"start":{"line":21,"column":15},"end":{"line":21,"column":26}},"loc":{"start":{"line":21,"column":49},"end":{"line":229,"column":1}},"line":21},"1":{"name":"(anonymous_1)","decl":{"start":{"line":42,"column":51},"end":{"line":42,"column":52}},"loc":{"start":{"line":42,"column":62},"end":{"line":45,"column":3}},"line":42},"2":{"name":"(anonymous_2)","decl":{"start":{"line":56,"column":45},"end":{"line":56,"column":46}},"loc":{"start":{"line":56,"column":50},"end":{"line":56,"column":66}},"line":56},"3":{"name":"(anonymous_3)","decl":{"start":{"line":60,"column":46},"end":{"line":60,"column":47}},"loc":{"start":{"line":61,"column":4},"end":{"line":61,"column":40}},"line":61},"4":{"name":"(anonymous_4)","decl":{"start":{"line":66,"column":26},"end":{"line":66,"column":27}},"loc":{"start":{"line":66,"column":34},"end":{"line":66,"column":61}},"line":66},"5":{"name":"(anonymous_5)","decl":{"start":{"line":70,"column":51},"end":{"line":70,"column":52}},"loc":{"start":{"line":71,"column":4},"end":{"line":71,"column":34}},"line":71},"6":{"name":"(anonymous_6)","decl":{"start":{"line":76,"column":25},"end":{"line":76,"column":26}},"loc":{"start":{"line":76,"column":33},"end":{"line":76,"column":61}},"line":76},"7":{"name":"(anonymous_7)","decl":{"start":{"line":89,"column":47},"end":{"line":89,"column":48}},"loc":{"start":{"line":89,"column":52},"end":{"line":89,"column":73}},"line":89},"8":{"name":"(anonymous_8)","decl":{"start":{"line":97,"column":43},"end":{"line":97,"column":44}},"loc":{"start":{"line":97,"column":48},"end":{"line":97,"column":79}},"line":97},"9":{"name":"(anonymous_9)","decl":{"start":{"line":122,"column":12},"end":{"line":122,"column":13}},"loc":{"start":{"line":122,"column":17},"end":{"line":122,"column":70}},"line":122},"10":{"name":"(anonymous_10)","decl":{"start":{"line":123,"column":9},"end":{"line":123,"column":10}},"loc":{"start":{"line":123,"column":14},"end":{"line":123,"column":20}},"line":123},"11":{"name":"(anonymous_11)","decl":{"start":{"line":127,"column":27},"end":{"line":127,"column":28}},"loc":{"start":{"line":127,"column":35},"end":{"line":127,"column":62}},"line":127},"12":{"name":"(anonymous_12)","decl":{"start":{"line":160,"column":18},"end":{"line":160,"column":19}},"loc":{"start":{"line":160,"column":30},"end":{"line":162,"column":7}},"line":160},"13":{"name":"(anonymous_13)","decl":{"start":{"line":165,"column":35},"end":{"line":165,"column":36}},"loc":{"start":{"line":165,"column":40},"end":{"line":165,"column":49}},"line":165},"14":{"name":"(anonymous_14)","decl":{"start":{"line":166,"column":33},"end":{"line":166,"column":34}},"loc":{"start":{"line":166,"column":38},"end":{"line":166,"column":48}},"line":166},"15":{"name":"(anonymous_15)","decl":{"start":{"line":186,"column":18},"end":{"line":186,"column":19}},"loc":{"start":{"line":186,"column":30},"end":{"line":188,"column":7}},"line":186},"16":{"name":"(anonymous_16)","decl":{"start":{"line":191,"column":51},"end":{"line":191,"column":52}},"loc":{"start":{"line":191,"column":56},"end":{"line":191,"column":65}},"line":191},"17":{"name":"(anonymous_17)","decl":{"start":{"line":192,"column":44},"end":{"line":192,"column":45}},"loc":{"start":{"line":192,"column":60},"end":{"line":192,"column":77}},"line":192}},"branchMap":{"0":{"loc":{"start":{"line":21,"column":35},"end":{"line":21,"column":47}},"type":"default-arg","locations":[{"start":{"line":21,"column":45},"end":{"line":21,"column":47}}],"line":21},"1":{"loc":{"start":{"line":25,"column":4},"end":{"line":25,"column":17}},"type":"default-arg","locations":[{"start":{"line":25,"column":12},"end":{"line":25,"column":17}}],"line":25},"2":{"loc":{"start":{"line":26,"column":4},"end":{"line":26,"column":25}},"type":"default-arg","locations":[{"start":{"line":26,"column":20},"end":{"line":26,"column":25}}],"line":26},"3":{"loc":{"start":{"line":27,"column":4},"end":{"line":27,"column":18}},"type":"default-arg","locations":[{"start":{"line":27,"column":13},"end":{"line":27,"column":18}}],"line":27},"4":{"loc":{"start":{"line":28,"column":4},"end":{"line":28,"column":19}},"type":"default-arg","locations":[{"start":{"line":28,"column":14},"end":{"line":28,"column":19}}],"line":28},"5":{"loc":{"start":{"line":38,"column":2},"end":{"line":40,"column":3}},"type":"if","locations":[{"start":{"line":38,"column":2},"end":{"line":40,"column":3}},{"start":{},"end":{}}],"line":38},"6":{"loc":{"start":{"line":38,"column":6},"end":{"line":38,"column":57}},"type":"binary-expr","locations":[{"start":{"line":38,"column":6},"end":{"line":38,"column":22}},{"start":{"line":38,"column":26},"end":{"line":38,"column":57}}],"line":38},"7":{"loc":{"start":{"line":64,"column":2},"end":{"line":67,"column":3}},"type":"if","locations":[{"start":{"line":64,"column":2},"end":{"line":67,"column":3}},{"start":{},"end":{}}],"line":64},"8":{"loc":{"start":{"line":74,"column":2},"end":{"line":78,"column":3}},"type":"if","locations":[{"start":{"line":74,"column":2},"end":{"line":78,"column":3}},{"start":{},"end":{}}],"line":74},"9":{"loc":{"start":{"line":99,"column":4},"end":{"line":101,"column":5}},"type":"if","locations":[{"start":{"line":99,"column":4},"end":{"line":101,"column":5}},{"start":{},"end":{}}],"line":99},"10":{"loc":{"start":{"line":105,"column":4},"end":{"line":113,"column":5}},"type":"if","locations":[{"start":{"line":105,"column":4},"end":{"line":113,"column":5}},{"start":{"line":110,"column":11},"end":{"line":113,"column":5}}],"line":105},"11":{"loc":{"start":{"line":105,"column":8},"end":{"line":105,"column":30}},"type":"binary-expr","locations":[{"start":{"line":105,"column":8},"end":{"line":105,"column":13}},{"start":{"line":105,"column":17},"end":{"line":105,"column":30}}],"line":105},"12":{"loc":{"start":{"line":116,"column":2},"end":{"line":118,"column":3}},"type":"if","locations":[{"start":{"line":116,"column":2},"end":{"line":118,"column":3}},{"start":{},"end":{}}],"line":116},"13":{"loc":{"start":{"line":116,"column":6},"end":{"line":116,"column":39}},"type":"binary-expr","locations":[{"start":{"line":116,"column":6},"end":{"line":116,"column":11}},{"start":{"line":116,"column":15},"end":{"line":116,"column":39}}],"line":116},"14":{"loc":{"start":{"line":125,"column":2},"end":{"line":128,"column":3}},"type":"if","locations":[{"start":{"line":125,"column":2},"end":{"line":128,"column":3}},{"start":{},"end":{}}],"line":125},"15":{"loc":{"start":{"line":131,"column":2},"end":{"line":147,"column":3}},"type":"if","locations":[{"start":{"line":131,"column":2},"end":{"line":147,"column":3}},{"start":{},"end":{}}],"line":131},"16":{"loc":{"start":{"line":135,"column":4},"end":{"line":137,"column":5}},"type":"if","locations":[{"start":{"line":135,"column":4},"end":{"line":137,"column":5}},{"start":{},"end":{}}],"line":135},"17":{"loc":{"start":{"line":135,"column":8},"end":{"line":135,"column":50}},"type":"binary-expr","locations":[{"start":{"line":135,"column":8},"end":{"line":135,"column":21}},{"start":{"line":135,"column":25},"end":{"line":135,"column":50}}],"line":135},"18":{"loc":{"start":{"line":143,"column":19},"end":{"line":143,"column":60}},"type":"cond-expr","locations":[{"start":{"line":143,"column":35},"end":{"line":143,"column":56}},{"start":{"line":143,"column":59},"end":{"line":143,"column":60}}],"line":143},"19":{"loc":{"start":{"line":153,"column":2},"end":{"line":176,"column":3}},"type":"if","locations":[{"start":{"line":153,"column":2},"end":{"line":176,"column":3}},{"start":{"line":174,"column":9},"end":{"line":176,"column":3}}],"line":153},"20":{"loc":{"start":{"line":168,"column":4},"end":{"line":170,"column":5}},"type":"if","locations":[{"start":{"line":168,"column":4},"end":{"line":170,"column":5}},{"start":{},"end":{}}],"line":168},"21":{"loc":{"start":{"line":171,"column":4},"end":{"line":173,"column":5}},"type":"if","locations":[{"start":{"line":171,"column":4},"end":{"line":173,"column":5}},{"start":{},"end":{}}],"line":171},"22":{"loc":{"start":{"line":181,"column":2},"end":{"line":197,"column":3}},"type":"if","locations":[{"start":{"line":181,"column":2},"end":{"line":197,"column":3}},{"start":{},"end":{}}],"line":181},"23":{"loc":{"start":{"line":181,"column":6},"end":{"line":181,"column":48}},"type":"binary-expr","locations":[{"start":{"line":181,"column":6},"end":{"line":181,"column":19}},{"start":{"line":181,"column":23},"end":{"line":181,"column":48}}],"line":181},"24":{"loc":{"start":{"line":194,"column":4},"end":{"line":196,"column":5}},"type":"if","locations":[{"start":{"line":194,"column":4},"end":{"line":196,"column":5}},{"start":{},"end":{}}],"line":194},"25":{"loc":{"start":{"line":202,"column":2},"end":{"line":204,"column":3}},"type":"if","locations":[{"start":{"line":202,"column":2},"end":{"line":204,"column":3}},{"start":{},"end":{}}],"line":202},"26":{"loc":{"start":{"line":206,"column":2},"end":{"line":208,"column":3}},"type":"if","locations":[{"start":{"line":206,"column":2},"end":{"line":208,"column":3}},{"start":{},"end":{}}],"line":206},"27":{"loc":{"start":{"line":211,"column":2},"end":{"line":213,"column":3}},"type":"if","locations":[{"start":{"line":211,"column":2},"end":{"line":213,"column":3}},{"start":{},"end":{}}],"line":211},"28":{"loc":{"start":{"line":214,"column":2},"end":{"line":216,"column":3}},"type":"if","locations":[{"start":{"line":214,"column":2},"end":{"line":216,"column":3}},{"start":{},"end":{}}],"line":214},"29":{"loc":{"start":{"line":214,"column":6},"end":{"line":214,"column":49}},"type":"binary-expr","locations":[{"start":{"line":214,"column":6},"end":{"line":214,"column":20}},{"start":{"line":214,"column":24},"end":{"line":214,"column":49}}],"line":214}},"s":{"0":1,"1":1,"2":1,"3":1,"4":1,"5":1,"6":1,"7":10,"8":10,"9":10,"10":10,"11":10,"12":9,"13":0,"14":9,"15":18,"16":18,"17":9,"18":9,"19":9,"20":9,"21":9,"22":18,"23":9,"24":9,"25":18,"26":9,"27":1,"28":1,"29":1,"30":9,"31":18,"32":9,"33":1,"34":1,"35":1,"36":1,"37":8,"38":8,"39":8,"40":8,"41":5,"42":8,"43":8,"44":8,"45":8,"46":16,"47":24,"48":16,"49":0,"50":16,"51":16,"52":14,"53":2,"54":2,"55":8,"56":1,"57":8,"58":5,"59":2,"60":8,"61":2,"62":2,"63":2,"64":8,"65":1,"66":1,"67":1,"68":1,"69":0,"70":1,"71":7,"72":7,"73":7,"74":7,"75":7,"76":0,"77":7,"78":12,"79":7,"80":12,"81":7,"82":7,"83":7,"84":1,"85":0,"86":7,"87":7,"88":1,"89":1,"90":0,"91":1,"92":1,"93":1,"94":1,"95":1,"96":1,"97":7,"98":7,"99":7,"100":1,"101":7,"102":7,"103":1,"104":7,"105":7,"106":1,"107":7,"108":1,"109":7,"110":7,"111":1},"f":{"0":10,"1":18,"2":18,"3":18,"4":1,"5":18,"6":1,"7":5,"8":24,"9":5,"10":2,"11":2,"12":0,"13":12,"14":12,"15":0,"16":1,"17":1},"b":{"0":[0],"1":[9],"2":[9],"3":[9],"4":[10],"5":[0,9],"6":[9,9],"7":[1,8],"8":[1,8],"9":[0,16],"10":[14,2],"11":[16,14],"12":[1,7],"13":[8,1],"14":[2,6],"15":[1,7],"16":[0,1],"17":[1,0],"18":[0,1],"19":[7,0],"20":[7,0],"21":[1,6],"22":[1,6],"23":[7,1],"24":[1,0],"25":[1,6],"26":[1,6],"27":[1,6],"28":[1,6],"29":[7,6]},"_coverageSchema":"1a1c01bbd47fc00a2c39e90264f33305004495a9","hash":"371b3e9ae06ff26f91aa751c27532f217a871bab"}
,"/Users/jasonbelcher/Documents/code/xalpheric-neocities/cli/commands/deploy/musings.js": {"path":"/Users/jasonbelcher/Documents/code/xalpheric-neocities/cli/commands/deploy/musings.js","statementMap":{"0":{"start":{"line":1,"column":13},"end":{"line":1,"column":28}},"1":{"start":{"line":2,"column":56},"end":{"line":2,"column":88}},"2":{"start":{"line":3,"column":41},"end":{"line":3,"column":70}},"3":{"start":{"line":4,"column":24},"end":{"line":4,"column":55}},"4":{"start":{"line":5,"column":24},"end":{"line":5,"column":55}},"5":{"start":{"line":6,"column":15},"end":{"line":6,"column":48}},"6":{"start":{"line":26,"column":6},"end":{"line":26,"column":13}},"7":{"start":{"line":28,"column":2},"end":{"line":28,"column":29}},"8":{"start":{"line":29,"column":2},"end":{"line":29,"column":59}},"9":{"start":{"line":32,"column":2},"end":{"line":32,"column":59}},"10":{"start":{"line":33,"column":24},"end":{"line":33,"column":55}},"11":{"start":{"line":34,"column":25},"end":{"line":36,"column":4}},"12":{"start":{"line":38,"column":2},"end":{"line":38,"column":78}},"13":{"start":{"line":40,"column":2},"end":{"line":51,"column":3}},"14":{"start":{"line":41,"column":4},"end":{"line":41,"column":64}},"15":{"start":{"line":42,"column":4},"end":{"line":42,"column":81}},"16":{"start":{"line":44,"column":4},"end":{"line":50,"column":6}},"17":{"start":{"line":54,"column":2},"end":{"line":54,"column":53}},"18":{"start":{"line":55,"column":25},"end":{"line":55,"column":48}},"19":{"start":{"line":56,"column":29},"end":{"line":60,"column":4}},"20":{"start":{"line":62,"column":26},"end":{"line":62,"column":76}},"21":{"start":{"line":62,"column":54},"end":{"line":62,"column":75}},"22":{"start":{"line":63,"column":2},"end":{"line":63,"column":84}},"23":{"start":{"line":66,"column":24},"end":{"line":66,"column":26}},"24":{"start":{"line":67,"column":21},"end":{"line":67,"column":22}},"25":{"start":{"line":70,"column":18},"end":{"line":70,"column":42}},"26":{"start":{"line":72,"column":2},"end":{"line":88,"column":3}},"27":{"start":{"line":73,"column":21},"end":{"line":73,"column":45}},"28":{"start":{"line":74,"column":25},"end":{"line":74,"column":59}},"29":{"start":{"line":76,"column":4},"end":{"line":87,"column":5}},"30":{"start":{"line":78,"column":27},"end":{"line":78,"column":62}},"31":{"start":{"line":80,"column":6},"end":{"line":83,"column":9}},"32":{"start":{"line":85,"column":6},"end":{"line":85,"column":21}},"33":{"start":{"line":86,"column":6},"end":{"line":86,"column":75}},"34":{"start":{"line":90,"column":2},"end":{"line":92,"column":3}},"35":{"start":{"line":91,"column":4},"end":{"line":91,"column":86}},"36":{"start":{"line":95,"column":25},"end":{"line":95,"column":66}},"37":{"start":{"line":95,"column":49},"end":{"line":95,"column":65}},"38":{"start":{"line":96,"column":25},"end":{"line":98,"column":21}},"39":{"start":{"line":97,"column":17},"end":{"line":97,"column":64}},"40":{"start":{"line":98,"column":14},"end":{"line":98,"column":20}},"41":{"start":{"line":100,"column":2},"end":{"line":103,"column":3}},"42":{"start":{"line":101,"column":4},"end":{"line":101,"column":77}},"43":{"start":{"line":102,"column":4},"end":{"line":102,"column":64}},"44":{"start":{"line":102,"column":35},"end":{"line":102,"column":62}},"45":{"start":{"line":106,"column":2},"end":{"line":121,"column":3}},"46":{"start":{"line":107,"column":4},"end":{"line":107,"column":66}},"47":{"start":{"line":108,"column":4},"end":{"line":108,"column":66}},"48":{"start":{"line":109,"column":4},"end":{"line":109,"column":56}},"49":{"start":{"line":110,"column":4},"end":{"line":112,"column":5}},"50":{"start":{"line":111,"column":6},"end":{"line":111,"column":78}},"51":{"start":{"line":114,"column":4},"end":{"line":120,"column":6}},"52":{"start":{"line":124,"column":22},"end":{"line":124,"column":23}},"53":{"start":{"line":125,"column":20},"end":{"line":125,"column":21}},"54":{"start":{"line":127,"column":2},"end":{"line":150,"column":3}},"55":{"start":{"line":128,"column":4},"end":{"line":128,"column":82}},"56":{"start":{"line":130,"column":20},"end":{"line":137,"column":6}},"57":{"start":{"line":135,"column":8},"end":{"line":135,"column":75}},"58":{"start":{"line":139,"column":4},"end":{"line":139,"column":58}},"59":{"start":{"line":139,"column":40},"end":{"line":139,"column":49}},"60":{"start":{"line":140,"column":4},"end":{"line":140,"column":57}},"61":{"start":{"line":140,"column":38},"end":{"line":140,"column":48}},"62":{"start":{"line":142,"column":4},"end":{"line":144,"column":5}},"63":{"start":{"line":143,"column":6},"end":{"line":143,"column":71}},"64":{"start":{"line":145,"column":4},"end":{"line":147,"column":5}},"65":{"start":{"line":146,"column":6},"end":{"line":146,"column":62}},"66":{"start":{"line":149,"column":4},"end":{"line":149,"column":53}},"67":{"start":{"line":153,"column":21},"end":{"line":153,"column":22}},"68":{"start":{"line":155,"column":2},"end":{"line":171,"column":3}},"69":{"start":{"line":156,"column":4},"end":{"line":156,"column":93}},"70":{"start":{"line":158,"column":26},"end":{"line":163,"column":6}},"71":{"start":{"line":161,"column":8},"end":{"line":161,"column":92}},"72":{"start":{"line":165,"column":30},"end":{"line":165,"column":66}},"73":{"start":{"line":165,"column":56},"end":{"line":165,"column":65}},"74":{"start":{"line":166,"column":4},"end":{"line":166,"column":82}},"75":{"start":{"line":166,"column":60},"end":{"line":166,"column":77}},"76":{"start":{"line":168,"column":4},"end":{"line":170,"column":5}},"77":{"start":{"line":169,"column":6},"end":{"line":169,"column":78}},"78":{"start":{"line":174,"column":2},"end":{"line":174,"column":50}},"79":{"start":{"line":175,"column":2},"end":{"line":175,"column":49}},"80":{"start":{"line":176,"column":2},"end":{"line":178,"column":3}},"81":{"start":{"line":177,"column":4},"end":{"line":177,"column":48}},"82":{"start":{"line":179,"column":2},"end":{"line":179,"column":49}},"83":{"start":{"line":180,"column":2},"end":{"line":182,"column":3}},"84":{"start":{"line":181,"column":4},"end":{"line":181,"column":52}},"85":{"start":{"line":183,"column":2},"end":{"line":183,"column":67}},"86":{"start":{"line":185,"column":2},"end":{"line":187,"column":3}},"87":{"start":{"line":186,"column":4},"end":{"line":186,"column":82}},"88":{"start":{"line":189,"column":2},"end":{"line":189,"column":64}},"89":{"start":{"line":191,"column":2},"end":{"line":198,"column":4}},"90":{"start":{"line":201,"column":0},"end":{"line":201,"column":31}}},"fnMap":{"0":{"name":"deployMusings","decl":{"start":{"line":19,"column":15},"end":{"line":19,"column":28}},"loc":{"start":{"line":19,"column":51},"end":{"line":199,"column":1}},"line":19},"1":{"name":"(anonymous_1)","decl":{"start":{"line":62,"column":49},"end":{"line":62,"column":50}},"loc":{"start":{"line":62,"column":54},"end":{"line":62,"column":75}},"line":62},"2":{"name":"(anonymous_2)","decl":{"start":{"line":95,"column":44},"end":{"line":95,"column":45}},"loc":{"start":{"line":95,"column":49},"end":{"line":95,"column":65}},"line":95},"3":{"name":"(anonymous_3)","decl":{"start":{"line":97,"column":12},"end":{"line":97,"column":13}},"loc":{"start":{"line":97,"column":17},"end":{"line":97,"column":64}},"line":97},"4":{"name":"(anonymous_4)","decl":{"start":{"line":98,"column":9},"end":{"line":98,"column":10}},"loc":{"start":{"line":98,"column":14},"end":{"line":98,"column":20}},"line":98},"5":{"name":"(anonymous_5)","decl":{"start":{"line":102,"column":27},"end":{"line":102,"column":28}},"loc":{"start":{"line":102,"column":35},"end":{"line":102,"column":62}},"line":102},"6":{"name":"(anonymous_6)","decl":{"start":{"line":134,"column":18},"end":{"line":134,"column":19}},"loc":{"start":{"line":134,"column":30},"end":{"line":136,"column":7}},"line":134},"7":{"name":"(anonymous_7)","decl":{"start":{"line":139,"column":35},"end":{"line":139,"column":36}},"loc":{"start":{"line":139,"column":40},"end":{"line":139,"column":49}},"line":139},"8":{"name":"(anonymous_8)","decl":{"start":{"line":140,"column":33},"end":{"line":140,"column":34}},"loc":{"start":{"line":140,"column":38},"end":{"line":140,"column":48}},"line":140},"9":{"name":"(anonymous_9)","decl":{"start":{"line":160,"column":18},"end":{"line":160,"column":19}},"loc":{"start":{"line":160,"column":30},"end":{"line":162,"column":7}},"line":160},"10":{"name":"(anonymous_10)","decl":{"start":{"line":165,"column":51},"end":{"line":165,"column":52}},"loc":{"start":{"line":165,"column":56},"end":{"line":165,"column":65}},"line":165},"11":{"name":"(anonymous_11)","decl":{"start":{"line":166,"column":44},"end":{"line":166,"column":45}},"loc":{"start":{"line":166,"column":60},"end":{"line":166,"column":77}},"line":166}},"branchMap":{"0":{"loc":{"start":{"line":19,"column":37},"end":{"line":19,"column":49}},"type":"default-arg","locations":[{"start":{"line":19,"column":47},"end":{"line":19,"column":49}}],"line":19},"1":{"loc":{"start":{"line":22,"column":4},"end":{"line":22,"column":17}},"type":"default-arg","locations":[{"start":{"line":22,"column":12},"end":{"line":22,"column":17}}],"line":22},"2":{"loc":{"start":{"line":23,"column":4},"end":{"line":23,"column":25}},"type":"default-arg","locations":[{"start":{"line":23,"column":20},"end":{"line":23,"column":25}}],"line":23},"3":{"loc":{"start":{"line":24,"column":4},"end":{"line":24,"column":18}},"type":"default-arg","locations":[{"start":{"line":24,"column":13},"end":{"line":24,"column":18}}],"line":24},"4":{"loc":{"start":{"line":25,"column":4},"end":{"line":25,"column":19}},"type":"default-arg","locations":[{"start":{"line":25,"column":14},"end":{"line":25,"column":19}}],"line":25},"5":{"loc":{"start":{"line":40,"column":2},"end":{"line":51,"column":3}},"type":"if","locations":[{"start":{"line":40,"column":2},"end":{"line":51,"column":3}},{"start":{},"end":{}}],"line":40},"6":{"loc":{"start":{"line":76,"column":4},"end":{"line":87,"column":5}},"type":"if","locations":[{"start":{"line":76,"column":4},"end":{"line":87,"column":5}},{"start":{"line":84,"column":11},"end":{"line":87,"column":5}}],"line":76},"7":{"loc":{"start":{"line":76,"column":8},"end":{"line":76,"column":30}},"type":"binary-expr","locations":[{"start":{"line":76,"column":8},"end":{"line":76,"column":13}},{"start":{"line":76,"column":17},"end":{"line":76,"column":30}}],"line":76},"8":{"loc":{"start":{"line":90,"column":2},"end":{"line":92,"column":3}},"type":"if","locations":[{"start":{"line":90,"column":2},"end":{"line":92,"column":3}},{"start":{},"end":{}}],"line":90},"9":{"loc":{"start":{"line":90,"column":6},"end":{"line":90,"column":39}},"type":"binary-expr","locations":[{"start":{"line":90,"column":6},"end":{"line":90,"column":11}},{"start":{"line":90,"column":15},"end":{"line":90,"column":39}}],"line":90},"10":{"loc":{"start":{"line":100,"column":2},"end":{"line":103,"column":3}},"type":"if","locations":[{"start":{"line":100,"column":2},"end":{"line":103,"column":3}},{"start":{},"end":{}}],"line":100},"11":{"loc":{"start":{"line":106,"column":2},"end":{"line":121,"column":3}},"type":"if","locations":[{"start":{"line":106,"column":2},"end":{"line":121,"column":3}},{"start":{},"end":{}}],"line":106},"12":{"loc":{"start":{"line":110,"column":4},"end":{"line":112,"column":5}},"type":"if","locations":[{"start":{"line":110,"column":4},"end":{"line":112,"column":5}},{"start":{},"end":{}}],"line":110},"13":{"loc":{"start":{"line":110,"column":8},"end":{"line":110,"column":50}},"type":"binary-expr","locations":[{"start":{"line":110,"column":8},"end":{"line":110,"column":21}},{"start":{"line":110,"column":25},"end":{"line":110,"column":50}}],"line":110},"14":{"loc":{"start":{"line":118,"column":19},"end":{"line":118,"column":60}},"type":"cond-expr","locations":[{"start":{"line":118,"column":35},"end":{"line":118,"column":56}},{"start":{"line":118,"column":59},"end":{"line":118,"column":60}}],"line":118},"15":{"loc":{"start":{"line":127,"column":2},"end":{"line":150,"column":3}},"type":"if","locations":[{"start":{"line":127,"column":2},"end":{"line":150,"column":3}},{"start":{"line":148,"column":9},"end":{"line":150,"column":3}}],"line":127},"16":{"loc":{"start":{"line":142,"column":4},"end":{"line":144,"column":5}},"type":"if","locations":[{"start":{"line":142,"column":4},"end":{"line":144,"column":5}},{"start":{},"end":{}}],"line":142},"17":{"loc":{"start":{"line":145,"column":4},"end":{"line":147,"column":5}},"type":"if","locations":[{"start":{"line":145,"column":4},"end":{"line":147,"column":5}},{"start":{},"end":{}}],"line":145},"18":{"loc":{"start":{"line":155,"column":2},"end":{"line":171,"column":3}},"type":"if","locations":[{"start":{"line":155,"column":2},"end":{"line":171,"column":3}},{"start":{},"end":{}}],"line":155},"19":{"loc":{"start":{"line":155,"column":6},"end":{"line":155,"column":48}},"type":"binary-expr","locations":[{"start":{"line":155,"column":6},"end":{"line":155,"column":19}},{"start":{"line":155,"column":23},"end":{"line":155,"column":48}}],"line":155},"20":{"loc":{"start":{"line":168,"column":4},"end":{"line":170,"column":5}},"type":"if","locations":[{"start":{"line":168,"column":4},"end":{"line":170,"column":5}},{"start":{},"end":{}}],"line":168},"21":{"loc":{"start":{"line":176,"column":2},"end":{"line":178,"column":3}},"type":"if","locations":[{"start":{"line":176,"column":2},"end":{"line":178,"column":3}},{"start":{},"end":{}}],"line":176},"22":{"loc":{"start":{"line":180,"column":2},"end":{"line":182,"column":3}},"type":"if","locations":[{"start":{"line":180,"column":2},"end":{"line":182,"column":3}},{"start":{},"end":{}}],"line":180},"23":{"loc":{"start":{"line":185,"column":2},"end":{"line":187,"column":3}},"type":"if","locations":[{"start":{"line":185,"column":2},"end":{"line":187,"column":3}},{"start":{},"end":{}}],"line":185},"24":{"loc":{"start":{"line":185,"column":6},"end":{"line":185,"column":49}},"type":"binary-expr","locations":[{"start":{"line":185,"column":6},"end":{"line":185,"column":20}},{"start":{"line":185,"column":24},"end":{"line":185,"column":49}}],"line":185}},"s":{"0":1,"1":1,"2":1,"3":1,"4":1,"5":1,"6":8,"7":8,"8":8,"9":8,"10":8,"11":8,"12":8,"13":8,"14":1,"15":1,"16":1,"17":7,"18":7,"19":7,"20":7,"21":6,"22":7,"23":7,"24":7,"25":7,"26":7,"27":12,"28":12,"29":12,"30":9,"31":9,"32":3,"33":3,"34":7,"35":1,"36":7,"37":12,"38":7,"39":6,"40":2,"41":7,"42":2,"43":2,"44":2,"45":7,"46":1,"47":1,"48":1,"49":1,"50":0,"51":1,"52":6,"53":6,"54":6,"55":4,"56":4,"57":0,"58":4,"59":7,"60":4,"61":7,"62":4,"63":4,"64":4,"65":1,"66":2,"67":6,"68":6,"69":1,"70":1,"71":0,"72":1,"73":1,"74":1,"75":1,"76":1,"77":1,"78":6,"79":6,"80":6,"81":1,"82":6,"83":6,"84":1,"85":6,"86":6,"87":1,"88":6,"89":6,"90":1},"f":{"0":8,"1":6,"2":12,"3":6,"4":2,"5":2,"6":0,"7":7,"8":7,"9":0,"10":1,"11":1},"b":{"0":[0],"1":[7],"2":[7],"3":[7],"4":[8],"5":[1,7],"6":[9,3],"7":[12,11],"8":[1,6],"9":[7,1],"10":[2,5],"11":[1,6],"12":[0,1],"13":[1,0],"14":[0,1],"15":[4,2],"16":[4,0],"17":[1,3],"18":[1,5],"19":[6,1],"20":[1,0],"21":[1,5],"22":[1,5],"23":[1,5],"24":[6,5]},"_coverageSchema":"1a1c01bbd47fc00a2c39e90264f33305004495a9","hash":"fbc02f8d68ef5d549288f428ef1d989f61186ff4"}
,"/Users/jasonbelcher/Documents/code/xalpheric-neocities/cli/lib/api/client.js": {"path":"/Users/jasonbelcher/Documents/code/xalpheric-neocities/cli/lib/api/client.js","statementMap":{"0":{"start":{"line":1,"column":14},"end":{"line":1,"column":30}},"1":{"start":{"line":10,"column":2},"end":{"line":59,"column":5}},"2":{"start":{"line":12,"column":19},"end":{"line":12,"column":48}},"3":{"start":{"line":13,"column":20},"end":{"line":13,"column":41}},"4":{"start":{"line":15,"column":4},"end":{"line":17,"column":5}},"5":{"start":{"line":16,"column":6},"end":{"line":16,"column":49}},"6":{"start":{"line":19,"column":27},"end":{"line":24,"column":5}},"7":{"start":{"line":26,"column":16},"end":{"line":44,"column":6}},"8":{"start":{"line":27,"column":25},"end":{"line":27,"column":27}},"9":{"start":{"line":29,"column":6},"end":{"line":31,"column":9}},"10":{"start":{"line":30,"column":8},"end":{"line":30,"column":30}},"11":{"start":{"line":33,"column":6},"end":{"line":43,"column":9}},"12":{"start":{"line":34,"column":8},"end":{"line":42,"column":9}},"13":{"start":{"line":35,"column":23},"end":{"line":35,"column":47}},"14":{"start":{"line":36,"column":10},"end":{"line":36,"column":24}},"15":{"start":{"line":38,"column":10},"end":{"line":41,"column":13}},"16":{"start":{"line":46,"column":4},"end":{"line":51,"column":7}},"17":{"start":{"line":47,"column":6},"end":{"line":50,"column":9}},"18":{"start":{"line":54,"column":4},"end":{"line":58,"column":5}},"19":{"start":{"line":55,"column":6},"end":{"line":55,"column":21}},"20":{"start":{"line":57,"column":6},"end":{"line":57,"column":16}},"21":{"start":{"line":68,"column":2},"end":{"line":68,"column":57}},"22":{"start":{"line":68,"column":32},"end":{"line":68,"column":55}},"23":{"start":{"line":71,"column":0},"end":{"line":74,"column":2}}},"fnMap":{"0":{"name":"makeAPICall","decl":{"start":{"line":9,"column":15},"end":{"line":9,"column":26}},"loc":{"start":{"line":9,"column":49},"end":{"line":60,"column":1}},"line":9},"1":{"name":"(anonymous_1)","decl":{"start":{"line":10,"column":21},"end":{"line":10,"column":22}},"loc":{"start":{"line":10,"column":34},"end":{"line":59,"column":3}},"line":10},"2":{"name":"(anonymous_2)","decl":{"start":{"line":26,"column":46},"end":{"line":26,"column":47}},"loc":{"start":{"line":26,"column":55},"end":{"line":44,"column":5}},"line":26},"3":{"name":"(anonymous_3)","decl":{"start":{"line":29,"column":21},"end":{"line":29,"column":22}},"loc":{"start":{"line":29,"column":32},"end":{"line":31,"column":7}},"line":29},"4":{"name":"(anonymous_4)","decl":{"start":{"line":33,"column":20},"end":{"line":33,"column":21}},"loc":{"start":{"line":33,"column":26},"end":{"line":43,"column":7}},"line":33},"5":{"name":"(anonymous_5)","decl":{"start":{"line":46,"column":20},"end":{"line":46,"column":21}},"loc":{"start":{"line":46,"column":31},"end":{"line":51,"column":5}},"line":46},"6":{"name":"delay","decl":{"start":{"line":67,"column":9},"end":{"line":67,"column":14}},"loc":{"start":{"line":67,"column":19},"end":{"line":69,"column":1}},"line":67},"7":{"name":"(anonymous_7)","decl":{"start":{"line":68,"column":21},"end":{"line":68,"column":22}},"loc":{"start":{"line":68,"column":32},"end":{"line":68,"column":55}},"line":68}},"branchMap":{"0":{"loc":{"start":{"line":9,"column":36},"end":{"line":9,"column":47}},"type":"default-arg","locations":[{"start":{"line":9,"column":43},"end":{"line":9,"column":47}}],"line":9},"1":{"loc":{"start":{"line":13,"column":20},"end":{"line":13,"column":41}},"type":"binary-expr","locations":[{"start":{"line":13,"column":20},"end":{"line":13,"column":35}},{"start":{"line":13,"column":39},"end":{"line":13,"column":41}}],"line":13},"2":{"loc":{"start":{"line":15,"column":4},"end":{"line":17,"column":5}},"type":"if","locations":[{"start":{"line":15,"column":4},"end":{"line":17,"column":5}},{"start":{},"end":{}}],"line":15},"3":{"loc":{"start":{"line":20,"column":14},"end":{"line":20,"column":37}},"type":"binary-expr","locations":[{"start":{"line":20,"column":14},"end":{"line":20,"column":28}},{"start":{"line":20,"column":32},"end":{"line":20,"column":37}}],"line":20},"4":{"loc":{"start":{"line":21,"column":12},"end":{"line":21,"column":43}},"type":"binary-expr","locations":[{"start":{"line":21,"column":12},"end":{"line":21,"column":24}},{"start":{"line":21,"column":28},"end":{"line":21,"column":43}}],"line":21},"5":{"loc":{"start":{"line":54,"column":4},"end":{"line":58,"column":5}},"type":"if","locations":[{"start":{"line":54,"column":4},"end":{"line":58,"column":5}},{"start":{"line":56,"column":11},"end":{"line":58,"column":5}}],"line":54},"6":{"loc":{"start":{"line":54,"column":8},"end":{"line":54,"column":47}},"type":"binary-expr","locations":[{"start":{"line":54,"column":8},"end":{"line":54,"column":12}},{"start":{"line":54,"column":16},"end":{"line":54,"column":47}}],"line":54}},"s":{"0":12,"1":6,"2":6,"3":6,"4":6,"5":1,"6":6,"7":6,"8":5,"9":5,"10":5,"11":5,"12":5,"13":5,"14":4,"15":1,"16":6,"17":1,"18":6,"19":1,"20":5,"21":0,"22":0,"23":12},"f":{"0":6,"1":6,"2":5,"3":5,"4":5,"5":1,"6":0,"7":0},"b":{"0":[5],"1":[6,6],"2":[1,5],"3":[6,5],"4":[6,6],"5":[1,5],"6":[6,1]},"_coverageSchema":"1a1c01bbd47fc00a2c39e90264f33305004495a9","hash":"0ca43d4e68f5fa58023cb36f4b8892ef19ecadd9"}
,"/Users/jasonbelcher/Documents/code/xalpheric-neocities/cli/lib/api/delete.js": {"path":"/Users/jasonbelcher/Documents/code/xalpheric-neocities/cli/lib/api/delete.js","statementMap":{"0":{"start":{"line":1,"column":24},"end":{"line":1,"column":43}},"1":{"start":{"line":2,"column":15},"end":{"line":2,"column":41}},"2":{"start":{"line":11,"column":2},"end":{"line":26,"column":3}},"3":{"start":{"line":12,"column":21},"end":{"line":21,"column":5}},"4":{"start":{"line":23,"column":4},"end":{"line":23,"column":20}},"5":{"start":{"line":25,"column":4},"end":{"line":25,"column":72}},"6":{"start":{"line":42,"column":6},"end":{"line":42,"column":13}},"7":{"start":{"line":44,"column":2},"end":{"line":46,"column":3}},"8":{"start":{"line":45,"column":4},"end":{"line":45,"column":14}},"9":{"start":{"line":48,"column":18},"end":{"line":48,"column":20}},"10":{"start":{"line":49,"column":18},"end":{"line":49,"column":20}},"11":{"start":{"line":52,"column":2},"end":{"line":54,"column":3}},"12":{"start":{"line":52,"column":15},"end":{"line":52,"column":16}},"13":{"start":{"line":53,"column":4},"end":{"line":53,"column":48}},"14":{"start":{"line":56,"column":25},"end":{"line":56,"column":26}},"15":{"start":{"line":59,"column":2},"end":{"line":101,"column":3}},"16":{"start":{"line":60,"column":4},"end":{"line":89,"column":5}},"17":{"start":{"line":61,"column":23},"end":{"line":70,"column":7}},"18":{"start":{"line":72,"column":6},"end":{"line":77,"column":9}},"19":{"start":{"line":79,"column":6},"end":{"line":79,"column":56}},"20":{"start":{"line":81,"column":6},"end":{"line":86,"column":9}},"21":{"start":{"line":88,"column":6},"end":{"line":88,"column":65}},"22":{"start":{"line":91,"column":4},"end":{"line":91,"column":23}},"23":{"start":{"line":93,"column":4},"end":{"line":100,"column":5}},"24":{"start":{"line":94,"column":6},"end":{"line":99,"column":9}},"25":{"start":{"line":103,"column":2},"end":{"line":103,"column":17}},"26":{"start":{"line":106,"column":0},"end":{"line":109,"column":2}}},"fnMap":{"0":{"name":"deleteFile","decl":{"start":{"line":10,"column":15},"end":{"line":10,"column":25}},"loc":{"start":{"line":10,"column":46},"end":{"line":27,"column":1}},"line":10},"1":{"name":"deleteFiles","decl":{"start":{"line":38,"column":15},"end":{"line":38,"column":26}},"loc":{"start":{"line":38,"column":56},"end":{"line":104,"column":1}},"line":38}},"branchMap":{"0":{"loc":{"start":{"line":38,"column":42},"end":{"line":38,"column":54}},"type":"default-arg","locations":[{"start":{"line":38,"column":52},"end":{"line":38,"column":54}}],"line":38},"1":{"loc":{"start":{"line":40,"column":4},"end":{"line":40,"column":19}},"type":"default-arg","locations":[{"start":{"line":40,"column":16},"end":{"line":40,"column":19}}],"line":40},"2":{"loc":{"start":{"line":44,"column":2},"end":{"line":46,"column":3}},"type":"if","locations":[{"start":{"line":44,"column":2},"end":{"line":46,"column":3}},{"start":{},"end":{}}],"line":44},"3":{"loc":{"start":{"line":93,"column":4},"end":{"line":100,"column":5}},"type":"if","locations":[{"start":{"line":93,"column":4},"end":{"line":100,"column":5}},{"start":{},"end":{}}],"line":93}},"s":{"0":3,"1":3,"2":3,"3":3,"4":2,"5":1,"6":7,"7":7,"8":1,"9":6,"10":6,"11":6,"12":6,"13":12,"14":6,"15":6,"16":12,"17":12,"18":11,"19":11,"20":1,"21":1,"22":12,"23":12,"24":2,"25":6,"26":3},"f":{"0":3,"1":7},"b":{"0":[3],"1":[3],"2":[1,6],"3":[2,10]},"_coverageSchema":"1a1c01bbd47fc00a2c39e90264f33305004495a9","hash":"9f139af9e68b7cffde2c0762c9971fa341cc0fc2"}
,"/Users/jasonbelcher/Documents/code/xalpheric-neocities/cli/lib/api/list.js": {"path":"/Users/jasonbelcher/Documents/code/xalpheric-neocities/cli/lib/api/list.js","statementMap":{"0":{"start":{"line":1,"column":24},"end":{"line":1,"column":43}},"1":{"start":{"line":2,"column":13},"end":{"line":2,"column":28}},"2":{"start":{"line":12,"column":2},"end":{"line":24,"column":3}},"3":{"start":{"line":13,"column":22},"end":{"line":13,"column":85}},"4":{"start":{"line":15,"column":21},"end":{"line":19,"column":6}},"5":{"start":{"line":21,"column":4},"end":{"line":21,"column":32}},"6":{"start":{"line":23,"column":4},"end":{"line":23,"column":62}},"7":{"start":{"line":45,"column":6},"end":{"line":45,"column":13}},"8":{"start":{"line":47,"column":17},"end":{"line":47,"column":22}},"9":{"start":{"line":50,"column":2},"end":{"line":52,"column":3}},"10":{"start":{"line":51,"column":4},"end":{"line":51,"column":59}},"11":{"start":{"line":51,"column":39},"end":{"line":51,"column":57}},"12":{"start":{"line":55,"column":2},"end":{"line":60,"column":3}},"13":{"start":{"line":56,"column":4},"end":{"line":59,"column":7}},"14":{"start":{"line":57,"column":18},"end":{"line":57,"column":41}},"15":{"start":{"line":58,"column":6},"end":{"line":58,"column":38}},"16":{"start":{"line":63,"column":2},"end":{"line":65,"column":3}},"17":{"start":{"line":64,"column":4},"end":{"line":64,"column":64}},"18":{"start":{"line":64,"column":39},"end":{"line":64,"column":62}},"19":{"start":{"line":68,"column":2},"end":{"line":70,"column":3}},"20":{"start":{"line":69,"column":4},"end":{"line":69,"column":61}},"21":{"start":{"line":69,"column":39},"end":{"line":69,"column":59}},"22":{"start":{"line":72,"column":2},"end":{"line":74,"column":3}},"23":{"start":{"line":73,"column":4},"end":{"line":73,"column":61}},"24":{"start":{"line":73,"column":39},"end":{"line":73,"column":59}},"25":{"start":{"line":76,"column":2},"end":{"line":76,"column":18}},"26":{"start":{"line":79,"column":0},"end":{"line":82,"column":2}}},"fnMap":{"0":{"name":"listFiles","decl":{"start":{"line":11,"column":15},"end":{"line":11,"column":24}},"loc":{"start":{"line":11,"column":47},"end":{"line":25,"column":1}},"line":11},"1":{"name":"filterRemoteFiles","decl":{"start":{"line":38,"column":9},"end":{"line":38,"column":26}},"loc":{"start":{"line":38,"column":48},"end":{"line":77,"column":1}},"line":38},"2":{"name":"(anonymous_2)","decl":{"start":{"line":51,"column":31},"end":{"line":51,"column":32}},"loc":{"start":{"line":51,"column":39},"end":{"line":51,"column":57}},"line":51},"3":{"name":"(anonymous_3)","decl":{"start":{"line":56,"column":31},"end":{"line":56,"column":32}},"loc":{"start":{"line":56,"column":39},"end":{"line":59,"column":5}},"line":56},"4":{"name":"(anonymous_4)","decl":{"start":{"line":64,"column":31},"end":{"line":64,"column":32}},"loc":{"start":{"line":64,"column":39},"end":{"line":64,"column":62}},"line":64},"5":{"name":"(anonymous_5)","decl":{"start":{"line":69,"column":31},"end":{"line":69,"column":32}},"loc":{"start":{"line":69,"column":39},"end":{"line":69,"column":59}},"line":69},"6":{"name":"(anonymous_6)","decl":{"start":{"line":73,"column":31},"end":{"line":73,"column":32}},"loc":{"start":{"line":73,"column":39},"end":{"line":73,"column":59}},"line":73}},"branchMap":{"0":{"loc":{"start":{"line":11,"column":33},"end":{"line":11,"column":45}},"type":"default-arg","locations":[{"start":{"line":11,"column":43},"end":{"line":11,"column":45}}],"line":11},"1":{"loc":{"start":{"line":13,"column":22},"end":{"line":13,"column":85}},"type":"cond-expr","locations":[{"start":{"line":13,"column":37},"end":{"line":13,"column":80}},{"start":{"line":13,"column":83},"end":{"line":13,"column":85}}],"line":13},"2":{"loc":{"start":{"line":21,"column":11},"end":{"line":21,"column":31}},"type":"binary-expr","locations":[{"start":{"line":21,"column":11},"end":{"line":21,"column":25}},{"start":{"line":21,"column":29},"end":{"line":21,"column":31}}],"line":21},"3":{"loc":{"start":{"line":38,"column":34},"end":{"line":38,"column":46}},"type":"default-arg","locations":[{"start":{"line":38,"column":44},"end":{"line":38,"column":46}}],"line":38},"4":{"loc":{"start":{"line":42,"column":4},"end":{"line":42,"column":21}},"type":"default-arg","locations":[{"start":{"line":42,"column":16},"end":{"line":42,"column":21}}],"line":42},"5":{"loc":{"start":{"line":50,"column":2},"end":{"line":52,"column":3}},"type":"if","locations":[{"start":{"line":50,"column":2},"end":{"line":52,"column":3}},{"start":{},"end":{}}],"line":50},"6":{"loc":{"start":{"line":55,"column":2},"end":{"line":60,"column":3}},"type":"if","locations":[{"start":{"line":55,"column":2},"end":{"line":60,"column":3}},{"start":{},"end":{}}],"line":55},"7":{"loc":{"start":{"line":55,"column":6},"end":{"line":55,"column":41}},"type":"binary-expr","locations":[{"start":{"line":55,"column":6},"end":{"line":55,"column":16}},{"start":{"line":55,"column":20},"end":{"line":55,"column":41}}],"line":55},"8":{"loc":{"start":{"line":63,"column":2},"end":{"line":65,"column":3}},"type":"if","locations":[{"start":{"line":63,"column":2},"end":{"line":65,"column":3}},{"start":{},"end":{}}],"line":63},"9":{"loc":{"start":{"line":68,"column":2},"end":{"line":70,"column":3}},"type":"if","locations":[{"start":{"line":68,"column":2},"end":{"line":70,"column":3}},{"start":{},"end":{}}],"line":68},"10":{"loc":{"start":{"line":72,"column":2},"end":{"line":74,"column":3}},"type":"if","locations":[{"start":{"line":72,"column":2},"end":{"line":74,"column":3}},{"start":{},"end":{}}],"line":72}},"s":{"0":3,"1":3,"2":4,"3":4,"4":4,"5":3,"6":1,"7":7,"8":7,"9":7,"10":2,"11":10,"12":7,"13":2,"14":9,"15":9,"16":7,"17":1,"18":5,"19":7,"20":2,"21":8,"22":7,"23":1,"24":3,"25":7,"26":3},"f":{"0":4,"1":7,"2":10,"3":9,"4":5,"5":8,"6":3},"b":{"0":[3],"1":[1,3],"2":[3,0],"3":[2],"4":[5],"5":[2,5],"6":[2,5],"7":[7,2],"8":[1,6],"9":[2,5],"10":[1,6]},"_coverageSchema":"1a1c01bbd47fc00a2c39e90264f33305004495a9","hash":"dc7a9150e938e4fbf523dfbd133e2b846dcc0d4f"}
[...]
,"/Users/jasonbelcher/Documents/code/xalpheric-neocities/cli/lib/utils/config.js": {"path":"/Users/jasonbelcher/Documents/code/xalpheric-neocities/cli/lib/utils/config.js","statementMap":{"0":{"start":{"line":6,"column":11},"end":{"line":6,"column":24}},"1":{"start":{"line":7,"column":13},"end":{"line":7,"column":28}},"2":{"start":{"line":16,"column":17},"end":{"line":16,"column":46}},"3":{"start":{"line":18,"column":2},"end":{"line":20,"column":3}},"4":{"start":{"line":19,"column":4},"end":{"line":19,"column":76}},"5":{"start":{"line":22,"column":2},"end":{"line":22,"column":24}},"6":{"start":{"line":30,"column":2},"end":{"line":30,"column":41}},"7":{"start":{"line":38,"column":2},"end":{"line":40,"column":3}},"8":{"start":{"line":39,"column":4},"end":{"line":39,"column":11}},"9":{"start":{"line":42,"column":2},"end":{"line":60,"column":3}},"10":{"start":{"line":43,"column":20},"end":{"line":43,"column":52}},"11":{"start":{"line":44,"column":18},"end":{"line":44,"column":37}},"12":{"start":{"line":46,"column":4},"end":{"line":57,"column":5}},"13":{"start":{"line":48,"column":6},"end":{"line":50,"column":7}},"14":{"start":{"line":49,"column":8},"end":{"line":49,"column":17}},"15":{"start":{"line":52,"column":35},"end":{"line":52,"column":50}},"16":{"start":{"line":53,"column":6},"end":{"line":56,"column":7}},"17":{"start":{"line":54,"column":22},"end":{"line":54,"column":49}},"18":{"start":{"line":55,"column":8},"end":{"line":55,"column":40}},"19":{"start":{"line":71,"column":2},"end":{"line":76,"column":3}},"20":{"start":{"line":72,"column":4},"end":{"line":74,"column":5}},"21":{"start":{"line":73,"column":6},"end":{"line":73,"column":26}},"22":{"start":{"line":75,"column":4},"end":{"line":75,"column":60}},"23":{"start":{"line":78,"column":2},"end":{"line":83,"column":3}},"24":{"start":{"line":79,"column":20},"end":{"line":79,"column":55}},"25":{"start":{"line":80,"column":4},"end":{"line":80,"column":31}},"26":{"start":{"line":82,"column":4},"end":{"line":82,"column":66}},"27":{"start":{"line":91,"column":2},"end":{"line":96,"column":4}},"28":{"start":{"line":99,"column":0},"end":{"line":105,"column":2}}},"fnMap":{"0":{"name":"getApiKey","decl":{"start":{"line":15,"column":9},"end":{"line":15,"column":18}},"loc":{"start":{"line":15,"column":42},"end":{"line":23,"column":1}},"line":15},"1":{"name":"validateApiKey","decl":{"start":{"line":29,"column":9},"end":{"line":29,"column":23}},"loc":{"start":{"line":29,"column":26},"end":{"line":31,"column":1}},"line":29},"2":{"name":"loadEnvFile","decl":{"start":{"line":37,"column":9},"end":{"line":37,"column":20}},"loc":{"start":{"line":37,"column":65},"end":{"line":61,"column":1}},"line":37},"3":{"name":"loadJsonConfig","decl":{"start":{"line":70,"column":9},"end":{"line":70,"column":23}},"loc":{"start":{"line":70,"column":62},"end":{"line":84,"column":1}},"line":70},"4":{"name":"getConfig","decl":{"start":{"line":90,"column":9},"end":{"line":90,"column":18}},"loc":{"start":{"line":90,"column":21},"end":{"line":97,"column":1}},"line":90}},"branchMap":{"0":{"loc":{"start":{"line":15,"column":19},"end":{"line":15,"column":40}},"type":"default-arg","locations":[{"start":{"line":15,"column":36},"end":{"line":15,"column":40}}],"line":15},"1":{"loc":{"start":{"line":18,"column":2},"end":{"line":20,"column":3}},"type":"if","locations":[{"start":{"line":18,"column":2},"end":{"line":20,"column":3}},{"start":{},"end":{}}],"line":18},"2":{"loc":{"start":{"line":18,"column":6},"end":{"line":18,"column":31}},"type":"binary-expr","locations":[{"start":{"line":18,"column":6},"end":{"line":18,"column":13}},{"start":{"line":18,"column":17},"end":{"line":18,"column":31}}],"line":18},"3":{"loc":{"start":{"line":22,"column":9},"end":{"line":22,"column":23}},"type":"binary-expr","locations":[{"start":{"line":22,"column":9},"end":{"line":22,"column":15}},{"start":{"line":22,"column":19},"end":{"line":22,"column":23}}],"line":22},"4":{"loc":{"start":{"line":37,"column":21},"end":{"line":37,"column":63}},"type":"default-arg","locations":[{"start":{"line":37,"column":31},"end":{"line":37,"column":63}}],"line":37},"5":{"loc":{"start":{"line":38,"column":2},"end":{"line":40,"column":3}},"type":"if","locations":[{"start":{"line":38,"column":2},"end":{"line":40,"column":3}},{"start":{},"end":{}}],"line":38},"6":{"loc":{"start":{"line":48,"column":6},"end":{"line":50,"column":7}},"type":"if","locations":[{"start":{"line":48,"column":6},"end":{"line":50,"column":7}},{"start":{},"end":{}}],"line":48},"7":{"loc":{"start":{"line":48,"column":10},"end":{"line":48,"column":53}},"type":"binary-expr","locations":[{"start":{"line":48,"column":10},"end":{"line":48,"column":22}},{"start":{"line":48,"column":26},"end":{"line":48,"column":53}}],"line":48},"8":{"loc":{"start":{"line":53,"column":6},"end":{"line":56,"column":7}},"type":"if","locations":[{"start":{"line":53,"column":6},"end":{"line":56,"column":7}},{"start":{},"end":{}}],"line":53},"9":{"loc":{"start":{"line":53,"column":10},"end":{"line":53,"column":38}},"type":"binary-expr","locations":[{"start":{"line":53,"column":10},"end":{"line":53,"column":13}},{"start":{"line":53,"column":17},"end":{"line":53,"column":38}}],"line":53},"10":{"loc":{"start":{"line":70,"column":36},"end":{"line":70,"column":60}},"type":"default-arg","locations":[{"start":{"line":70,"column":51},"end":{"line":70,"column":60}}],"line":70},"11":{"loc":{"start":{"line":71,"column":2},"end":{"line":76,"column":3}},"type":"if","locations":[{"start":{"line":71,"column":2},"end":{"line":76,"column":3}},{"start":{},"end":{}}],"line":71},"12":{"loc":{"start":{"line":72,"column":4},"end":{"line":74,"column":5}},"type":"if","locations":[{"start":{"line":72,"column":4},"end":{"line":74,"column":5}},{"start":{},"end":{}}],"line":72}},"s":{"0":2,"1":2,"2":5,"3":5,"4":1,"5":4,"6":2,"7":4,"8":1,"9":3,"10":3,"11":3,"12":3,"13":9,"14":4,"15":5,"16":5,"17":5,"18":5,"19":4,"20":2,"21":1,"22":1,"23":2,"24":2,"25":2,"26":1,"27":2,"28":2},"f":{"0":5,"1":2,"2":4,"3":4,"4":2},"b":{"0":[2],"1":[1,4],"2":[5,3],"3":[4,2],"4":[4],"5":[1,3],"6":[4,5],"7":[9,7],"8":[5,0],"9":[5,5],"10":[3],"11":[2,2],"12":[1,1]},"_coverageSchema":"1a1c01bbd47fc00a2c39e90264f33305004495a9","hash":"2620ab8907c8dc9916fb9ecc16ace598dbad2630"}
,"/Users/jasonbelcher/Documents/code/xalpheric-neocities/cli/lib/utils/files.js": {"path":"/Users/jasonbelcher/Documents/code/xalpheric-neocities/cli/lib/utils/files.js","statementMap":{"0":{"start":{"line":1,"column":11},"end":{"line":1,"column":33}},"1":{"start":{"line":2,"column":13},"end":{"line":2,"column":28}},"2":{"start":{"line":10,"column":2},"end":{"line":10,"column":38}},"3":{"start":{"line":20,"column":25},"end":{"line":20,"column":44}},"4":{"start":{"line":21,"column":25},"end":{"line":21,"column":44}},"5":{"start":{"line":22,"column":19},"end":{"line":22,"column":64}},"6":{"start":{"line":23,"column":2},"end":{"line":23,"column":33}},"7":{"start":{"line":32,"column":25},"end":{"line":38,"column":3}},"8":{"start":{"line":41,"column":2},"end":{"line":43,"column":3}},"9":{"start":{"line":42,"column":4},"end":{"line":42,"column":16}},"10":{"start":{"line":47,"column":2},"end":{"line":49,"column":3}},"11":{"start":{"line":48,"column":4},"end":{"line":48,"column":16}},"12":{"start":{"line":51,"column":2},"end":{"line":51,"column":15}},"13":{"start":{"line":63,"column":17},"end":{"line":73,"column":4}},"14":{"start":{"line":64,"column":21},"end":{"line":64,"column":40}},"15":{"start":{"line":65,"column":21},"end":{"line":65,"column":41}},"16":{"start":{"line":68,"column":4},"end":{"line":70,"column":5}},"17":{"start":{"line":68,"column":30},"end":{"line":68,"column":52}},"18":{"start":{"line":69,"column":6},"end":{"line":69,"column":19}},"19":{"start":{"line":72,"column":4},"end":{"line":72,"column":16}},"20":{"start":{"line":76,"column":2},"end":{"line":81,"column":3}},"21":{"start":{"line":77,"column":4},"end":{"line":80,"column":7}},"22":{"start":{"line":78,"column":18},"end":{"line":78,"column":36}},"23":{"start":{"line":79,"column":6},"end":{"line":79,"column":46}},"24":{"start":{"line":84,"column":2},"end":{"line":89,"column":3}},"25":{"start":{"line":85,"column":4},"end":{"line":88,"column":7}},"26":{"start":{"line":86,"column":23},"end":{"line":86,"column":42}},"27":{"start":{"line":87,"column":6},"end":{"line":87,"column":44}},"28":{"start":{"line":91,"column":2},"end":{"line":91,"column":18}},"29":{"start":{"line":103,"column":16},"end":{"line":103,"column":18}},"30":{"start":{"line":104,"column":23},"end":{"line":104,"column":30}},"31":{"start":{"line":107,"column":2},"end":{"line":109,"column":3}},"32":{"start":{"line":108,"column":4},"end":{"line":108,"column":17}},"33":{"start":{"line":111,"column":2},"end":{"line":134,"column":3}},"34":{"start":{"line":112,"column":20},"end":{"line":112,"column":66}},"35":{"start":{"line":114,"column":4},"end":{"line":129,"column":5}},"36":{"start":{"line":116,"column":6},"end":{"line":118,"column":7}},"37":{"start":{"line":117,"column":8},"end":{"line":117,"column":17}},"38":{"start":{"line":120,"column":23},"end":{"line":120,"column":49}},"39":{"start":{"line":122,"column":6},"end":{"line":128,"column":7}},"40":{"start":{"line":124,"column":25},"end":{"line":124,"column":82}},"41":{"start":{"line":125,"column":8},"end":{"line":125,"column":32}},"42":{"start":{"line":127,"column":8},"end":{"line":127,"column":29}},"43":{"start":{"line":131,"column":4},"end":{"line":131,"column":17}},"44":{"start":{"line":133,"column":4},"end":{"line":133,"column":73}},"45":{"start":{"line":137,"column":0},"end":{"line":143,"column":2}}},"fnMap":{"0":{"name":"normalizePath","decl":{"start":{"line":9,"column":9},"end":{"line":9,"column":22}},"loc":{"start":{"line":9,"column":33},"end":{"line":11,"column":1}},"line":9},"1":{"name":"getRelativePath","decl":{"start":{"line":19,"column":9},"end":{"line":19,"column":24}},"loc":{"start":{"line":19,"column":37},"end":{"line":24,"column":1}},"line":19},"2":{"name":"shouldIgnoreFile","decl":{"start":{"line":31,"column":9},"end":{"line":31,"column":25}},"loc":{"start":{"line":31,"column":36},"end":{"line":52,"column":1}},"line":31},"3":{"name":"filterFiles","decl":{"start":{"line":62,"column":9},"end":{"line":62,"column":20}},"loc":{"start":{"line":62,"column":42},"end":{"line":92,"column":1}},"line":62},"4":{"name":"(anonymous_4)","decl":{"start":{"line":63,"column":30},"end":{"line":63,"column":31}},"loc":{"start":{"line":63,"column":38},"end":{"line":73,"column":3}},"line":63},"5":{"name":"(anonymous_5)","decl":{"start":{"line":68,"column":22},"end":{"line":68,"column":23}},"loc":{"start":{"line":68,"column":30},"end":{"line":68,"column":52}},"line":68},"6":{"name":"(anonymous_6)","decl":{"start":{"line":77,"column":31},"end":{"line":77,"column":32}},"loc":{"start":{"line":77,"column":39},"end":{"line":80,"column":5}},"line":77},"7":{"name":"(anonymous_7)","decl":{"start":{"line":85,"column":31},"end":{"line":85,"column":32}},"loc":{"start":{"line":85,"column":39},"end":{"line":88,"column":5}},"line":85},"8":{"name":"getLocalFiles","decl":{"start":{"line":102,"column":15},"end":{"line":102,"column":28}},"loc":{"start":{"line":102,"column":67},"end":{"line":135,"column":1}},"line":102}},"branchMap":{"0":{"loc":{"start":{"line":41,"column":2},"end":{"line":43,"column":3}},"type":"if","locations":[{"start":{"line":41,"column":2},"end":{"line":43,"column":3}},{"start":{},"end":{}}],"line":41},"1":{"loc":{"start":{"line":47,"column":2},"end":{"line":49,"column":3}},"type":"if","locations":[{"start":{"line":47,"column":2},"end":{"line":49,"column":3}},{"start":{},"end":{}}],"line":47},"2":{"loc":{"start":{"line":62,"column":28},"end":{"line":62,"column":40}},"type":"default-arg","locations":[{"start":{"line":62,"column":38},"end":{"line":62,"column":40}}],"line":62},"3":{"loc":{"start":{"line":68,"column":4},"end":{"line":70,"column":5}},"type":"if","locations":[{"start":{"line":68,"column":4},"end":{"line":70,"column":5}},{"start":{},"end":{}}],"line":68},"4":{"loc":{"start":{"line":76,"column":2},"end":{"line":81,"column":3}},"type":"if","locations":[{"start":{"line":76,"column":2},"end":{"line":81,"column":3}},{"start":{},"end":{}}],"line":76},"5":{"loc":{"start":{"line":76,"column":6},"end":{"line":76,"column":57}},"type":"binary-expr","locations":[{"start":{"line":76,"column":6},"end":{"line":76,"column":24}},{"start":{"line":76,"column":28},"end":{"line":76,"column":57}}],"line":76},"6":{"loc":{"start":{"line":84,"column":2},"end":{"line":89,"column":3}},"type":"if","locations":[{"start":{"line":84,"column":2},"end":{"line":89,"column":3}},{"start":{},"end":{}}],"line":84},"7":{"loc":{"start":{"line":102,"column":34},"end":{"line":102,"column":46}},"type":"default-arg","locations":[{"start":{"line":102,"column":44},"end":{"line":102,"column":46}}],"line":102},"8":{"loc":{"start":{"line":102,"column":48},"end":{"line":102,"column":65}},"type":"default-arg","locations":[{"start":{"line":102,"column":64},"end":{"line":102,"column":65}}],"line":102},"9":{"loc":{"start":{"line":107,"column":2},"end":{"line":109,"column":3}},"type":"if","locations":[{"start":{"line":107,"column":2},"end":{"line":109,"column":3}},{"start":{},"end":{}}],"line":107},"10":{"loc":{"start":{"line":107,"column":6},"end":{"line":107,"column":57}},"type":"binary-expr","locations":[{"start":{"line":107,"column":6},"end":{"line":107,"column":28}},{"start":{"line":107,"column":32},"end":{"line":107,"column":57}}],"line":107},"11":{"loc":{"start":{"line":116,"column":6},"end":{"line":118,"column":7}},"type":"if","locations":[{"start":{"line":116,"column":6},"end":{"line":118,"column":7}},{"start":{},"end":{}}],"line":116},"12":{"loc":{"start":{"line":122,"column":6},"end":{"line":128,"column":7}},"type":"if","locations":[{"start":{"line":122,"column":6},"end":{"line":128,"column":7}},{"start":{"line":126,"column":13},"end":{"line":128,"column":7}}],"line":122}},"s":{"0":4,"1":4,"2":12,"3":3,"4":3,"5":3,"6":3,"7":108,"8":108,"9":19,"10":89,"11":2,"12":87,"13":5,"14":28,"15":28,"16":28,"17":88,"18":12,"19":16,"20":5,"21":2,"22":8,"23":8,"24":5,"25":2,"26":6,"27":6,"28":5,"29":8,"30":8,"31":8,"32":1,"33":7,"34":7,"35":6,"36":10,"37":2,"38":8,"39":8,"40":2,"41":2,"42":6,"43":6,"44":1,"45":4},"f":{"0":12,"1":3,"2":108,"3":5,"4":28,"5":88,"6":8,"7":6,"8":8},"b":{"0":[19,89],"1":[2,87],"2":[2],"3":[12,16],"4":[2,3],"5":[5,2],"6":[2,3],"7":[5],"8":[6],"9":[1,7],"10":[8,2],"11":[2,8],"12":[2,6]},"_coverageSchema":"1a1c01bbd47fc00a2c39e90264f33305004495a9","hash":"997386d092ec17b834f518c38c1541c54c2dda95"}
,"/Users/jasonbelcher/Documents/code/xalpheric-neocities/cli/lib/utils/logger.js": {"path":"/Users/jasonbelcher/Documents/code/xalpheric-neocities/cli/lib/utils/logger.js","statementMap":{"0":{"start":{"line":7,"column":15},"end":{"line":15,"column":1}},"1":{"start":{"line":17,"column":16},"end":{"line":17,"column":21}},"2":{"start":{"line":24,"column":2},"end":{"line":24,"column":22}},"3":{"start":{"line":34,"column":17},"end":{"line":34,"column":41}},"4":{"start":{"line":35,"column":20},"end":{"line":35,"column":49}},"5":{"start":{"line":36,"column":2},"end":{"line":36,"column":64}},"6":{"start":{"line":45,"column":2},"end":{"line":45,"column":31}},"7":{"start":{"line":54,"column":2},"end":{"line":54,"column":31}},"8":{"start":{"line":63,"column":2},"end":{"line":63,"column":67}},"9":{"start":{"line":72,"column":2},"end":{"line":72,"column":32}},"10":{"start":{"line":81,"column":2},"end":{"line":83,"column":3}},"11":{"start":{"line":82,"column":4},"end":{"line":82,"column":32}},"12":{"start":{"line":91,"column":2},"end":{"line":91,"column":23}},"13":{"start":{"line":99,"column":2},"end":{"line":99,"column":23}},"14":{"start":{"line":107,"column":2},"end":{"line":107,"column":26}},"15":{"start":{"line":110,"column":0},"end":{"line":121,"column":2}}},"fnMap":{"0":{"name":"setVerbose","decl":{"start":{"line":23,"column":9},"end":{"line":23,"column":19}},"loc":{"start":{"line":23,"column":29},"end":{"line":25,"column":1}},"line":23},"1":{"name":"log","decl":{"start":{"line":33,"column":9},"end":{"line":33,"column":12}},"loc":{"start":{"line":33,"column":51},"end":{"line":37,"column":1}},"line":33},"2":{"name":"info","decl":{"start":{"line":44,"column":9},"end":{"line":44,"column":13}},"loc":{"start":{"line":44,"column":35},"end":{"line":46,"column":1}},"line":44},"3":{"name":"success","decl":{"start":{"line":53,"column":9},"end":{"line":53,"column":16}},"loc":{"start":{"line":53,"column":39},"end":{"line":55,"column":1}},"line":53},"4":{"name":"error","decl":{"start":{"line":62,"column":9},"end":{"line":62,"column":14}},"loc":{"start":{"line":62,"column":37},"end":{"line":64,"column":1}},"line":62},"5":{"name":"warn","decl":{"start":{"line":71,"column":9},"end":{"line":71,"column":13}},"loc":{"start":{"line":71,"column":37},"end":{"line":73,"column":1}},"line":71},"6":{"name":"verbose","decl":{"start":{"line":80,"column":9},"end":{"line":80,"column":16}},"loc":{"start":{"line":80,"column":38},"end":{"line":84,"column":1}},"line":80},"7":{"name":"cyan","decl":{"start":{"line":90,"column":9},"end":{"line":90,"column":13}},"loc":{"start":{"line":90,"column":23},"end":{"line":92,"column":1}},"line":90},"8":{"name":"blue","decl":{"start":{"line":98,"column":9},"end":{"line":98,"column":13}},"loc":{"start":{"line":98,"column":23},"end":{"line":100,"column":1}},"line":98},"9":{"name":"magenta","decl":{"start":{"line":106,"column":9},"end":{"line":106,"column":16}},"loc":{"start":{"line":106,"column":26},"end":{"line":108,"column":1}},"line":106}},"branchMap":{"0":{"loc":{"start":{"line":33,"column":22},"end":{"line":33,"column":37}},"type":"default-arg","locations":[{"start":{"line":33,"column":30},"end":{"line":33,"column":37}}],"line":33},"1":{"loc":{"start":{"line":33,"column":39},"end":{"line":33,"column":49}},"type":"default-arg","locations":[{"start":{"line":33,"column":47},"end":{"line":33,"column":49}}],"line":33},"2":{"loc":{"start":{"line":34,"column":17},"end":{"line":34,"column":41}},"type":"cond-expr","locations":[{"start":{"line":34,"column":25},"end":{"line":34,"column":36}},{"start":{"line":34,"column":39},"end":{"line":34,"column":41}}],"line":34},"3":{"loc":{"start":{"line":35,"column":20},"end":{"line":35,"column":49}},"type":"binary-expr","locations":[{"start":{"line":35,"column":20},"end":{"line":35,"column":33}},{"start":{"line":35,"column":37},"end":{"line":35,"column":49}}],"line":35},"4":{"loc":{"start":{"line":44,"column":23},"end":{"line":44,"column":33}},"type":"default-arg","locations":[{"start":{"line":44,"column":31},"end":{"line":44,"column":33}}],"line":44},"5":{"loc":{"start":{"line":53,"column":26},"end":{"line":53,"column":37}},"type":"default-arg","locations":[{"start":{"line":53,"column":34},"end":{"line":53,"column":37}}],"line":53},"6":{"loc":{"start":{"line":62,"column":24},"end":{"line":62,"column":35}},"type":"default-arg","locations":[{"start":{"line":62,"column":32},"end":{"line":62,"column":35}}],"line":62},"7":{"loc":{"start":{"line":71,"column":23},"end":{"line":71,"column":35}},"type":"default-arg","locations":[{"start":{"line":71,"column":31},"end":{"line":71,"column":35}}],"line":71},"8":{"loc":{"start":{"line":80,"column":26},"end":{"line":80,"column":36}},"type":"default-arg","locations":[{"start":{"line":80,"column":34},"end":{"line":80,"column":36}}],"line":80},"9":{"loc":{"start":{"line":81,"column":2},"end":{"line":83,"column":3}},"type":"if","locations":[{"start":{"line":81,"column":2},"end":{"line":83,"column":3}},{"start":{},"end":{}}],"line":81}},"s":{"0":7,"1":7,"2":17,"3":9,"4":9,"5":9,"6":2,"7":1,"8":1,"9":1,"10":4,"11":2,"12":1,"13":1,"14":1,"15":7},"f":{"0":17,"1":9,"2":2,"3":1,"4":1,"5":1,"6":4,"7":1,"8":1,"9":1},"b":{"0":[0],"1":[3],"2":[3,6],"3":[9,0],"4":[1],"5":[1],"6":[1],"7":[1],"8":[4],"9":[2,2]},"_coverageSchema":"1a1c01bbd47fc00a2c39e90264f33305004495a9","hash":"0837a6ffeb9ad2b64d881143b11913d107975868"}
}
