{"/Users/jasonbelcher/Documents/code/xalpheric-neocities/cli/index.js": {"path":"/Users/jasonbelcher/Documents/code/xalpheric-neocities/cli/index.js","statementMap":{"0":{"start":{"line":3,"column":20},"end":{"line":3,"column":40}},"1":{"start":{"line":4,"column":16},"end":{"line":4,"column":29}},"2":{"start":{"line":7,"column":0},"end":{"line":7,"column":44}},"3":{"start":{"line":9,"column":0},"end":{"line":12,"column":20}},"4":{"start":{"line":15,"column":22},"end":{"line":17,"column":43}},"5":{"start":{"line":20,"column":0},"end":{"line":48,"column":5}},"6":{"start":{"line":30,"column":4},"end":{"line":47,"column":5}},"7":{"start":{"line":31,"column":28},"end":{"line":31,"column":57}},"8":{"start":{"line":32,"column":26},"end":{"line":32,"column":60}},"9":{"start":{"line":34,"column":21},"end":{"line":34,"column":36}},"10":{"start":{"line":36,"column":6},"end":{"line":43,"column":9}},"11":{"start":{"line":45,"column":6},"end":{"line":45,"column":49}},"12":{"start":{"line":46,"column":6},"end":{"line":46,"column":22}},"13":{"start":{"line":50,"column":0},"end":{"line":76,"column":5}},"14":{"start":{"line":59,"column":4},"end":{"line":75,"column":5}},"15":{"start":{"line":60,"column":28},"end":{"line":60,"column":57}},"16":{"start":{"line":61,"column":28},"end":{"line":61,"column":64}},"17":{"start":{"line":63,"column":21},"end":{"line":63,"column":36}},"18":{"start":{"line":65,"column":6},"end":{"line":71,"column":9}},"19":{"start":{"line":73,"column":6},"end":{"line":73,"column":49}},"20":{"start":{"line":74,"column":6},"end":{"line":74,"column":22}},"21":{"start":{"line":78,"column":0},"end":{"line":100,"column":5}},"22":{"start":{"line":85,"column":4},"end":{"line":99,"column":5}},"23":{"start":{"line":86,"column":28},"end":{"line":86,"column":57}},"24":{"start":{"line":87,"column":27},"end":{"line":87,"column":62}},"25":{"start":{"line":89,"column":21},"end":{"line":89,"column":36}},"26":{"start":{"line":91,"column":6},"end":{"line":95,"column":9}},"27":{"start":{"line":97,"column":6},"end":{"line":97,"column":49}},"28":{"start":{"line":98,"column":6},"end":{"line":98,"column":22}},"29":{"start":{"line":102,"column":0},"end":{"line":130,"column":5}},"30":{"start":{"line":112,"column":4},"end":{"line":129,"column":5}},"31":{"start":{"line":113,"column":28},"end":{"line":113,"column":57}},"32":{"start":{"line":114,"column":32},"end":{"line":114,"column":73}},"33":{"start":{"line":116,"column":21},"end":{"line":116,"column":36}},"34":{"start":{"line":118,"column":6},"end":{"line":125,"column":9}},"35":{"start":{"line":127,"column":6},"end":{"line":127,"column":49}},"36":{"start":{"line":128,"column":6},"end":{"line":128,"column":22}},"37":{"start":{"line":132,"column":0},"end":{"line":158,"column":5}},"38":{"start":{"line":141,"column":4},"end":{"line":157,"column":5}},"39":{"start":{"line":142,"column":28},"end":{"line":142,"column":57}},"40":{"start":{"line":143,"column":27},"end":{"line":143,"column":62}},"41":{"start":{"line":145,"column":21},"end":{"line":145,"column":36}},"42":{"start":{"line":147,"column":6},"end":{"line":153,"column":9}},"43":{"start":{"line":155,"column":6},"end":{"line":155,"column":49}},"44":{"start":{"line":156,"column":6},"end":{"line":156,"column":22}},"45":{"start":{"line":160,"column":0},"end":{"line":184,"column":5}},"46":{"start":{"line":168,"column":4},"end":{"line":183,"column":5}},"47":{"start":{"line":169,"column":28},"end":{"line":169,"column":57}},"48":{"start":{"line":170,"column":25},"end":{"line":170,"column":58}},"49":{"start":{"line":172,"column":21},"end":{"line":172,"column":36}},"50":{"start":{"line":174,"column":6},"end":{"line":179,"column":9}},"51":{"start":{"line":181,"column":6},"end":{"line":181,"column":49}},"52":{"start":{"line":182,"column":6},"end":{"line":182,"column":22}},"53":{"start":{"line":186,"column":0},"end":{"line":214,"column":5}},"54":{"start":{"line":196,"column":4},"end":{"line":213,"column":5}},"55":{"start":{"line":197,"column":28},"end":{"line":197,"column":57}},"56":{"start":{"line":198,"column":24},"end":{"line":198,"column":56}},"57":{"start":{"line":200,"column":21},"end":{"line":200,"column":36}},"58":{"start":{"line":202,"column":6},"end":{"line":209,"column":9}},"59":{"start":{"line":211,"column":6},"end":{"line":211,"column":49}},"60":{"start":{"line":212,"column":6},"end":{"line":212,"column":22}},"61":{"start":{"line":217,"column":21},"end":{"line":219,"column":36}},"62":{"start":{"line":221,"column":0},"end":{"line":244,"column":5}},"63":{"start":{"line":230,"column":4},"end":{"line":243,"column":5}},"64":{"start":{"line":231,"column":27},"end":{"line":231,"column":62}},"65":{"start":{"line":233,"column":6},"end":{"line":239,"column":9}},"66":{"start":{"line":241,"column":6},"end":{"line":241,"column":49}},"67":{"start":{"line":242,"column":6},"end":{"line":242,"column":22}},"68":{"start":{"line":246,"column":0},"end":{"line":261,"column":5}},"69":{"start":{"line":251,"column":4},"end":{"line":260,"column":5}},"70":{"start":{"line":252,"column":23},"end":{"line":252,"column":54}},"71":{"start":{"line":254,"column":6},"end":{"line":256,"column":9}},"72":{"start":{"line":258,"column":6},"end":{"line":258,"column":49}},"73":{"start":{"line":259,"column":6},"end":{"line":259,"column":22}},"74":{"start":{"line":264,"column":21},"end":{"line":266,"column":37}},"75":{"start":{"line":268,"column":0},"end":{"line":289,"column":5}},"76":{"start":{"line":276,"column":4},"end":{"line":288,"column":5}},"77":{"start":{"line":277,"column":25},"end":{"line":277,"column":64}},"78":{"start":{"line":279,"column":6},"end":{"line":284,"column":9}},"79":{"start":{"line":286,"column":6},"end":{"line":286,"column":49}},"80":{"start":{"line":287,"column":6},"end":{"line":287,"column":22}},"81":{"start":{"line":291,"column":0},"end":{"line":312,"column":5}},"82":{"start":{"line":298,"column":4},"end":{"line":311,"column":5}},"83":{"start":{"line":299,"column":28},"end":{"line":299,"column":62}},"84":{"start":{"line":301,"column":6},"end":{"line":307,"column":9}},"85":{"start":{"line":309,"column":6},"end":{"line":309,"column":49}},"86":{"start":{"line":310,"column":6},"end":{"line":310,"column":22}},"87":{"start":{"line":314,"column":0},"end":{"line":337,"column":5}},"88":{"start":{"line":323,"column":4},"end":{"line":336,"column":5}},"89":{"start":{"line":324,"column":28},"end":{"line":324,"column":62}},"90":{"start":{"line":326,"column":6},"end":{"line":332,"column":9}},"91":{"start":{"line":334,"column":6},"end":{"line":334,"column":49}},"92":{"start":{"line":335,"column":6},"end":{"line":335,"column":22}},"93":{"start":{"line":339,"column":0},"end":{"line":350,"column":5}},"94":{"start":{"line":343,"column":24},"end":{"line":343,"column":58}},"95":{"start":{"line":345,"column":4},"end":{"line":345,"column":51}},"96":{"start":{"line":346,"column":4},"end":{"line":348,"column":7}},"97":{"start":{"line":347,"column":6},"end":{"line":347,"column":65}},"98":{"start":{"line":349,"column":4},"end":{"line":349,"column":18}},"99":{"start":{"line":353,"column":21},"end":{"line":355,"column":55}},"100":{"start":{"line":357,"column":0},"end":{"line":374,"column":5}},"101":{"start":{"line":362,"column":4},"end":{"line":373,"column":5}},"102":{"start":{"line":363,"column":24},"end":{"line":363,"column":56}},"103":{"start":{"line":365,"column":21},"end":{"line":367,"column":8}},"104":{"start":{"line":369,"column":6},"end":{"line":369,"column":43}},"105":{"start":{"line":371,"column":6},"end":{"line":371,"column":49}},"106":{"start":{"line":372,"column":6},"end":{"line":372,"column":22}},"107":{"start":{"line":376,"column":0},"end":{"line":396,"column":5}},"108":{"start":{"line":382,"column":4},"end":{"line":395,"column":5}},"109":{"start":{"line":383,"column":28},"end":{"line":383,"column":57}},"110":{"start":{"line":384,"column":27},"end":{"line":384,"column":62}},"111":{"start":{"line":386,"column":21},"end":{"line":386,"column":36}},"112":{"start":{"line":388,"column":6},"end":{"line":391,"column":9}},"113":{"start":{"line":393,"column":6},"end":{"line":393,"column":49}},"114":{"start":{"line":394,"column":6},"end":{"line":394,"column":22}},"115":{"start":{"line":399,"column":0},"end":{"line":425,"column":5}},"116":{"start":{"line":408,"column":4},"end":{"line":424,"column":5}},"117":{"start":{"line":409,"column":28},"end":{"line":409,"column":57}},"118":{"start":{"line":410,"column":22},"end":{"line":410,"column":51}},"119":{"start":{"line":412,"column":21},"end":{"line":412,"column":36}},"120":{"start":{"line":414,"column":6},"end":{"line":420,"column":9}},"121":{"start":{"line":422,"column":6},"end":{"line":422,"column":49}},"122":{"start":{"line":423,"column":6},"end":{"line":423,"column":22}},"123":{"start":{"line":427,"column":0},"end":{"line":427,"column":28}},"124":{"start":{"line":430,"column":0},"end":{"line":432,"column":1}},"125":{"start":{"line":431,"column":2},"end":{"line":431,"column":23}}},"fnMap":{"0":{"name":"(anonymous_0)","decl":{"start":{"line":29,"column":10},"end":{"line":29,"column":11}},"loc":{"start":{"line":29,"column":29},"end":{"line":48,"column":3}},"line":29},"1":{"name":"(anonymous_1)","decl":{"start":{"line":58,"column":10},"end":{"line":58,"column":11}},"loc":{"start":{"line":58,"column":29},"end":{"line":76,"column":3}},"line":58},"2":{"name":"(anonymous_2)","decl":{"start":{"line":84,"column":10},"end":{"line":84,"column":11}},"loc":{"start":{"line":84,"column":29},"end":{"line":100,"column":3}},"line":84},"3":{"name":"(anonymous_3)","decl":{"start":{"line":111,"column":10},"end":{"line":111,"column":11}},"loc":{"start":{"line":111,"column":29},"end":{"line":130,"column":3}},"line":111},"4":{"name":"(anonymous_4)","decl":{"start":{"line":140,"column":10},"end":{"line":140,"column":11}},"loc":{"start":{"line":140,"column":29},"end":{"line":158,"column":3}},"line":140},"5":{"name":"(anonymous_5)","decl":{"start":{"line":167,"column":10},"end":{"line":167,"column":11}},"loc":{"start":{"line":167,"column":29},"end":{"line":184,"column":3}},"line":167},"6":{"name":"(anonymous_6)","decl":{"start":{"line":195,"column":10},"end":{"line":195,"column":11}},"loc":{"start":{"line":195,"column":29},"end":{"line":214,"column":3}},"line":195},"7":{"name":"(anonymous_7)","decl":{"start":{"line":229,"column":10},"end":{"line":229,"column":11}},"loc":{"start":{"line":229,"column":29},"end":{"line":244,"column":3}},"line":229},"8":{"name":"(anonymous_8)","decl":{"start":{"line":250,"column":10},"end":{"line":250,"column":11}},"loc":{"start":{"line":250,"column":29},"end":{"line":261,"column":3}},"line":250},"9":{"name":"(anonymous_9)","decl":{"start":{"line":275,"column":10},"end":{"line":275,"column":11}},"loc":{"start":{"line":275,"column":29},"end":{"line":289,"column":3}},"line":275},"10":{"name":"(anonymous_10)","decl":{"start":{"line":297,"column":10},"end":{"line":297,"column":11}},"loc":{"start":{"line":297,"column":52},"end":{"line":312,"column":3}},"line":297},"11":{"name":"(anonymous_11)","decl":{"start":{"line":322,"column":10},"end":{"line":322,"column":11}},"loc":{"start":{"line":322,"column":29},"end":{"line":337,"column":3}},"line":322},"12":{"name":"(anonymous_12)","decl":{"start":{"line":342,"column":10},"end":{"line":342,"column":11}},"loc":{"start":{"line":342,"column":16},"end":{"line":350,"column":3}},"line":342},"13":{"name":"(anonymous_13)","decl":{"start":{"line":346,"column":36},"end":{"line":346,"column":37}},"loc":{"start":{"line":346,"column":55},"end":{"line":348,"column":5}},"line":346},"14":{"name":"(anonymous_14)","decl":{"start":{"line":361,"column":10},"end":{"line":361,"column":11}},"loc":{"start":{"line":361,"column":29},"end":{"line":374,"column":3}},"line":361},"15":{"name":"(anonymous_15)","decl":{"start":{"line":381,"column":10},"end":{"line":381,"column":11}},"loc":{"start":{"line":381,"column":29},"end":{"line":396,"column":3}},"line":381},"16":{"name":"(anonymous_16)","decl":{"start":{"line":407,"column":10},"end":{"line":407,"column":11}},"loc":{"start":{"line":407,"column":29},"end":{"line":425,"column":3}},"line":407}},"branchMap":{"0":{"loc":{"start":{"line":203,"column":14},"end":{"line":203,"column":32}},"type":"binary-expr","locations":[{"start":{"line":203,"column":14},"end":{"line":203,"column":26}},{"start":{"line":203,"column":30},"end":{"line":203,"column":32}}],"line":203},"1":{"loc":{"start":{"line":369,"column":19},"end":{"line":369,"column":41}},"type":"cond-expr","locations":[{"start":{"line":369,"column":36},"end":{"line":369,"column":37}},{"start":{"line":369,"column":40},"end":{"line":369,"column":41}}],"line":369},"2":{"loc":{"start":{"line":430,"column":0},"end":{"line":432,"column":1}},"type":"if","locations":[{"start":{"line":430,"column":0},"end":{"line":432,"column":1}},{"start":{},"end":{}}],"line":430}},"s":{"0":0,"1":0,"2":0,"3":0,"4":0,"5":0,"6":0,"7":0,"8":0,"9":0,"10":0,"11":0,"12":0,"13":0,"14":0,"15":0,"16":0,"17":0,"18":0,"19":0,"20":0,"21":0,"22":0,"23":0,"24":0,"25":0,"26":0,"27":0,"28":0,"29":0,"30":0,"31":0,"32":0,"33":0,"34":0,"35":0,"36":0,"37":0,"38":0,"39":0,"40":0,"41":0,"42":0,"43":0,"44":0,"45":0,"46":0,"47":0,"48":0,"49":0,"50":0,"51":0,"52":0,"53":0,"54":0,"55":0,"56":0,"57":0,"58":0,"59":0,"60":0,"61":0,"62":0,"63":0,"64":0,"65":0,"66":0,"67":0,"68":0,"69":0,"70":0,"71":0,"72":0,"73":0,"74":0,"75":0,"76":0,"77":0,"78":0,"79":0,"80":0,"81":0,"82":0,"83":0,"84":0,"85":0,"86":0,"87":0,"88":0,"89":0,"90":0,"91":0,"92":0,"93":0,"94":0,"95":0,"96":0,"97":0,"98":0,"99":0,"100":0,"101":0,"102":0,"103":0,"104":0,"105":0,"106":0,"107":0,"108":0,"109":0,"110":0,"111":0,"112":0,"113":0,"114":0,"115":0,"116":0,"117":0,"118":0,"119":0,"120":0,"121":0,"122":0,"123":0,"124":0,"125":0},"f":{"0":0,"1":0,"2":0,"3":0,"4":0,"5":0,"6":0,"7":0,"8":0,"9":0,"10":0,"11":0,"12":0,"13":0,"14":0,"15":0,"16":0},"b":{"0":[0,0],"1":[0,0],"2":[0,0]}}
,"/Users/jasonbelcher/Documents/code/xalpheric-neocities/cli/commands/cleanup.js": {"path":"/Users/jasonbelcher/Documents/code/xalpheric-neocities/cli/commands/cleanup.js","statementMap":{"0":{"start":{"line":1,"column":17},"end":{"line":1,"column":36}},"1":{"start":{"line":2,"column":15},"end":{"line":2,"column":45}},"2":{"start":{"line":3,"column":22},"end":{"line":3,"column":48}},"3":{"start":{"line":4,"column":24},"end":{"line":4,"column":52}},"4":{"start":{"line":9,"column":25},"end":{"line":25,"column":1}},"5":{"start":{"line":11,"column":20},"end":{"line":11,"column":46}},"6":{"start":{"line":16,"column":20},"end":{"line":16,"column":41}},"7":{"start":{"line":21,"column":20},"end":{"line":21,"column":56}},"8":{"start":{"line":33,"column":13},"end":{"line":36,"column":4}},"9":{"start":{"line":38,"column":2},"end":{"line":43,"column":5}},"10":{"start":{"line":39,"column":4},"end":{"line":42,"column":7}},"11":{"start":{"line":40,"column":6},"end":{"line":40,"column":17}},"12":{"start":{"line":41,"column":6},"end":{"line":41,"column":78}},"13":{"start":{"line":54,"column":19},"end":{"line":57,"column":3}},"14":{"start":{"line":59,"column":2},"end":{"line":61,"column":5}},"15":{"start":{"line":60,"column":4},"end":{"line":60,"column":47}},"16":{"start":{"line":63,"column":2},"end":{"line":75,"column":5}},"17":{"start":{"line":64,"column":4},"end":{"line":74,"column":5}},"18":{"start":{"line":65,"column":6},"end":{"line":73,"column":7}},"19":{"start":{"line":66,"column":8},"end":{"line":68,"column":9}},"20":{"start":{"line":67,"column":10},"end":{"line":67,"column":68}},"21":{"start":{"line":70,"column":8},"end":{"line":70,"column":57}},"22":{"start":{"line":71,"column":8},"end":{"line":71,"column":32}},"23":{"start":{"line":72,"column":8},"end":{"line":72,"column":14}},"24":{"start":{"line":77,"column":2},"end":{"line":77,"column":18}},"25":{"start":{"line":100,"column":6},"end":{"line":100,"column":13}},"26":{"start":{"line":102,"column":2},"end":{"line":102,"column":29}},"27":{"start":{"line":103,"column":2},"end":{"line":103,"column":56}},"28":{"start":{"line":105,"column":2},"end":{"line":207,"column":3}},"29":{"start":{"line":107,"column":4},"end":{"line":107,"column":64}},"30":{"start":{"line":108,"column":18},"end":{"line":108,"column":41}},"31":{"start":{"line":109,"column":21},"end":{"line":109,"column":55}},"32":{"start":{"line":109,"column":39},"end":{"line":109,"column":54}},"33":{"start":{"line":111,"column":4},"end":{"line":111,"column":53}},"34":{"start":{"line":114,"column":25},"end":{"line":114,"column":33}},"35":{"start":{"line":115,"column":4},"end":{"line":117,"column":5}},"36":{"start":{"line":116,"column":6},"end":{"line":116,"column":74}},"37":{"start":{"line":116,"column":44},"end":{"line":116,"column":72}},"38":{"start":{"line":118,"column":4},"end":{"line":120,"column":5}},"39":{"start":{"line":119,"column":6},"end":{"line":119,"column":75}},"40":{"start":{"line":119,"column":44},"end":{"line":119,"column":73}},"41":{"start":{"line":123,"column":4},"end":{"line":123,"column":54}},"42":{"start":{"line":124,"column":21},"end":{"line":124,"column":77}},"43":{"start":{"line":127,"column":4},"end":{"line":127,"column":52}},"44":{"start":{"line":128,"column":19},"end":{"line":128,"column":24}},"45":{"start":{"line":130,"column":4},"end":{"line":142,"column":7}},"46":{"start":{"line":131,"column":6},"end":{"line":141,"column":7}},"47":{"start":{"line":132,"column":8},"end":{"line":132,"column":24}},"48":{"start":{"line":133,"column":24},"end":{"line":133,"column":67}},"49":{"start":{"line":133,"column":43},"end":{"line":133,"column":66}},"50":{"start":{"line":134,"column":8},"end":{"line":134,"column":82}},"51":{"start":{"line":136,"column":8},"end":{"line":140,"column":9}},"52":{"start":{"line":137,"column":10},"end":{"line":139,"column":13}},"53":{"start":{"line":138,"column":12},"end":{"line":138,"column":50}},"54":{"start":{"line":144,"column":4},"end":{"line":152,"column":5}},"55":{"start":{"line":145,"column":6},"end":{"line":145,"column":77}},"56":{"start":{"line":146,"column":6},"end":{"line":151,"column":8}},"57":{"start":{"line":154,"column":4},"end":{"line":154,"column":70}},"58":{"start":{"line":157,"column":4},"end":{"line":170,"column":5}},"59":{"start":{"line":158,"column":6},"end":{"line":158,"column":66}},"60":{"start":{"line":159,"column":6},"end":{"line":159,"column":52}},"61":{"start":{"line":160,"column":6},"end":{"line":162,"column":9}},"62":{"start":{"line":161,"column":8},"end":{"line":161,"column":41}},"63":{"start":{"line":164,"column":6},"end":{"line":169,"column":8}},"64":{"start":{"line":173,"column":4},"end":{"line":186,"column":5}},"65":{"start":{"line":174,"column":6},"end":{"line":174,"column":87}},"66":{"start":{"line":175,"column":24},"end":{"line":175,"column":75}},"67":{"start":{"line":177,"column":6},"end":{"line":185,"column":7}},"68":{"start":{"line":178,"column":8},"end":{"line":178,"column":42}},"69":{"start":{"line":179,"column":8},"end":{"line":184,"column":10}},"70":{"start":{"line":189,"column":4},"end":{"line":189,"column":67}},"71":{"start":{"line":191,"column":22},"end":{"line":191,"column":51}},"72":{"start":{"line":191,"column":44},"end":{"line":191,"column":50}},"73":{"start":{"line":192,"column":4},"end":{"line":192,"column":41}},"74":{"start":{"line":194,"column":4},"end":{"line":194,"column":86}},"75":{"start":{"line":195,"column":4},"end":{"line":195,"column":40}},"76":{"start":{"line":197,"column":4},"end":{"line":202,"column":6}},"77":{"start":{"line":205,"column":4},"end":{"line":205,"column":57}},"78":{"start":{"line":206,"column":4},"end":{"line":206,"column":16}},"79":{"start":{"line":210,"column":0},"end":{"line":210,"column":25}},"80":{"start":{"line":211,"column":0},"end":{"line":211,"column":51}},"81":{"start":{"line":212,"column":0},"end":{"line":212,"column":61}}},"fnMap":{"0":{"name":"(anonymous_0)","decl":{"start":{"line":11,"column":10},"end":{"line":11,"column":11}},"loc":{"start":{"line":11,"column":20},"end":{"line":11,"column":46}},"line":11},"1":{"name":"(anonymous_1)","decl":{"start":{"line":16,"column":10},"end":{"line":16,"column":11}},"loc":{"start":{"line":16,"column":20},"end":{"line":16,"column":41}},"line":16},"2":{"name":"(anonymous_2)","decl":{"start":{"line":21,"column":10},"end":{"line":21,"column":11}},"loc":{"start":{"line":21,"column":20},"end":{"line":21,"column":56}},"line":21},"3":{"name":"confirm","decl":{"start":{"line":32,"column":15},"end":{"line":32,"column":22}},"loc":{"start":{"line":32,"column":32},"end":{"line":44,"column":1}},"line":32},"4":{"name":"(anonymous_4)","decl":{"start":{"line":38,"column":21},"end":{"line":38,"column":22}},"loc":{"start":{"line":38,"column":34},"end":{"line":43,"column":3}},"line":38},"5":{"name":"(anonymous_5)","decl":{"start":{"line":39,"column":38},"end":{"line":39,"column":39}},"loc":{"start":{"line":39,"column":50},"end":{"line":42,"column":5}},"line":39},"6":{"name":"identifyUnwantedFiles","decl":{"start":{"line":53,"column":9},"end":{"line":53,"column":30}},"loc":{"start":{"line":53,"column":65},"end":{"line":78,"column":1}},"line":53},"7":{"name":"(anonymous_7)","decl":{"start":{"line":59,"column":19},"end":{"line":59,"column":20}},"loc":{"start":{"line":59,"column":30},"end":{"line":61,"column":3}},"line":59},"8":{"name":"(anonymous_8)","decl":{"start":{"line":63,"column":16},"end":{"line":63,"column":17}},"loc":{"start":{"line":63,"column":24},"end":{"line":75,"column":3}},"line":63},"9":{"name":"cleanup","decl":{"start":{"line":92,"column":15},"end":{"line":92,"column":22}},"loc":{"start":{"line":92,"column":45},"end":{"line":208,"column":1}},"line":92},"10":{"name":"(anonymous_10)","decl":{"start":{"line":109,"column":34},"end":{"line":109,"column":35}},"loc":{"start":{"line":109,"column":39},"end":{"line":109,"column":54}},"line":109},"11":{"name":"(anonymous_11)","decl":{"start":{"line":116,"column":39},"end":{"line":116,"column":40}},"loc":{"start":{"line":116,"column":44},"end":{"line":116,"column":72}},"line":116},"12":{"name":"(anonymous_12)","decl":{"start":{"line":119,"column":39},"end":{"line":119,"column":40}},"loc":{"start":{"line":119,"column":44},"end":{"line":119,"column":73}},"line":119},"13":{"name":"(anonymous_13)","decl":{"start":{"line":130,"column":48},"end":{"line":130,"column":49}},"loc":{"start":{"line":130,"column":79},"end":{"line":142,"column":5}},"line":130},"14":{"name":"(anonymous_14)","decl":{"start":{"line":133,"column":38},"end":{"line":133,"column":39}},"loc":{"start":{"line":133,"column":43},"end":{"line":133,"column":66}},"line":133},"15":{"name":"(anonymous_15)","decl":{"start":{"line":137,"column":32},"end":{"line":137,"column":33}},"loc":{"start":{"line":137,"column":40},"end":{"line":139,"column":11}},"line":137},"16":{"name":"(anonymous_16)","decl":{"start":{"line":160,"column":27},"end":{"line":160,"column":28}},"loc":{"start":{"line":160,"column":35},"end":{"line":162,"column":7}},"line":160},"17":{"name":"(anonymous_17)","decl":{"start":{"line":191,"column":39},"end":{"line":191,"column":40}},"loc":{"start":{"line":191,"column":44},"end":{"line":191,"column":50}},"line":191}},"branchMap":{"0":{"loc":{"start":{"line":41,"column":14},"end":{"line":41,"column":76}},"type":"binary-expr","locations":[{"start":{"line":41,"column":14},"end":{"line":41,"column":42}},{"start":{"line":41,"column":46},"end":{"line":41,"column":76}}],"line":41},"1":{"loc":{"start":{"line":53,"column":48},"end":{"line":53,"column":63}},"type":"default-arg","locations":[{"start":{"line":53,"column":58},"end":{"line":53,"column":63}}],"line":53},"2":{"loc":{"start":{"line":65,"column":6},"end":{"line":73,"column":7}},"type":"if","locations":[{"start":{"line":65,"column":6},"end":{"line":73,"column":7}},{"start":{},"end":{}}],"line":65},"3":{"loc":{"start":{"line":66,"column":8},"end":{"line":68,"column":9}},"type":"if","locations":[{"start":{"line":66,"column":8},"end":{"line":68,"column":9}},{"start":{},"end":{}}],"line":66},"4":{"loc":{"start":{"line":92,"column":31},"end":{"line":92,"column":43}},"type":"default-arg","locations":[{"start":{"line":92,"column":41},"end":{"line":92,"column":43}}],"line":92},"5":{"loc":{"start":{"line":94,"column":4},"end":{"line":94,"column":18}},"type":"default-arg","locations":[{"start":{"line":94,"column":13},"end":{"line":94,"column":18}}],"line":94},"6":{"loc":{"start":{"line":95,"column":4},"end":{"line":95,"column":17}},"type":"default-arg","locations":[{"start":{"line":95,"column":12},"end":{"line":95,"column":17}}],"line":95},"7":{"loc":{"start":{"line":96,"column":4},"end":{"line":96,"column":31}},"type":"default-arg","locations":[{"start":{"line":96,"column":15},"end":{"line":96,"column":31}}],"line":96},"8":{"loc":{"start":{"line":97,"column":4},"end":{"line":97,"column":18}},"type":"default-arg","locations":[{"start":{"line":97,"column":14},"end":{"line":97,"column":18}}],"line":97},"9":{"loc":{"start":{"line":98,"column":4},"end":{"line":98,"column":18}},"type":"default-arg","locations":[{"start":{"line":98,"column":14},"end":{"line":98,"column":18}}],"line":98},"10":{"loc":{"start":{"line":99,"column":4},"end":{"line":99,"column":19}},"type":"default-arg","locations":[{"start":{"line":99,"column":14},"end":{"line":99,"column":19}}],"line":99},"11":{"loc":{"start":{"line":115,"column":4},"end":{"line":117,"column":5}},"type":"if","locations":[{"start":{"line":115,"column":4},"end":{"line":117,"column":5}},{"start":{},"end":{}}],"line":115},"12":{"loc":{"start":{"line":118,"column":4},"end":{"line":120,"column":5}},"type":"if","locations":[{"start":{"line":118,"column":4},"end":{"line":120,"column":5}},{"start":{},"end":{}}],"line":118},"13":{"loc":{"start":{"line":131,"column":6},"end":{"line":141,"column":7}},"type":"if","locations":[{"start":{"line":131,"column":6},"end":{"line":141,"column":7}},{"start":{},"end":{}}],"line":131},"14":{"loc":{"start":{"line":136,"column":8},"end":{"line":140,"column":9}},"type":"if","locations":[{"start":{"line":136,"column":8},"end":{"line":140,"column":9}},{"start":{},"end":{}}],"line":136},"15":{"loc":{"start":{"line":144,"column":4},"end":{"line":152,"column":5}},"type":"if","locations":[{"start":{"line":144,"column":4},"end":{"line":152,"column":5}},{"start":{},"end":{}}],"line":144},"16":{"loc":{"start":{"line":157,"column":4},"end":{"line":170,"column":5}},"type":"if","locations":[{"start":{"line":157,"column":4},"end":{"line":170,"column":5}},{"start":{},"end":{}}],"line":157},"17":{"loc":{"start":{"line":173,"column":4},"end":{"line":186,"column":5}},"type":"if","locations":[{"start":{"line":173,"column":4},"end":{"line":186,"column":5}},{"start":{},"end":{}}],"line":173},"18":{"loc":{"start":{"line":177,"column":6},"end":{"line":185,"column":7}},"type":"if","locations":[{"start":{"line":177,"column":6},"end":{"line":185,"column":7}},{"start":{},"end":{}}],"line":177}},"s":{"0":1,"1":1,"2":1,"3":1,"4":1,"5":70,"6":46,"7":29,"8":7,"9":7,"10":7,"11":7,"12":7,"13":22,"14":22,"15":62,"16":22,"17":68,"18":139,"19":42,"20":2,"21":42,"22":42,"23":42,"24":22,"25":18,"26":18,"27":18,"28":18,"29":18,"30":18,"31":17,"32":50,"33":17,"34":17,"35":17,"36":2,"37":6,"38":17,"39":1,"40":3,"41":17,"42":17,"43":17,"44":17,"45":17,"46":47,"47":30,"48":30,"49":44,"50":30,"51":30,"52":2,"53":2,"54":17,"55":1,"56":1,"57":16,"58":16,"59":6,"60":6,"61":6,"62":10,"63":6,"64":10,"65":7,"66":7,"67":7,"68":4,"69":4,"70":6,"71":6,"72":12,"73":6,"74":5,"75":5,"76":5,"77":2,"78":2,"79":1,"80":1,"81":1},"f":{"0":70,"1":46,"2":29,"3":7,"4":7,"5":7,"6":22,"7":62,"8":68,"9":18,"10":50,"11":6,"12":3,"13":47,"14":44,"15":2,"16":10,"17":12},"b":{"0":[7,4],"1":[5],"2":[42,97],"3":[2,40],"4":[0],"5":[12],"6":[8],"7":[18],"8":[16],"9":[17],"10":[17],"11":[2,15],"12":[1,16],"13":[30,17],"14":[2,28],"15":[1,16],"16":[6,10],"17":[7,3],"18":[4,3]},"_coverageSchema":"1a1c01bbd47fc00a2c39e90264f33305004495a9","hash":"3b8847c07c6f7d48d3e57ad2cf7ee522fd53c5df"}
,"/Users/jasonbelcher/Documents/code/xalpheric-neocities/cli/commands/build/all.js": {"path":"/Users/jasonbelcher/Documents/code/xalpheric-neocities/cli/commands/build/all.js","statementMap":{"0":{"start":{"line":1,"column":15},"end":{"line":1,"column":48}},"1":{"start":{"line":10,"column":30},"end":{"line":10,"column":37}},"2":{"start":{"line":12,"column":2},"end":{"line":12,"column":29}},"3":{"start":{"line":13,"column":2},"end":{"line":13,"column":69}},"4":{"start":{"line":15,"column":18},"end":{"line":19,"column":3}},"5":{"start":{"line":21,"column":2},"end":{"line":72,"column":3}},"6":{"start":{"line":23,"column":4},"end":{"line":23,"column":67}},"7":{"start":{"line":25,"column":4},"end":{"line":38,"column":5}},"8":{"start":{"line":26,"column":25},"end":{"line":26,"column":56}},"9":{"start":{"line":27,"column":6},"end":{"line":31,"column":9}},"10":{"start":{"line":33,"column":6},"end":{"line":33,"column":90}},"11":{"start":{"line":35,"column":6},"end":{"line":35,"column":61}},"12":{"start":{"line":36,"column":6},"end":{"line":36,"column":46}},"13":{"start":{"line":37,"column":6},"end":{"line":37,"column":75}},"14":{"start":{"line":41,"column":4},"end":{"line":41,"column":63}},"15":{"start":{"line":43,"column":25},"end":{"line":43,"column":45}},"16":{"start":{"line":44,"column":4},"end":{"line":50,"column":7}},"17":{"start":{"line":52,"column":4},"end":{"line":54,"column":5}},"18":{"start":{"line":53,"column":6},"end":{"line":53,"column":79}},"19":{"start":{"line":56,"column":4},"end":{"line":56,"column":86}},"20":{"start":{"line":59,"column":4},"end":{"line":59,"column":50}},"21":{"start":{"line":60,"column":4},"end":{"line":60,"column":69}},"22":{"start":{"line":61,"column":4},"end":{"line":61,"column":68}},"23":{"start":{"line":63,"column":4},"end":{"line":63,"column":75}},"24":{"start":{"line":65,"column":4},"end":{"line":65,"column":27}},"25":{"start":{"line":66,"column":4},"end":{"line":66,"column":19}},"26":{"start":{"line":69,"column":4},"end":{"line":69,"column":58}},"27":{"start":{"line":70,"column":4},"end":{"line":70,"column":28}},"28":{"start":{"line":71,"column":4},"end":{"line":71,"column":16}},"29":{"start":{"line":75,"column":0},"end":{"line":75,"column":26}}},"fnMap":{"0":{"name":"buildAll","decl":{"start":{"line":9,"column":15},"end":{"line":9,"column":23}},"loc":{"start":{"line":9,"column":38},"end":{"line":73,"column":1}},"line":9}},"branchMap":{"0":{"loc":{"start":{"line":9,"column":24},"end":{"line":9,"column":36}},"type":"default-arg","locations":[{"start":{"line":9,"column":34},"end":{"line":9,"column":36}}],"line":9},"1":{"loc":{"start":{"line":10,"column":10},"end":{"line":10,"column":25}},"type":"default-arg","locations":[{"start":{"line":10,"column":20},"end":{"line":10,"column":25}}],"line":10},"2":{"loc":{"start":{"line":52,"column":4},"end":{"line":54,"column":5}},"type":"if","locations":[{"start":{"line":52,"column":4},"end":{"line":54,"column":5}},{"start":{},"end":{}}],"line":52}},"s":{"0":1,"1":19,"2":19,"3":19,"4":19,"5":19,"6":19,"7":19,"8":19,"9":19,"10":15,"11":4,"12":4,"13":4,"14":19,"15":19,"16":19,"17":16,"18":1,"19":15,"20":15,"21":15,"22":15,"23":15,"24":15,"25":15,"26":4,"27":4,"28":4,"29":1},"f":{"0":19},"b":{"0":[1],"1":[2],"2":[1,15]},"_coverageSchema":"1a1c01bbd47fc00a2c39e90264f33305004495a9","hash":"760440c67612ed92d47d9f795e48b78c049a5ad4"}
,"/Users/jasonbelcher/Documents/code/xalpheric-neocities/cli/commands/build/musings.js": {"path":"/Users/jasonbelcher/Documents/code/xalpheric-neocities/cli/commands/build/musings.js","statementMap":{"0":{"start":{"line":1,"column":11},"end":{"line":1,"column":33}},"1":{"start":{"line":2,"column":15},"end":{"line":2,"column":28}},"2":{"start":{"line":3,"column":13},"end":{"line":3,"column":28}},"3":{"start":{"line":4,"column":21},"end":{"line":4,"column":45}},"4":{"start":{"line":5,"column":19},"end":{"line":5,"column":41}},"5":{"start":{"line":6,"column":15},"end":{"line":6,"column":48}},"6":{"start":{"line":25,"column":6},"end":{"line":25,"column":13}},"7":{"start":{"line":27,"column":2},"end":{"line":27,"column":29}},"8":{"start":{"line":28,"column":2},"end":{"line":28,"column":48}},"9":{"start":{"line":30,"column":2},"end":{"line":149,"column":3}},"10":{"start":{"line":32,"column":4},"end":{"line":39,"column":5}},"11":{"start":{"line":33,"column":6},"end":{"line":33,"column":55}},"12":{"start":{"line":34,"column":6},"end":{"line":38,"column":7}},"13":{"start":{"line":35,"column":8},"end":{"line":35,"column":105}},"14":{"start":{"line":37,"column":8},"end":{"line":37,"column":70}},"15":{"start":{"line":42,"column":4},"end":{"line":45,"column":5}},"16":{"start":{"line":43,"column":6},"end":{"line":43,"column":52}},"17":{"start":{"line":44,"column":6},"end":{"line":44,"column":63}},"18":{"start":{"line":48,"column":4},"end":{"line":48,"column":39}},"19":{"start":{"line":51,"column":18},"end":{"line":51,"column":42}},"20":{"start":{"line":52,"column":18},"end":{"line":52,"column":20}},"21":{"start":{"line":54,"column":4},"end":{"line":60,"column":5}},"22":{"start":{"line":55,"column":6},"end":{"line":59,"column":7}},"23":{"start":{"line":56,"column":25},"end":{"line":56,"column":48}},"24":{"start":{"line":57,"column":22},"end":{"line":57,"column":45}},"25":{"start":{"line":58,"column":8},"end":{"line":58,"column":49}},"26":{"start":{"line":62,"column":4},"end":{"line":70,"column":5}},"27":{"start":{"line":63,"column":6},"end":{"line":63,"column":69}},"28":{"start":{"line":64,"column":6},"end":{"line":69,"column":8}},"29":{"start":{"line":73,"column":4},"end":{"line":73,"column":44}},"30":{"start":{"line":73,"column":25},"end":{"line":73,"column":42}},"31":{"start":{"line":75,"column":4},"end":{"line":75,"column":67}},"32":{"start":{"line":78,"column":21},"end":{"line":78,"column":22}},"33":{"start":{"line":79,"column":22},"end":{"line":79,"column":23}},"34":{"start":{"line":80,"column":25},"end":{"line":80,"column":27}},"35":{"start":{"line":82,"column":4},"end":{"line":123,"column":5}},"36":{"start":{"line":83,"column":6},"end":{"line":122,"column":7}},"37":{"start":{"line":84,"column":21},"end":{"line":84,"column":47}},"38":{"start":{"line":85,"column":30},"end":{"line":85,"column":48}},"39":{"start":{"line":86,"column":27},"end":{"line":86,"column":50}},"40":{"start":{"line":87,"column":25},"end":{"line":87,"column":67}},"41":{"start":{"line":90,"column":32},"end":{"line":90,"column":70}},"42":{"start":{"line":93,"column":31},"end":{"line":97,"column":9}},"43":{"start":{"line":100,"column":8},"end":{"line":100,"column":66}},"44":{"start":{"line":103,"column":19},"end":{"line":103,"column":43}},"45":{"start":{"line":104,"column":31},"end":{"line":104,"column":58}},"46":{"start":{"line":107,"column":8},"end":{"line":107,"column":62}},"47":{"start":{"line":110,"column":28},"end":{"line":110,"column":66}},"48":{"start":{"line":113,"column":8},"end":{"line":113,"column":59}},"49":{"start":{"line":115,"column":8},"end":{"line":115,"column":51}},"50":{"start":{"line":116,"column":8},"end":{"line":116,"column":21}},"51":{"start":{"line":118,"column":8},"end":{"line":118,"column":67}},"52":{"start":{"line":120,"column":8},"end":{"line":120,"column":68}},"53":{"start":{"line":121,"column":8},"end":{"line":121,"column":22}},"54":{"start":{"line":126,"column":22},"end":{"line":126,"column":53}},"55":{"start":{"line":127,"column":4},"end":{"line":127,"column":49}},"56":{"start":{"line":130,"column":4},"end":{"line":130,"column":47}},"57":{"start":{"line":131,"column":4},"end":{"line":131,"column":45}},"58":{"start":{"line":132,"column":4},"end":{"line":134,"column":5}},"59":{"start":{"line":133,"column":6},"end":{"line":133,"column":50}},"60":{"start":{"line":135,"column":4},"end":{"line":135,"column":43}},"61":{"start":{"line":136,"column":4},"end":{"line":136,"column":43}},"62":{"start":{"line":138,"column":4},"end":{"line":138,"column":61}},"63":{"start":{"line":140,"column":4},"end":{"line":145,"column":6}},"64":{"start":{"line":147,"column":4},"end":{"line":147,"column":53}},"65":{"start":{"line":148,"column":4},"end":{"line":148,"column":16}},"66":{"start":{"line":156,"column":2},"end":{"line":159,"column":3}},"67":{"start":{"line":157,"column":4},"end":{"line":157,"column":57}},"68":{"start":{"line":158,"column":4},"end":{"line":158,"column":73}},"69":{"start":{"line":166,"column":2},"end":{"line":169,"column":27}},"70":{"start":{"line":176,"column":21},"end":{"line":176,"column":44}},"71":{"start":{"line":177,"column":19},"end":{"line":177,"column":53}},"72":{"start":{"line":180,"column":2},"end":{"line":182,"column":3}},"73":{"start":{"line":181,"column":4},"end":{"line":181,"column":20}},"74":{"start":{"line":185,"column":19},"end":{"line":185,"column":44}},"75":{"start":{"line":186,"column":29},"end":{"line":186,"column":66}},"76":{"start":{"line":188,"column":2},"end":{"line":194,"column":3}},"77":{"start":{"line":189,"column":28},"end":{"line":189,"column":74}},"78":{"start":{"line":190,"column":4},"end":{"line":193,"column":5}},"79":{"start":{"line":191,"column":6},"end":{"line":191,"column":78}},"80":{"start":{"line":192,"column":6},"end":{"line":192,"column":34}},"81":{"start":{"line":196,"column":2},"end":{"line":209,"column":3}},"82":{"start":{"line":198,"column":4},"end":{"line":205,"column":5}},"83":{"start":{"line":199,"column":6},"end":{"line":199,"column":46}},"84":{"start":{"line":200,"column":6},"end":{"line":200,"column":68}},"85":{"start":{"line":201,"column":6},"end":{"line":201,"column":22}},"86":{"start":{"line":203,"column":6},"end":{"line":203,"column":56}},"87":{"start":{"line":204,"column":6},"end":{"line":204,"column":18}},"88":{"start":{"line":207,"column":4},"end":{"line":207,"column":73}},"89":{"start":{"line":208,"column":4},"end":{"line":208,"column":16}},"90":{"start":{"line":216,"column":25},"end":{"line":216,"column":32}},"91":{"start":{"line":219,"column":2},"end":{"line":222,"column":5}},"92":{"start":{"line":220,"column":20},"end":{"line":220,"column":53}},"93":{"start":{"line":221,"column":4},"end":{"line":221,"column":44}},"94":{"start":{"line":225,"column":2},"end":{"line":225,"column":64}},"95":{"start":{"line":228,"column":23},"end":{"line":228,"column":74}},"96":{"start":{"line":230,"column":2},"end":{"line":232,"column":3}},"97":{"start":{"line":231,"column":4},"end":{"line":231,"column":28}},"98":{"start":{"line":234,"column":2},"end":{"line":277,"column":3}},"99":{"start":{"line":235,"column":23},"end":{"line":235,"column":62}},"100":{"start":{"line":236,"column":4},"end":{"line":276,"column":5}},"101":{"start":{"line":237,"column":22},"end":{"line":237,"column":35}},"102":{"start":{"line":238,"column":27},"end":{"line":238,"column":40}},"103":{"start":{"line":239,"column":23},"end":{"line":239,"column":50}},"104":{"start":{"line":242,"column":6},"end":{"line":244,"column":7}},"105":{"start":{"line":243,"column":8},"end":{"line":243,"column":17}},"106":{"start":{"line":248,"column":6},"end":{"line":262,"column":7}},"107":{"start":{"line":249,"column":29},"end":{"line":249,"column":54}},"108":{"start":{"line":250,"column":8},"end":{"line":250,"column":60}},"109":{"start":{"line":251,"column":13},"end":{"line":262,"column":7}},"110":{"start":{"line":252,"column":8},"end":{"line":252,"column":80}},"111":{"start":{"line":253,"column":13},"end":{"line":262,"column":7}},"112":{"start":{"line":254,"column":8},"end":{"line":254,"column":36}},"113":{"start":{"line":256,"column":33},"end":{"line":256,"column":89}},"114":{"start":{"line":257,"column":8},"end":{"line":261,"column":9}},"115":{"start":{"line":258,"column":10},"end":{"line":258,"column":42}},"116":{"start":{"line":260,"column":10},"end":{"line":260,"column":52}},"117":{"start":{"line":265,"column":29},"end":{"line":269,"column":7}},"118":{"start":{"line":271,"column":6},"end":{"line":275,"column":7}},"119":{"start":{"line":272,"column":34},"end":{"line":272,"column":90}},"120":{"start":{"line":273,"column":8},"end":{"line":273,"column":78}},"121":{"start":{"line":274,"column":8},"end":{"line":274,"column":97}},"122":{"start":{"line":279,"column":2},"end":{"line":279,"column":26}},"123":{"start":{"line":286,"column":13},"end":{"line":291,"column":4}},"124":{"start":{"line":294,"column":2},"end":{"line":312,"column":4}},"125":{"start":{"line":295,"column":18},"end":{"line":295,"column":29}},"126":{"start":{"line":296,"column":21},"end":{"line":296,"column":43}},"127":{"start":{"line":297,"column":23},"end":{"line":297,"column":47}},"128":{"start":{"line":298,"column":21},"end":{"line":298,"column":43}},"129":{"start":{"line":300,"column":14},"end":{"line":300,"column":16}},"130":{"start":{"line":301,"column":16},"end":{"line":301,"column":18}},"131":{"start":{"line":302,"column":14},"end":{"line":302,"column":16}},"132":{"start":{"line":304,"column":4},"end":{"line":304,"column":54}},"133":{"start":{"line":304,"column":23},"end":{"line":304,"column":54}},"134":{"start":{"line":305,"column":4},"end":{"line":305,"column":60}},"135":{"start":{"line":305,"column":25},"end":{"line":305,"column":60}},"136":{"start":{"line":306,"column":4},"end":{"line":306,"column":54}},"137":{"start":{"line":306,"column":23},"end":{"line":306,"column":54}},"138":{"start":{"line":308,"column":4},"end":{"line":311,"column":10}},"139":{"start":{"line":314,"column":2},"end":{"line":314,"column":12}},"140":{"start":{"line":322,"column":2},"end":{"line":324,"column":5}},"141":{"start":{"line":323,"column":4},"end":{"line":323,"column":39}},"142":{"start":{"line":327,"column":2},"end":{"line":330,"column":4}},"143":{"start":{"line":329,"column":24},"end":{"line":329,"column":51}},"144":{"start":{"line":333,"column":2},"end":{"line":336,"column":4}},"145":{"start":{"line":335,"column":24},"end":{"line":335,"column":51}},"146":{"start":{"line":338,"column":2},"end":{"line":338,"column":17}},"147":{"start":{"line":345,"column":2},"end":{"line":352,"column":12}},"148":{"start":{"line":360,"column":2},"end":{"line":362,"column":40}},"149":{"start":{"line":369,"column":2},"end":{"line":418,"column":9}},"150":{"start":{"line":425,"column":18},"end":{"line":425,"column":26}},"151":{"start":{"line":427,"column":2},"end":{"line":429,"column":3}},"152":{"start":{"line":428,"column":4},"end":{"line":428,"column":82}},"153":{"start":{"line":431,"column":2},"end":{"line":431,"column":23}},"154":{"start":{"line":432,"column":2},"end":{"line":432,"column":52}},"155":{"start":{"line":434,"column":2},"end":{"line":434,"column":53}},"156":{"start":{"line":437,"column":0},"end":{"line":437,"column":30}}},"fnMap":{"0":{"name":"buildMusings","decl":{"start":{"line":18,"column":15},"end":{"line":18,"column":27}},"loc":{"start":{"line":18,"column":42},"end":{"line":150,"column":1}},"line":18},"1":{"name":"(anonymous_1)","decl":{"start":{"line":73,"column":15},"end":{"line":73,"column":16}},"loc":{"start":{"line":73,"column":25},"end":{"line":73,"column":42}},"line":73},"2":{"name":"ensureBlogImagesDir","decl":{"start":{"line":155,"column":9},"end":{"line":155,"column":28}},"loc":{"start":{"line":155,"column":44},"end":{"line":160,"column":1}},"line":155},"3":{"name":"sanitizeName","decl":{"start":{"line":165,"column":9},"end":{"line":165,"column":21}},"loc":{"start":{"line":165,"column":28},"end":{"line":170,"column":1}},"line":165},"4":{"name":"copyImageToBlogImages","decl":{"start":{"line":175,"column":15},"end":{"line":175,"column":36}},"loc":{"start":{"line":175,"column":73},"end":{"line":210,"column":1}},"line":175},"5":{"name":"processImagesInContent","decl":{"start":{"line":215,"column":15},"end":{"line":215,"column":37}},"loc":{"start":{"line":215,"column":78},"end":{"line":280,"column":1}},"line":215},"6":{"name":"(anonymous_6)","decl":{"start":{"line":219,"column":68},"end":{"line":219,"column":69}},"loc":{"start":{"line":219,"column":89},"end":{"line":222,"column":3}},"line":219},"7":{"name":"createMarkdownRenderer","decl":{"start":{"line":285,"column":9},"end":{"line":285,"column":31}},"loc":{"start":{"line":285,"column":34},"end":{"line":315,"column":1}},"line":285},"8":{"name":"(anonymous_8)","decl":{"start":{"line":294,"column":28},"end":{"line":294,"column":29}},"loc":{"start":{"line":294,"column":51},"end":{"line":312,"column":3}},"line":294},"9":{"name":"processYouTubeEmbeds","decl":{"start":{"line":320,"column":9},"end":{"line":320,"column":29}},"loc":{"start":{"line":320,"column":39},"end":{"line":339,"column":1}},"line":320},"10":{"name":"(anonymous_10)","decl":{"start":{"line":322,"column":65},"end":{"line":322,"column":66}},"loc":{"start":{"line":322,"column":85},"end":{"line":324,"column":3}},"line":322},"11":{"name":"(anonymous_11)","decl":{"start":{"line":329,"column":4},"end":{"line":329,"column":5}},"loc":{"start":{"line":329,"column":24},"end":{"line":329,"column":51}},"line":329},"12":{"name":"(anonymous_12)","decl":{"start":{"line":335,"column":4},"end":{"line":335,"column":5}},"loc":{"start":{"line":335,"column":24},"end":{"line":335,"column":51}},"line":335},"13":{"name":"createYouTubeEmbed","decl":{"start":{"line":344,"column":9},"end":{"line":344,"column":27}},"loc":{"start":{"line":344,"column":37},"end":{"line":353,"column":1}},"line":344},"14":{"name":"fixHtmlStructure","decl":{"start":{"line":358,"column":9},"end":{"line":358,"column":25}},"loc":{"start":{"line":358,"column":32},"end":{"line":363,"column":1}},"line":358},"15":{"name":"wrapInTemplate","decl":{"start":{"line":368,"column":9},"end":{"line":368,"column":23}},"loc":{"start":{"line":368,"column":40},"end":{"line":419,"column":1}},"line":368},"16":{"name":"generateIndex","decl":{"start":{"line":424,"column":15},"end":{"line":424,"column":28}},"loc":{"start":{"line":424,"column":49},"end":{"line":435,"column":1}},"line":424}},"branchMap":{"0":{"loc":{"start":{"line":18,"column":28},"end":{"line":18,"column":40}},"type":"default-arg","locations":[{"start":{"line":18,"column":38},"end":{"line":18,"column":40}}],"line":18},"1":{"loc":{"start":{"line":20,"column":4},"end":{"line":20,"column":35}},"type":"default-arg","locations":[{"start":{"line":20,"column":13},"end":{"line":20,"column":35}}],"line":20},"2":{"loc":{"start":{"line":21,"column":4},"end":{"line":21,"column":29}},"type":"default-arg","locations":[{"start":{"line":21,"column":13},"end":{"line":21,"column":29}}],"line":21},"3":{"loc":{"start":{"line":22,"column":4},"end":{"line":22,"column":47}},"type":"default-arg","locations":[{"start":{"line":22,"column":20},"end":{"line":22,"column":47}}],"line":22},"4":{"loc":{"start":{"line":23,"column":4},"end":{"line":23,"column":24}},"type":"default-arg","locations":[{"start":{"line":23,"column":20},"end":{"line":23,"column":24}}],"line":23},"5":{"loc":{"start":{"line":24,"column":4},"end":{"line":24,"column":19}},"type":"default-arg","locations":[{"start":{"line":24,"column":14},"end":{"line":24,"column":19}}],"line":24},"6":{"loc":{"start":{"line":32,"column":4},"end":{"line":39,"column":5}},"type":"if","locations":[{"start":{"line":32,"column":4},"end":{"line":39,"column":5}},{"start":{},"end":{}}],"line":32},"7":{"loc":{"start":{"line":35,"column":71},"end":{"line":35,"column":101}},"type":"cond-expr","locations":[{"start":{"line":35,"column":81},"end":{"line":35,"column":90}},{"start":{"line":35,"column":93},"end":{"line":35,"column":101}}],"line":35},"8":{"loc":{"start":{"line":42,"column":4},"end":{"line":45,"column":5}},"type":"if","locations":[{"start":{"line":42,"column":4},"end":{"line":45,"column":5}},{"start":{},"end":{}}],"line":42},"9":{"loc":{"start":{"line":55,"column":6},"end":{"line":59,"column":7}},"type":"if","locations":[{"start":{"line":55,"column":6},"end":{"line":59,"column":7}},{"start":{},"end":{}}],"line":55},"10":{"loc":{"start":{"line":62,"column":4},"end":{"line":70,"column":5}},"type":"if","locations":[{"start":{"line":62,"column":4},"end":{"line":70,"column":5}},{"start":{},"end":{}}],"line":62},"11":{"loc":{"start":{"line":132,"column":4},"end":{"line":134,"column":5}},"type":"if","locations":[{"start":{"line":132,"column":4},"end":{"line":134,"column":5}},{"start":{},"end":{}}],"line":132},"12":{"loc":{"start":{"line":156,"column":2},"end":{"line":159,"column":3}},"type":"if","locations":[{"start":{"line":156,"column":2},"end":{"line":159,"column":3}},{"start":{},"end":{}}],"line":156},"13":{"loc":{"start":{"line":180,"column":2},"end":{"line":182,"column":3}},"type":"if","locations":[{"start":{"line":180,"column":2},"end":{"line":182,"column":3}},{"start":{},"end":{}}],"line":180},"14":{"loc":{"start":{"line":190,"column":4},"end":{"line":193,"column":5}},"type":"if","locations":[{"start":{"line":190,"column":4},"end":{"line":193,"column":5}},{"start":{},"end":{}}],"line":190},"15":{"loc":{"start":{"line":198,"column":4},"end":{"line":205,"column":5}},"type":"if","locations":[{"start":{"line":198,"column":4},"end":{"line":205,"column":5}},{"start":{"line":202,"column":11},"end":{"line":205,"column":5}}],"line":198},"16":{"loc":{"start":{"line":230,"column":2},"end":{"line":232,"column":3}},"type":"if","locations":[{"start":{"line":230,"column":2},"end":{"line":232,"column":3}},{"start":{},"end":{}}],"line":230},"17":{"loc":{"start":{"line":236,"column":4},"end":{"line":276,"column":5}},"type":"if","locations":[{"start":{"line":236,"column":4},"end":{"line":276,"column":5}},{"start":{},"end":{}}],"line":236},"18":{"loc":{"start":{"line":242,"column":6},"end":{"line":244,"column":7}},"type":"if","locations":[{"start":{"line":242,"column":6},"end":{"line":244,"column":7}},{"start":{},"end":{}}],"line":242},"19":{"loc":{"start":{"line":242,"column":10},"end":{"line":242,"column":82}},"type":"binary-expr","locations":[{"start":{"line":242,"column":10},"end":{"line":242,"column":47}},{"start":{"line":242,"column":51},"end":{"line":242,"column":82}}],"line":242},"20":{"loc":{"start":{"line":248,"column":6},"end":{"line":262,"column":7}},"type":"if","locations":[{"start":{"line":248,"column":6},"end":{"line":262,"column":7}},{"start":{"line":251,"column":13},"end":{"line":262,"column":7}}],"line":248},"21":{"loc":{"start":{"line":251,"column":13},"end":{"line":262,"column":7}},"type":"if","locations":[{"start":{"line":251,"column":13},"end":{"line":262,"column":7}},{"start":{"line":253,"column":13},"end":{"line":262,"column":7}}],"line":251},"22":{"loc":{"start":{"line":253,"column":13},"end":{"line":262,"column":7}},"type":"if","locations":[{"start":{"line":253,"column":13},"end":{"line":262,"column":7}},{"start":{"line":255,"column":13},"end":{"line":262,"column":7}}],"line":253},"23":{"loc":{"start":{"line":257,"column":8},"end":{"line":261,"column":9}},"type":"if","locations":[{"start":{"line":257,"column":8},"end":{"line":261,"column":9}},{"start":{"line":259,"column":15},"end":{"line":261,"column":9}}],"line":257},"24":{"loc":{"start":{"line":271,"column":6},"end":{"line":275,"column":7}},"type":"if","locations":[{"start":{"line":271,"column":6},"end":{"line":275,"column":7}},{"start":{},"end":{}}],"line":271},"25":{"loc":{"start":{"line":304,"column":4},"end":{"line":304,"column":54}},"type":"if","locations":[{"start":{"line":304,"column":4},"end":{"line":304,"column":54}},{"start":{},"end":{}}],"line":304},"26":{"loc":{"start":{"line":305,"column":4},"end":{"line":305,"column":60}},"type":"if","locations":[{"start":{"line":305,"column":4},"end":{"line":305,"column":60}},{"start":{},"end":{}}],"line":305},"27":{"loc":{"start":{"line":306,"column":4},"end":{"line":306,"column":54}},"type":"if","locations":[{"start":{"line":306,"column":4},"end":{"line":306,"column":54}},{"start":{},"end":{}}],"line":306},"28":{"loc":{"start":{"line":309,"column":56},"end":{"line":309,"column":87}},"type":"cond-expr","locations":[{"start":{"line":309,"column":64},"end":{"line":309,"column":82}},{"start":{"line":309,"column":85},"end":{"line":309,"column":87}}],"line":309},"29":{"loc":{"start":{"line":310,"column":6},"end":{"line":310,"column":63}},"type":"cond-expr","locations":[{"start":{"line":310,"column":12},"end":{"line":310,"column":58}},{"start":{"line":310,"column":61},"end":{"line":310,"column":63}}],"line":310}},"s":{"0":2,"1":2,"2":2,"3":2,"4":2,"5":2,"6":23,"7":23,"8":23,"9":23,"10":23,"11":2,"12":2,"13":2,"14":1,"15":23,"16":1,"17":1,"18":23,"19":23,"20":22,"21":22,"22":29,"23":27,"24":27,"25":27,"26":22,"27":2,"28":2,"29":20,"30":7,"31":20,"32":20,"33":20,"34":20,"35":20,"36":27,"37":27,"38":27,"39":27,"40":27,"41":27,"42":26,"43":26,"44":26,"45":26,"46":26,"47":26,"48":26,"49":26,"50":26,"51":26,"52":1,"53":1,"54":20,"55":20,"56":20,"57":20,"58":20,"59":1,"60":20,"61":20,"62":20,"63":20,"64":1,"65":1,"66":23,"67":2,"68":2,"69":27,"70":4,"71":4,"72":4,"73":2,"74":2,"75":2,"76":2,"77":10,"78":10,"79":0,"80":0,"81":2,"82":2,"83":1,"84":1,"85":1,"86":1,"87":1,"88":0,"89":0,"90":26,"91":26,"92":1,"93":1,"94":26,"95":26,"96":26,"97":22,"98":4,"99":4,"100":4,"101":4,"102":4,"103":4,"104":4,"105":0,"106":4,"107":1,"108":1,"109":3,"110":0,"111":3,"112":0,"113":3,"114":3,"115":2,"116":1,"117":4,"118":4,"119":3,"120":3,"121":3,"122":4,"123":26,"124":26,"125":4,"126":4,"127":4,"128":4,"129":4,"130":4,"131":4,"132":4,"133":4,"134":4,"135":0,"136":4,"137":4,"138":4,"139":26,"140":26,"141":1,"142":26,"143":1,"144":26,"145":0,"146":26,"147":2,"148":26,"149":26,"150":20,"151":20,"152":26,"153":20,"154":20,"155":20,"156":2},"f":{"0":23,"1":7,"2":23,"3":27,"4":4,"5":26,"6":1,"7":26,"8":4,"9":26,"10":1,"11":1,"12":0,"13":2,"14":26,"15":26,"16":20},"b":{"0":[0],"1":[0],"2":[0],"3":[18],"4":[0],"5":[20],"6":[2,21],"7":[1,1],"8":[1,22],"9":[27,2],"10":[2,20],"11":[1,19],"12":[2,21],"13":[2,2],"14":[0,10],"15":[1,1],"16":[22,4],"17":[4,0],"18":[0,4],"19":[4,4],"20":[1,3],"21":[0,3],"22":[0,3],"23":[2,1],"24":[3,1],"25":[4,0],"26":[0,4],"27":[4,0],"28":[0,4],"29":[0,4]},"_coverageSchema":"1a1c01bbd47fc00a2c39e90264f33305004495a9","hash":"5a11685969d04624725e24942b29f63785eb73db"}
,"/Users/jasonbelcher/Documents/code/xalpheric-neocities/cli/commands/check/deps.js": {"path":"/Users/jasonbelcher/Documents/code/xalpheric-neocities/cli/commands/check/deps.js","statementMap":{"0":{"start":{"line":1,"column":21},"end":{"line":1,"column":45}},"1":{"start":{"line":2,"column":15},"end":{"line":2,"column":48}},"2":{"start":{"line":7,"column":20},"end":{"line":12,"column":1}},"3":{"start":{"line":17,"column":18},"end":{"line":23,"column":1}},"4":{"start":{"line":31,"column":2},"end":{"line":36,"column":3}},"5":{"start":{"line":32,"column":4},"end":{"line":32,"column":59}},"6":{"start":{"line":33,"column":4},"end":{"line":33,"column":16}},"7":{"start":{"line":35,"column":4},"end":{"line":35,"column":17}},"8":{"start":{"line":45,"column":2},"end":{"line":50,"column":3}},"9":{"start":{"line":46,"column":4},"end":{"line":46,"column":24}},"10":{"start":{"line":47,"column":4},"end":{"line":47,"column":16}},"11":{"start":{"line":49,"column":4},"end":{"line":49,"column":17}},"12":{"start":{"line":60,"column":30},"end":{"line":60,"column":37}},"13":{"start":{"line":62,"column":2},"end":{"line":62,"column":29}},"14":{"start":{"line":63,"column":2},"end":{"line":63,"column":67}},"15":{"start":{"line":65,"column":18},"end":{"line":68,"column":3}},"16":{"start":{"line":71,"column":2},"end":{"line":71,"column":49}},"17":{"start":{"line":73,"column":2},"end":{"line":81,"column":3}},"18":{"start":{"line":74,"column":4},"end":{"line":80,"column":5}},"19":{"start":{"line":75,"column":6},"end":{"line":75,"column":50}},"20":{"start":{"line":76,"column":6},"end":{"line":76,"column":41}},"21":{"start":{"line":78,"column":6},"end":{"line":78,"column":73}},"22":{"start":{"line":79,"column":6},"end":{"line":79,"column":39}},"23":{"start":{"line":84,"column":2},"end":{"line":84,"column":52}},"24":{"start":{"line":86,"column":2},"end":{"line":94,"column":3}},"25":{"start":{"line":87,"column":4},"end":{"line":93,"column":5}},"26":{"start":{"line":88,"column":6},"end":{"line":88,"column":45}},"27":{"start":{"line":89,"column":6},"end":{"line":89,"column":39}},"28":{"start":{"line":91,"column":6},"end":{"line":91,"column":41}},"29":{"start":{"line":92,"column":6},"end":{"line":92,"column":37}},"30":{"start":{"line":97,"column":23},"end":{"line":97,"column":82}},"31":{"start":{"line":99,"column":2},"end":{"line":99,"column":18}},"32":{"start":{"line":100,"column":2},"end":{"line":125,"column":3}},"33":{"start":{"line":101,"column":4},"end":{"line":101,"column":65}},"34":{"start":{"line":103,"column":4},"end":{"line":103,"column":65}},"35":{"start":{"line":104,"column":4},"end":{"line":104,"column":50}},"36":{"start":{"line":106,"column":4},"end":{"line":119,"column":5}},"37":{"start":{"line":107,"column":6},"end":{"line":107,"column":44}},"38":{"start":{"line":108,"column":6},"end":{"line":118,"column":7}},"39":{"start":{"line":109,"column":25},"end":{"line":111,"column":21}},"40":{"start":{"line":110,"column":20},"end":{"line":110,"column":90}},"41":{"start":{"line":112,"column":8},"end":{"line":112,"column":30}},"42":{"start":{"line":113,"column":13},"end":{"line":118,"column":7}},"43":{"start":{"line":114,"column":25},"end":{"line":116,"column":21}},"44":{"start":{"line":115,"column":20},"end":{"line":115,"column":94}},"45":{"start":{"line":117,"column":8},"end":{"line":117,"column":30}},"46":{"start":{"line":121,"column":4},"end":{"line":124,"column":5}},"47":{"start":{"line":122,"column":6},"end":{"line":122,"column":45}},"48":{"start":{"line":123,"column":6},"end":{"line":123,"column":69}},"49":{"start":{"line":127,"column":2},"end":{"line":130,"column":4}},"50":{"start":{"line":133,"column":0},"end":{"line":133,"column":27}}},"fnMap":{"0":{"name":"checkCommand","decl":{"start":{"line":30,"column":9},"end":{"line":30,"column":21}},"loc":{"start":{"line":30,"column":31},"end":{"line":37,"column":1}},"line":30},"1":{"name":"checkNodeModule","decl":{"start":{"line":44,"column":9},"end":{"line":44,"column":24}},"loc":{"start":{"line":44,"column":37},"end":{"line":51,"column":1}},"line":44},"2":{"name":"checkDeps","decl":{"start":{"line":59,"column":15},"end":{"line":59,"column":24}},"loc":{"start":{"line":59,"column":39},"end":{"line":131,"column":1}},"line":59},"3":{"name":"(anonymous_3)","decl":{"start":{"line":110,"column":15},"end":{"line":110,"column":16}},"loc":{"start":{"line":110,"column":20},"end":{"line":110,"column":90}},"line":110},"4":{"name":"(anonymous_4)","decl":{"start":{"line":115,"column":15},"end":{"line":115,"column":16}},"loc":{"start":{"line":115,"column":20},"end":{"line":115,"column":94}},"line":115}},"branchMap":{"0":{"loc":{"start":{"line":59,"column":25},"end":{"line":59,"column":37}},"type":"default-arg","locations":[{"start":{"line":59,"column":35},"end":{"line":59,"column":37}}],"line":59},"1":{"loc":{"start":{"line":60,"column":10},"end":{"line":60,"column":25}},"type":"default-arg","locations":[{"start":{"line":60,"column":20},"end":{"line":60,"column":25}}],"line":60},"2":{"loc":{"start":{"line":74,"column":4},"end":{"line":80,"column":5}},"type":"if","locations":[{"start":{"line":74,"column":4},"end":{"line":80,"column":5}},{"start":{"line":77,"column":11},"end":{"line":80,"column":5}}],"line":74},"3":{"loc":{"start":{"line":87,"column":4},"end":{"line":93,"column":5}},"type":"if","locations":[{"start":{"line":87,"column":4},"end":{"line":93,"column":5}},{"start":{"line":90,"column":11},"end":{"line":93,"column":5}}],"line":87},"4":{"loc":{"start":{"line":100,"column":2},"end":{"line":125,"column":3}},"type":"if","locations":[{"start":{"line":100,"column":2},"end":{"line":125,"column":3}},{"start":{"line":102,"column":9},"end":{"line":125,"column":3}}],"line":100},"5":{"loc":{"start":{"line":106,"column":4},"end":{"line":119,"column":5}},"type":"if","locations":[{"start":{"line":106,"column":4},"end":{"line":119,"column":5}},{"start":{},"end":{}}],"line":106},"6":{"loc":{"start":{"line":108,"column":6},"end":{"line":118,"column":7}},"type":"if","locations":[{"start":{"line":108,"column":6},"end":{"line":118,"column":7}},{"start":{"line":113,"column":13},"end":{"line":118,"column":7}}],"line":108},"7":{"loc":{"start":{"line":110,"column":38},"end":{"line":110,"column":88}},"type":"cond-expr","locations":[{"start":{"line":110,"column":63},"end":{"line":110,"column":76}},{"start":{"line":110,"column":79},"end":{"line":110,"column":88}}],"line":110},"8":{"loc":{"start":{"line":113,"column":13},"end":{"line":118,"column":7}},"type":"if","locations":[{"start":{"line":113,"column":13},"end":{"line":118,"column":7}},{"start":{},"end":{}}],"line":113},"9":{"loc":{"start":{"line":115,"column":42},"end":{"line":115,"column":92}},"type":"cond-expr","locations":[{"start":{"line":115,"column":67},"end":{"line":115,"column":80}},{"start":{"line":115,"column":83},"end":{"line":115,"column":92}}],"line":115},"10":{"loc":{"start":{"line":121,"column":4},"end":{"line":124,"column":5}},"type":"if","locations":[{"start":{"line":121,"column":4},"end":{"line":124,"column":5}},{"start":{},"end":{}}],"line":121}},"s":{"0":1,"1":1,"2":1,"3":1,"4":48,"5":48,"6":42,"7":6,"8":60,"9":60,"10":48,"11":12,"12":12,"13":12,"14":12,"15":12,"16":12,"17":12,"18":48,"19":42,"20":42,"21":6,"22":6,"23":12,"24":12,"25":60,"26":48,"27":48,"28":12,"29":12,"30":12,"31":12,"32":12,"33":0,"34":12,"35":12,"36":12,"37":5,"38":5,"39":5,"40":6,"41":5,"42":0,"43":0,"44":0,"45":0,"46":12,"47":12,"48":12,"49":12,"50":1},"f":{"0":48,"1":60,"2":12,"3":6,"4":0},"b":{"0":[0],"1":[11],"2":[42,6],"3":[48,12],"4":[0,12],"5":[5,7],"6":[5,0],"7":[2,4],"8":[0,0],"9":[0,0],"10":[12,0]},"_coverageSchema":"1a1c01bbd47fc00a2c39e90264f33305004495a9","hash":"46304310e50dcd90fb19803b7dc0c95076eff92b"}
,"/Users/jasonbelcher/Documents/code/xalpheric-neocities/cli/commands/check/storage.js": {"path":"/Users/jasonbelcher/Documents/code/xalpheric-neocities/cli/commands/check/storage.js","statementMap":{"0":{"start":{"line":1,"column":15},"end":{"line":1,"column":48}},"1":{"start":{"line":2,"column":22},"end":{"line":2,"column":51}},"2":{"start":{"line":7,"column":20},"end":{"line":10,"column":1}},"3":{"start":{"line":19,"column":2},"end":{"line":19,"column":36}},"4":{"start":{"line":19,"column":19},"end":{"line":19,"column":36}},"5":{"start":{"line":21,"column":12},"end":{"line":21,"column":16}},"6":{"start":{"line":22,"column":13},"end":{"line":22,"column":40}},"7":{"start":{"line":23,"column":16},"end":{"line":23,"column":49}},"8":{"start":{"line":25,"column":12},"end":{"line":25,"column":53}},"9":{"start":{"line":27,"column":2},"end":{"line":27,"column":75}},"10":{"start":{"line":36,"column":18},"end":{"line":36,"column":19}},"11":{"start":{"line":37,"column":18},"end":{"line":37,"column":19}},"12":{"start":{"line":40,"column":4},"end":{"line":45,"column":7}},"13":{"start":{"line":41,"column":6},"end":{"line":44,"column":7}},"14":{"start":{"line":42,"column":8},"end":{"line":42,"column":31}},"15":{"start":{"line":43,"column":8},"end":{"line":43,"column":20}},"16":{"start":{"line":48,"column":2},"end":{"line":48,"column":22}},"17":{"start":{"line":50,"column":18},"end":{"line":50,"column":43}},"18":{"start":{"line":51,"column":18},"end":{"line":51,"column":50}},"19":{"start":{"line":53,"column":30},"end":{"line":53,"column":64}},"20":{"start":{"line":54,"column":35},"end":{"line":54,"column":74}},"21":{"start":{"line":56,"column":28},"end":{"line":56,"column":54}},"22":{"start":{"line":57,"column":33},"end":{"line":57,"column":64}},"23":{"start":{"line":59,"column":2},"end":{"line":68,"column":4}},"24":{"start":{"line":80,"column":44},"end":{"line":80,"column":51}},"25":{"start":{"line":82,"column":2},"end":{"line":82,"column":29}},"26":{"start":{"line":84,"column":2},"end":{"line":140,"column":3}},"27":{"start":{"line":86,"column":4},"end":{"line":86,"column":59}},"28":{"start":{"line":87,"column":18},"end":{"line":87,"column":41}},"29":{"start":{"line":90,"column":18},"end":{"line":90,"column":39}},"30":{"start":{"line":93,"column":4},"end":{"line":96,"column":5}},"31":{"start":{"line":94,"column":6},"end":{"line":94,"column":50}},"32":{"start":{"line":95,"column":6},"end":{"line":95,"column":19}},"33":{"start":{"line":99,"column":4},"end":{"line":99,"column":55}},"34":{"start":{"line":100,"column":4},"end":{"line":100,"column":32}},"35":{"start":{"line":101,"column":4},"end":{"line":101,"column":54}},"36":{"start":{"line":102,"column":4},"end":{"line":102,"column":98}},"37":{"start":{"line":103,"column":4},"end":{"line":103,"column":20}},"38":{"start":{"line":104,"column":4},"end":{"line":104,"column":35}},"39":{"start":{"line":105,"column":4},"end":{"line":105,"column":40}},"40":{"start":{"line":106,"column":4},"end":{"line":106,"column":46}},"41":{"start":{"line":107,"column":4},"end":{"line":107,"column":20}},"42":{"start":{"line":108,"column":4},"end":{"line":108,"column":33}},"43":{"start":{"line":109,"column":4},"end":{"line":109,"column":71}},"44":{"start":{"line":110,"column":4},"end":{"line":110,"column":76}},"45":{"start":{"line":112,"column":4},"end":{"line":114,"column":5}},"46":{"start":{"line":113,"column":6},"end":{"line":113,"column":59}},"47":{"start":{"line":116,"column":4},"end":{"line":116,"column":20}},"48":{"start":{"line":117,"column":4},"end":{"line":117,"column":38}},"49":{"start":{"line":118,"column":4},"end":{"line":118,"column":76}},"50":{"start":{"line":119,"column":4},"end":{"line":119,"column":81}},"51":{"start":{"line":120,"column":4},"end":{"line":120,"column":32}},"52":{"start":{"line":123,"column":4},"end":{"line":134,"column":5}},"53":{"start":{"line":124,"column":6},"end":{"line":124,"column":48}},"54":{"start":{"line":126,"column":23},"end":{"line":129,"column":21}},"55":{"start":{"line":127,"column":21},"end":{"line":127,"column":46}},"56":{"start":{"line":128,"column":24},"end":{"line":128,"column":39}},"57":{"start":{"line":131,"column":6},"end":{"line":133,"column":9}},"58":{"start":{"line":132,"column":8},"end":{"line":132,"column":79}},"59":{"start":{"line":136,"column":4},"end":{"line":136,"column":17}},"60":{"start":{"line":138,"column":4},"end":{"line":138,"column":64}},"61":{"start":{"line":139,"column":4},"end":{"line":139,"column":16}},"62":{"start":{"line":143,"column":0},"end":{"line":143,"column":30}},"63":{"start":{"line":144,"column":0},"end":{"line":144,"column":47}},"64":{"start":{"line":145,"column":0},"end":{"line":145,"column":41}}},"fnMap":{"0":{"name":"formatBytes","decl":{"start":{"line":18,"column":9},"end":{"line":18,"column":20}},"loc":{"start":{"line":18,"column":42},"end":{"line":28,"column":1}},"line":18},"1":{"name":"calculateStats","decl":{"start":{"line":35,"column":9},"end":{"line":35,"column":23}},"loc":{"start":{"line":35,"column":31},"end":{"line":69,"column":1}},"line":35},"2":{"name":"processFiles","decl":{"start":{"line":39,"column":11},"end":{"line":39,"column":23}},"loc":{"start":{"line":39,"column":34},"end":{"line":46,"column":3}},"line":39},"3":{"name":"(anonymous_3)","decl":{"start":{"line":40,"column":21},"end":{"line":40,"column":22}},"loc":{"start":{"line":40,"column":29},"end":{"line":45,"column":5}},"line":40},"4":{"name":"checkStorage","decl":{"start":{"line":79,"column":15},"end":{"line":79,"column":27}},"loc":{"start":{"line":79,"column":50},"end":{"line":141,"column":1}},"line":79},"5":{"name":"(anonymous_5)","decl":{"start":{"line":127,"column":16},"end":{"line":127,"column":17}},"loc":{"start":{"line":127,"column":21},"end":{"line":127,"column":46}},"line":127},"6":{"name":"(anonymous_6)","decl":{"start":{"line":128,"column":14},"end":{"line":128,"column":15}},"loc":{"start":{"line":128,"column":24},"end":{"line":128,"column":39}},"line":128},"7":{"name":"(anonymous_7)","decl":{"start":{"line":131,"column":23},"end":{"line":131,"column":24}},"loc":{"start":{"line":131,"column":38},"end":{"line":133,"column":7}},"line":131}},"branchMap":{"0":{"loc":{"start":{"line":18,"column":28},"end":{"line":18,"column":40}},"type":"default-arg","locations":[{"start":{"line":18,"column":39},"end":{"line":18,"column":40}}],"line":18},"1":{"loc":{"start":{"line":19,"column":2},"end":{"line":19,"column":36}},"type":"if","locations":[{"start":{"line":19,"column":2},"end":{"line":19,"column":36}},{"start":{},"end":{}}],"line":19},"2":{"loc":{"start":{"line":22,"column":13},"end":{"line":22,"column":40}},"type":"cond-expr","locations":[{"start":{"line":22,"column":28},"end":{"line":22,"column":29}},{"start":{"line":22,"column":32},"end":{"line":22,"column":40}}],"line":22},"3":{"loc":{"start":{"line":41,"column":6},"end":{"line":44,"column":7}},"type":"if","locations":[{"start":{"line":41,"column":6},"end":{"line":44,"column":7}},{"start":{},"end":{}}],"line":41},"4":{"loc":{"start":{"line":41,"column":10},"end":{"line":41,"column":41}},"type":"binary-expr","locations":[{"start":{"line":41,"column":10},"end":{"line":41,"column":28}},{"start":{"line":41,"column":32},"end":{"line":41,"column":41}}],"line":41},"5":{"loc":{"start":{"line":79,"column":36},"end":{"line":79,"column":48}},"type":"default-arg","locations":[{"start":{"line":79,"column":46},"end":{"line":79,"column":48}}],"line":79},"6":{"loc":{"start":{"line":80,"column":10},"end":{"line":80,"column":25}},"type":"default-arg","locations":[{"start":{"line":80,"column":20},"end":{"line":80,"column":25}}],"line":80},"7":{"loc":{"start":{"line":80,"column":27},"end":{"line":80,"column":39}},"type":"default-arg","locations":[{"start":{"line":80,"column":34},"end":{"line":80,"column":39}}],"line":80},"8":{"loc":{"start":{"line":93,"column":4},"end":{"line":96,"column":5}},"type":"if","locations":[{"start":{"line":93,"column":4},"end":{"line":96,"column":5}},{"start":{},"end":{}}],"line":93},"9":{"loc":{"start":{"line":112,"column":4},"end":{"line":114,"column":5}},"type":"if","locations":[{"start":{"line":112,"column":4},"end":{"line":114,"column":5}},{"start":{},"end":{}}],"line":112},"10":{"loc":{"start":{"line":123,"column":4},"end":{"line":134,"column":5}},"type":"if","locations":[{"start":{"line":123,"column":4},"end":{"line":134,"column":5}},{"start":{},"end":{}}],"line":123},"11":{"loc":{"start":{"line":127,"column":21},"end":{"line":127,"column":46}},"type":"binary-expr","locations":[{"start":{"line":127,"column":21},"end":{"line":127,"column":36}},{"start":{"line":127,"column":40},"end":{"line":127,"column":46}}],"line":127}},"s":{"0":1,"1":1,"2":1,"3":25,"4":1,"5":24,"6":24,"7":24,"8":24,"9":24,"10":14,"11":14,"12":14,"13":46,"14":40,"15":40,"16":14,"17":14,"18":14,"19":14,"20":14,"21":14,"22":14,"23":14,"24":10,"25":10,"26":10,"27":10,"28":10,"29":9,"30":9,"31":1,"32":1,"33":8,"34":8,"35":8,"36":8,"37":8,"38":8,"39":8,"40":8,"41":8,"42":8,"43":8,"44":8,"45":8,"46":1,"47":8,"48":8,"49":8,"50":8,"51":8,"52":8,"53":3,"54":3,"55":26,"56":25,"57":3,"58":16,"59":8,"60":1,"61":1,"62":1,"63":1,"64":1},"f":{"0":25,"1":14,"2":14,"3":46,"4":10,"5":26,"6":25,"7":16},"b":{"0":[23],"1":[1,24],"2":[0,24],"3":[40,6],"4":[46,40],"5":[0],"6":[7],"7":[9],"8":[1,8],"9":[1,7],"10":[3,5],"11":[26,26]},"_coverageSchema":"1a1c01bbd47fc00a2c39e90264f33305004495a9","hash":"d89dcb3b57937bac2bb2e76a52219ec8adef9634"}
,"/Users/jasonbelcher/Documents/code/xalpheric-neocities/cli/commands/deploy/all.js": {"path":"/Users/jasonbelcher/Documents/code/xalpheric-neocities/cli/commands/deploy/all.js","statementMap":{"0":{"start":{"line":1,"column":21},"end":{"line":1,"column":40}},"1":{"start":{"line":2,"column":20},"end":{"line":2,"column":38}},"2":{"start":{"line":3,"column":22},"end":{"line":3,"column":42}},"3":{"start":{"line":4,"column":26},"end":{"line":4,"column":51}},"4":{"start":{"line":5,"column":15},"end":{"line":5,"column":48}},"5":{"start":{"line":25,"column":6},"end":{"line":25,"column":13}},"6":{"start":{"line":27,"column":2},"end":{"line":27,"column":29}},"7":{"start":{"line":29,"column":2},"end":{"line":29,"column":53}},"8":{"start":{"line":30,"column":2},"end":{"line":32,"column":3}},"9":{"start":{"line":31,"column":4},"end":{"line":31,"column":35}},"10":{"start":{"line":33,"column":2},"end":{"line":33,"column":18}},"11":{"start":{"line":35,"column":22},"end":{"line":40,"column":3}},"12":{"start":{"line":42,"column":18},"end":{"line":42,"column":20}},"13":{"start":{"line":43,"column":17},"end":{"line":43,"column":19}},"14":{"start":{"line":44,"column":22},"end":{"line":44,"column":23}},"15":{"start":{"line":45,"column":20},"end":{"line":45,"column":21}},"16":{"start":{"line":47,"column":2},"end":{"line":96,"column":3}},"17":{"start":{"line":49,"column":4},"end":{"line":52,"column":5}},"18":{"start":{"line":50,"column":6},"end":{"line":50,"column":54}},"19":{"start":{"line":51,"column":6},"end":{"line":51,"column":15}},"20":{"start":{"line":54,"column":4},"end":{"line":54,"column":42}},"21":{"start":{"line":56,"column":4},"end":{"line":93,"column":5}},"22":{"start":{"line":57,"column":21},"end":{"line":63,"column":8}},"23":{"start":{"line":65,"column":6},"end":{"line":68,"column":9}},"24":{"start":{"line":70,"column":6},"end":{"line":84,"column":7}},"25":{"start":{"line":71,"column":8},"end":{"line":71,"column":73}},"26":{"start":{"line":73,"column":25},"end":{"line":73,"column":45}},"27":{"start":{"line":74,"column":23},"end":{"line":74,"column":41}},"28":{"start":{"line":75,"column":8},"end":{"line":75,"column":34}},"29":{"start":{"line":76,"column":8},"end":{"line":76,"column":30}},"30":{"start":{"line":78,"column":8},"end":{"line":80,"column":9}},"31":{"start":{"line":79,"column":10},"end":{"line":79,"column":60}},"32":{"start":{"line":81,"column":8},"end":{"line":83,"column":9}},"33":{"start":{"line":82,"column":10},"end":{"line":82,"column":54}},"34":{"start":{"line":86,"column":23},"end":{"line":86,"column":61}},"35":{"start":{"line":87,"column":6},"end":{"line":87,"column":28}},"36":{"start":{"line":88,"column":6},"end":{"line":88,"column":51}},"37":{"start":{"line":90,"column":6},"end":{"line":92,"column":7}},"38":{"start":{"line":91,"column":8},"end":{"line":91,"column":20}},"39":{"start":{"line":95,"column":4},"end":{"line":95,"column":20}},"40":{"start":{"line":99,"column":2},"end":{"line":99,"column":30}},"41":{"start":{"line":100,"column":2},"end":{"line":100,"column":39}},"42":{"start":{"line":101,"column":2},"end":{"line":101,"column":30}},"43":{"start":{"line":103,"column":2},"end":{"line":121,"column":3}},"44":{"start":{"line":104,"column":29},"end":{"line":104,"column":86}},"45":{"start":{"line":104,"column":56},"end":{"line":104,"column":82}},"46":{"start":{"line":105,"column":4},"end":{"line":105,"column":76}},"47":{"start":{"line":107,"column":4},"end":{"line":109,"column":5}},"48":{"start":{"line":108,"column":6},"end":{"line":108,"column":65}},"49":{"start":{"line":110,"column":4},"end":{"line":112,"column":5}},"50":{"start":{"line":111,"column":6},"end":{"line":111,"column":59}},"51":{"start":{"line":113,"column":4},"end":{"line":116,"column":5}},"52":{"start":{"line":114,"column":6},"end":{"line":114,"column":63}},"53":{"start":{"line":115,"column":6},"end":{"line":115,"column":57}},"54":{"start":{"line":115,"column":28},"end":{"line":115,"column":55}},"55":{"start":{"line":118,"column":4},"end":{"line":120,"column":5}},"56":{"start":{"line":119,"column":6},"end":{"line":119,"column":67}},"57":{"start":{"line":123,"column":2},"end":{"line":129,"column":4}},"58":{"start":{"line":132,"column":0},"end":{"line":132,"column":27}}},"fnMap":{"0":{"name":"deployAll","decl":{"start":{"line":19,"column":15},"end":{"line":19,"column":24}},"loc":{"start":{"line":19,"column":47},"end":{"line":130,"column":1}},"line":19},"1":{"name":"(anonymous_1)","decl":{"start":{"line":104,"column":44},"end":{"line":104,"column":45}},"loc":{"start":{"line":104,"column":56},"end":{"line":104,"column":82}},"line":104},"2":{"name":"(anonymous_2)","decl":{"start":{"line":115,"column":21},"end":{"line":115,"column":22}},"loc":{"start":{"line":115,"column":28},"end":{"line":115,"column":55}},"line":115}},"branchMap":{"0":{"loc":{"start":{"line":19,"column":33},"end":{"line":19,"column":45}},"type":"default-arg","locations":[{"start":{"line":19,"column":43},"end":{"line":19,"column":45}}],"line":19},"1":{"loc":{"start":{"line":21,"column":4},"end":{"line":21,"column":26}},"type":"default-arg","locations":[{"start":{"line":21,"column":22},"end":{"line":21,"column":26}}],"line":21},"2":{"loc":{"start":{"line":22,"column":4},"end":{"line":22,"column":13}},"type":"default-arg","locations":[{"start":{"line":22,"column":11},"end":{"line":22,"column":13}}],"line":22},"3":{"loc":{"start":{"line":23,"column":4},"end":{"line":23,"column":18}},"type":"default-arg","locations":[{"start":{"line":23,"column":13},"end":{"line":23,"column":18}}],"line":23},"4":{"loc":{"start":{"line":24,"column":4},"end":{"line":24,"column":19}},"type":"default-arg","locations":[{"start":{"line":24,"column":14},"end":{"line":24,"column":19}}],"line":24},"5":{"loc":{"start":{"line":30,"column":2},"end":{"line":32,"column":3}},"type":"if","locations":[{"start":{"line":30,"column":2},"end":{"line":32,"column":3}},{"start":{},"end":{}}],"line":30},"6":{"loc":{"start":{"line":49,"column":4},"end":{"line":52,"column":5}},"type":"if","locations":[{"start":{"line":49,"column":4},"end":{"line":52,"column":5}},{"start":{},"end":{}}],"line":49},"7":{"loc":{"start":{"line":70,"column":6},"end":{"line":84,"column":7}},"type":"if","locations":[{"start":{"line":70,"column":6},"end":{"line":84,"column":7}},{"start":{"line":72,"column":13},"end":{"line":84,"column":7}}],"line":70},"8":{"loc":{"start":{"line":71,"column":40},"end":{"line":71,"column":63}},"type":"binary-expr","locations":[{"start":{"line":71,"column":40},"end":{"line":71,"column":58}},{"start":{"line":71,"column":62},"end":{"line":71,"column":63}}],"line":71},"9":{"loc":{"start":{"line":73,"column":25},"end":{"line":73,"column":45}},"type":"binary-expr","locations":[{"start":{"line":73,"column":25},"end":{"line":73,"column":40}},{"start":{"line":73,"column":44},"end":{"line":73,"column":45}}],"line":73},"10":{"loc":{"start":{"line":74,"column":23},"end":{"line":74,"column":41}},"type":"binary-expr","locations":[{"start":{"line":74,"column":23},"end":{"line":74,"column":36}},{"start":{"line":74,"column":40},"end":{"line":74,"column":41}}],"line":74},"11":{"loc":{"start":{"line":78,"column":8},"end":{"line":80,"column":9}},"type":"if","locations":[{"start":{"line":78,"column":8},"end":{"line":80,"column":9}},{"start":{},"end":{}}],"line":78},"12":{"loc":{"start":{"line":81,"column":8},"end":{"line":83,"column":9}},"type":"if","locations":[{"start":{"line":81,"column":8},"end":{"line":83,"column":9}},{"start":{},"end":{}}],"line":81},"13":{"loc":{"start":{"line":90,"column":6},"end":{"line":92,"column":7}},"type":"if","locations":[{"start":{"line":90,"column":6},"end":{"line":92,"column":7}},{"start":{},"end":{}}],"line":90},"14":{"loc":{"start":{"line":103,"column":2},"end":{"line":121,"column":3}},"type":"if","locations":[{"start":{"line":103,"column":2},"end":{"line":121,"column":3}},{"start":{"line":106,"column":9},"end":{"line":121,"column":3}}],"line":103},"15":{"loc":{"start":{"line":104,"column":63},"end":{"line":104,"column":81}},"type":"binary-expr","locations":[{"start":{"line":104,"column":63},"end":{"line":104,"column":76}},{"start":{"line":104,"column":80},"end":{"line":104,"column":81}}],"line":104},"16":{"loc":{"start":{"line":107,"column":4},"end":{"line":109,"column":5}},"type":"if","locations":[{"start":{"line":107,"column":4},"end":{"line":109,"column":5}},{"start":{},"end":{}}],"line":107},"17":{"loc":{"start":{"line":110,"column":4},"end":{"line":112,"column":5}},"type":"if","locations":[{"start":{"line":110,"column":4},"end":{"line":112,"column":5}},{"start":{},"end":{}}],"line":110},"18":{"loc":{"start":{"line":113,"column":4},"end":{"line":116,"column":5}},"type":"if","locations":[{"start":{"line":113,"column":4},"end":{"line":116,"column":5}},{"start":{},"end":{}}],"line":113},"19":{"loc":{"start":{"line":118,"column":4},"end":{"line":120,"column":5}},"type":"if","locations":[{"start":{"line":118,"column":4},"end":{"line":120,"column":5}},{"start":{},"end":{}}],"line":118},"20":{"loc":{"start":{"line":118,"column":8},"end":{"line":118,"column":69}},"type":"binary-expr","locations":[{"start":{"line":118,"column":8},"end":{"line":118,"column":25}},{"start":{"line":118,"column":29},"end":{"line":118,"column":46}},{"start":{"line":118,"column":50},"end":{"line":118,"column":69}}],"li
[...]
,"/Users/jasonbelcher/Documents/code/xalpheric-neocities/cli/lib/utils/git.js": {"path":"/Users/jasonbelcher/Documents/code/xalpheric-neocities/cli/lib/utils/git.js","statementMap":{"0":{"start":{"line":1,"column":21},"end":{"line":1,"column":45}},"1":{"start":{"line":2,"column":13},"end":{"line":2,"column":28}},"2":{"start":{"line":10,"column":2},"end":{"line":15,"column":3}},"3":{"start":{"line":11,"column":4},"end":{"line":11,"column":64}},"4":{"start":{"line":12,"column":4},"end":{"line":12,"column":16}},"5":{"start":{"line":14,"column":4},"end":{"line":14,"column":17}},"6":{"start":{"line":37,"column":6},"end":{"line":37,"column":13}},"7":{"start":{"line":40,"column":17},"end":{"line":40,"column":37}},"8":{"start":{"line":41,"column":2},"end":{"line":43,"column":3}},"9":{"start":{"line":42,"column":4},"end":{"line":42,"column":44}},"10":{"start":{"line":45,"column":14},"end":{"line":45,"column":16}},"11":{"start":{"line":48,"column":2},"end":{"line":84,"column":3}},"12":{"start":{"line":50,"column":23},"end":{"line":50,"column":70}},"13":{"start":{"line":51,"column":16},"end":{"line":51,"column":83}},"14":{"start":{"line":53,"column":4},"end":{"line":59,"column":5}},"15":{"start":{"line":54,"column":21},"end":{"line":54,"column":76}},"16":{"start":{"line":55,"column":20},"end":{"line":55,"column":66}},"17":{"start":{"line":55,"column":61},"end":{"line":55,"column":65}},"18":{"start":{"line":56,"column":6},"end":{"line":56,"column":34}},"19":{"start":{"line":60,"column":9},"end":{"line":84,"column":3}},"20":{"start":{"line":62,"column":23},"end":{"line":62,"column":70}},"21":{"start":{"line":63,"column":16},"end":{"line":63,"column":75}},"22":{"start":{"line":65,"column":4},"end":{"line":71,"column":5}},"23":{"start":{"line":66,"column":21},"end":{"line":66,"column":76}},"24":{"start":{"line":67,"column":20},"end":{"line":67,"column":66}},"25":{"start":{"line":67,"column":61},"end":{"line":67,"column":65}},"26":{"start":{"line":68,"column":6},"end":{"line":68,"column":34}},"27":{"start":{"line":70,"column":6},"end":{"line":70,"column":53}},"28":{"start":{"line":74,"column":23},"end":{"line":74,"column":70}},"29":{"start":{"line":75,"column":16},"end":{"line":75,"column":64}},"30":{"start":{"line":77,"column":4},"end":{"line":83,"column":5}},"31":{"start":{"line":78,"column":21},"end":{"line":78,"column":76}},"32":{"start":{"line":79,"column":20},"end":{"line":79,"column":66}},"33":{"start":{"line":79,"column":61},"end":{"line":79,"column":65}},"34":{"start":{"line":80,"column":6},"end":{"line":80,"column":34}},"35":{"start":{"line":87,"column":2},"end":{"line":105,"column":3}},"36":{"start":{"line":88,"column":4},"end":{"line":104,"column":5}},"37":{"start":{"line":89,"column":21},"end":{"line":93,"column":8}},"38":{"start":{"line":94,"column":29},"end":{"line":94,"column":75}},"39":{"start":{"line":94,"column":70},"end":{"line":94,"column":74}},"40":{"start":{"line":96,"column":6},"end":{"line":101,"column":7}},"41":{"start":{"line":98,"column":8},"end":{"line":98,"column":66}},"42":{"start":{"line":98,"column":53},"end":{"line":98,"column":63}},"43":{"start":{"line":100,"column":8},"end":{"line":100,"column":45}},"44":{"start":{"line":108,"column":2},"end":{"line":115,"column":3}},"45":{"start":{"line":110,"column":18},"end":{"line":110,"column":84}},"46":{"start":{"line":111,"column":4},"end":{"line":114,"column":7}},"47":{"start":{"line":112,"column":24},"end":{"line":112,"column":66}},"48":{"start":{"line":113,"column":6},"end":{"line":113,"column":35}},"49":{"start":{"line":118,"column":2},"end":{"line":118,"column":46}},"50":{"start":{"line":120,"column":2},"end":{"line":120,"column":15}},"51":{"start":{"line":129,"column":2},"end":{"line":131,"column":3}},"52":{"start":{"line":130,"column":4},"end":{"line":130,"column":14}},"53":{"start":{"line":133,"column":16},"end":{"line":133,"column":44}},"54":{"start":{"line":134,"column":17},"end":{"line":134,"column":19}},"55":{"start":{"line":136,"column":2},"end":{"line":153,"column":3}},"56":{"start":{"line":137,"column":18},"end":{"line":137,"column":55}},"57":{"start":{"line":138,"column":4},"end":{"line":152,"column":5}},"58":{"start":{"line":139,"column":6},"end":{"line":142,"column":9}},"59":{"start":{"line":145,"column":20},"end":{"line":145,"column":44}},"60":{"start":{"line":146,"column":6},"end":{"line":151,"column":7}},"61":{"start":{"line":147,"column":8},"end":{"line":150,"column":11}},"62":{"start":{"line":155,"column":2},"end":{"line":155,"column":16}},"63":{"start":{"line":164,"column":2},"end":{"line":169,"column":3}},"64":{"start":{"line":165,"column":19},"end":{"line":165,"column":91}},"65":{"start":{"line":166,"column":4},"end":{"line":166,"column":25}},"66":{"start":{"line":168,"column":4},"end":{"line":168,"column":72}},"67":{"start":{"line":180,"column":2},"end":{"line":188,"column":3}},"68":{"start":{"line":181,"column":19},"end":{"line":184,"column":5}},"69":{"start":{"line":185,"column":4},"end":{"line":185,"column":53}},"70":{"start":{"line":187,"column":4},"end":{"line":187,"column":69}},"71":{"start":{"line":191,"column":0},"end":{"line":197,"column":2}}},"fnMap":{"0":{"name":"isGitRepository","decl":{"start":{"line":9,"column":9},"end":{"line":9,"column":24}},"loc":{"start":{"line":9,"column":46},"end":{"line":16,"column":1}},"line":9},"1":{"name":"getChangedFiles","decl":{"start":{"line":29,"column":9},"end":{"line":29,"column":24}},"loc":{"start":{"line":29,"column":39},"end":{"line":121,"column":1}},"line":29},"2":{"name":"(anonymous_2)","decl":{"start":{"line":55,"column":53},"end":{"line":55,"column":54}},"loc":{"start":{"line":55,"column":61},"end":{"line":55,"column":65}},"line":55},"3":{"name":"(anonymous_3)","decl":{"start":{"line":67,"column":53},"end":{"line":67,"column":54}},"loc":{"start":{"line":67,"column":61},"end":{"line":67,"column":65}},"line":67},"4":{"name":"(anonymous_4)","decl":{"start":{"line":79,"column":53},"end":{"line":79,"column":54}},"loc":{"start":{"line":79,"column":61},"end":{"line":79,"column":65}},"line":79},"5":{"name":"(anonymous_5)","decl":{"start":{"line":94,"column":62},"end":{"line":94,"column":63}},"loc":{"start":{"line":94,"column":70},"end":{"line":94,"column":74}},"line":94},"6":{"name":"(anonymous_6)","decl":{"start":{"line":98,"column":48},"end":{"line":98,"column":49}},"loc":{"start":{"line":98,"column":53},"end":{"line":98,"column":63}},"line":98},"7":{"name":"(anonymous_7)","decl":{"start":{"line":111,"column":25},"end":{"line":111,"column":26}},"loc":{"start":{"line":111,"column":33},"end":{"line":114,"column":5}},"line":111},"8":{"name":"parseGitStatus","decl":{"start":{"line":128,"column":9},"end":{"line":128,"column":23}},"loc":{"start":{"line":128,"column":35},"end":{"line":156,"column":1}},"line":128},"9":{"name":"getLastCommitHash","decl":{"start":{"line":163,"column":9},"end":{"line":163,"column":26}},"loc":{"start":{"line":163,"column":48},"end":{"line":170,"column":1}},"line":163},"10":{"name":"getChangedFilesSinceCommit","decl":{"start":{"line":179,"column":9},"end":{"line":179,"column":35}},"loc":{"start":{"line":179,"column":88},"end":{"line":189,"column":1}},"line":179}},"branchMap":{"0":{"loc":{"start":{"line":9,"column":25},"end":{"line":9,"column":44}},"type":"default-arg","locations":[{"start":{"line":9,"column":31},"end":{"line":9,"column":44}}],"line":9},"1":{"loc":{"start":{"line":29,"column":25},"end":{"line":29,"column":37}},"type":"default-arg","locations":[{"start":{"line":29,"column":35},"end":{"line":29,"column":37}}],"line":29},"2":{"loc":{"start":{"line":33,"column":4},"end":{"line":33,"column":28}},"type":"default-arg","locations":[{"start":{"line":33,"column":23},"end":{"line":33,"column":28}}],"line":33},"3":{"loc":{"start":{"line":34,"column":4},"end":{"line":34,"column":25}},"type":"default-arg","locations":[{"start":{"line":34,"column":20},"end":{"line":34,"column":25}}],"line":34},"4":{"loc":{"start":{"line":36,"column":4},"end":{"line":36,"column":23}},"type":"default-arg","locations":[{"start":{"line":36,"column":10},"end":{"line":36,"column":23}}],"line":36},"5":{"loc":{"start":{"line":41,"column":2},"end":{"line":43,"column":3}},"type":"if","locations":[{"start":{"line":41,"column":2},"end":{"line":43,"column":3}},{"start":{},"end":{}}],"line":41},"6":{"loc":{"start":{"line":48,"column":2},"end":{"line":84,"column":3}},"type":"if","locations":[{"start":{"line":48,"column":2},"end":{"line":84,"column":3}},{"start":{"line":60,"column":9},"end":{"line":84,"column":3}}],"line":48},"7":{"loc":{"start":{"line":50,"column":23},"end":{"line":50,"column":70}},"type":"cond-expr","locations":[{"start":{"line":50,"column":39},"end":{"line":50,"column":54}},{"start":{"line":50,"column":57},"end":{"line":50,"column":70}}],"line":50},"8":{"loc":{"start":{"line":60,"column":9},"end":{"line":84,"column":3}},"type":"if","locations":[{"start":{"line":60,"column":9},"end":{"line":84,"column":3}},{"start":{"line":72,"column":9},"end":{"line":84,"column":3}}],"line":60},"9":{"loc":{"start":{"line":62,"column":23},"end":{"line":62,"column":70}},"type":"cond-expr","locations":[{"start":{"line":62,"column":39},"end":{"line":62,"column":54}},{"start":{"line":62,"column":57},"end":{"line":62,"column":70}}],"line":62},"10":{"loc":{"start":{"line":74,"column":23},"end":{"line":74,"column":70}},"type":"cond-expr","locations":[{"start":{"line":74,"column":39},"end":{"line":74,"column":54}},{"start":{"line":74,"column":57},"end":{"line":74,"column":70}}],"line":74},"11":{"loc":{"start":{"line":87,"column":2},"end":{"line":105,"column":3}},"type":"if","locations":[{"start":{"line":87,"column":2},"end":{"line":105,"column":3}},{"start":{},"end":{}}],"line":87},"12":{"loc":{"start":{"line":96,"column":6},"end":{"line":101,"column":7}},"type":"if","locations":[{"start":{"line":96,"column":6},"end":{"line":101,"column":7}},{"start":{"line":99,"column":13},"end":{"line":101,"column":7}}],"line":96},"13":{"loc":{"start":{"line":108,"column":2},"end":{"line":115,"column":3}},"type":"if","locations":[{"start":{"line":108,"column":2},"end":{"line":115,"column":3}},{"start":{},"end":{}}],"line":108},"14":{"loc":{"start":{"line":108,"column":6},"end":{"line":108,"column":33}},"type":"binary-expr","locations":[{"start":{"line":108,"column":6},"end":{"line":108,"column":13}},{"start":{"line":108,"column":17},"end":{"line":108,"column":33}}],"line":108},"15":{"loc":{"start":{"line":112,"column":24},"end":{"line":112,"column":66}},"type":"cond-expr","locations":[{"start":{"line":112,"column":40},"end":{"line":112,"column":59}},{"start":{"line":112,"column":62},"end":{"line":112,"column":66}}],"line":112},"16":{"loc":{"start":{"line":129,"column":2},"end":{"line":131,"column":3}},"type":"if","locations":[{"start":{"line":129,"column":2},"end":{"line":131,"column":3}},{"start":{},"end":{}}],"line":129},"17":{"loc":{"start":{"line":129,"column":6},"end":{"line":129,"column":37}},"type":"binary-expr","locations":[{"start":{"line":129,"column":6},"end":{"line":129,"column":16}},{"start":{"line":129,"column":20},"end":{"line":129,"column":37}}],"line":129},"18":{"loc":{"start":{"line":138,"column":4},"end":{"line":152,"column":5}},"type":"if","locations":[{"start":{"line":138,"column":4},"end":{"line":152,"column":5}},{"start":{"line":143,"column":11},"end":{"line":152,"column":5}}],"line":138},"19":{"loc":{"start":{"line":146,"column":6},"end":{"line":151,"column":7}},"type":"if","locations":[{"start":{"line":146,"column":6},"end":{"line":151,"column":7}},{"start":{},"end":{}}],"line":146},"20":{"loc":{"start":{"line":163,"column":27},"end":{"line":163,"column":46}},"type":"default-arg","locations":[{"start":{"line":163,"column":33},"end":{"line":163,"column":46}}],"line":163},"21":{"loc":{"start":{"line":179,"column":48},"end":{"line":179,"column":65}},"type":"default-arg","locations":[{"start":{"line":179,"column":59},"end":{"line":179,"column":65}}],"line":179},"22":{"loc":{"start":{"line":179,"column":67},"end":{"line":179,"column":86}},"type":"default-arg","locations":[{"start":{"line":179,"column":73},"end":{"line":179,"column":86}}],"line":179}},"s":{"0":3,"1":3,"2":11,"3":11,"4":9,"5":2,"6":8,"7":8,"8":8,"9":1,"10":7,"11":7,"12":6,"13":6,"14":6,"15":6,"16":6,"17":10,"18":6,"19":1,"20":1,"21":1,"22":1,"23":1,"24":1,"25":1,"26":1,"27":0,"28":0,"29":0,"30":0,"31":0,"32":0,"33":0,"34":0,"35":7,"36":1,"37":1,"38":1,"39":1,"40":1,"41":0,"42":0,"43":1,"44":7,"45":1,"46":1,"47":3,"48":3,"49":7,"50":7,"51":3,"52":1,"53":2,"54":2,"55":2,"56":5,"57":5,"58":5,"59":0,"60":0,"61":0,"62":2,"63":2,"64":2,"65":1,"66":1,"67":1,"68":1,"69":1,"70":0,"71":3},"f":{"0":11,"1":8,"2":10,"3":1,"4":0,"5":1,"6":0,"7":3,"8":3,"9":2,"10":1},"b":{"0":[2],"1":[0],"2":[7],"3":[7],"4":[7],"5":[1,7],"6":[6,1],"7":[1,5],"8":[1,0],"9":[0,1],"10":[0,0],"11":[1,6],"12":[0,1],"13":[1,6],"14":[7,1],"15":[0,3],"16":[1,2],"17":[3,2],"18":[5,0],"19":[0,0],"20":[2],"21":[0],"22":[1]},"_coverageSchema":"1a1c01bbd47fc00a2c39e90264f33305004495a9","hash":"000369f734dfefa854d2e4a105f980fb84938679"}
,"/Users/jasonbelcher/Documents/code/xalpheric-neocities/cli/lib/utils/logger.js": {"path":"/Users/jasonbelcher/Documents/code/xalpheric-neocities/cli/lib/utils/logger.js","statementMap":{"0":{"start":{"line":7,"column":15},"end":{"line":15,"column":1}},"1":{"start":{"line":17,"column":16},"end":{"line":17,"column":21}},"2":{"start":{"line":24,"column":2},"end":{"line":24,"column":22}},"3":{"start":{"line":34,"column":17},"end":{"line":34,"column":41}},"4":{"start":{"line":35,"column":20},"end":{"line":35,"column":49}},"5":{"start":{"line":36,"column":2},"end":{"line":36,"column":64}},"6":{"start":{"line":45,"column":2},"end":{"line":45,"column":31}},"7":{"start":{"line":54,"column":2},"end":{"line":54,"column":31}},"8":{"start":{"line":63,"column":2},"end":{"line":63,"column":67}},"9":{"start":{"line":72,"column":2},"end":{"line":72,"column":32}},"10":{"start":{"line":81,"column":2},"end":{"line":83,"column":3}},"11":{"start":{"line":82,"column":4},"end":{"line":82,"column":32}},"12":{"start":{"line":91,"column":2},"end":{"line":91,"column":23}},"13":{"start":{"line":99,"column":2},"end":{"line":99,"column":23}},"14":{"start":{"line":107,"column":2},"end":{"line":107,"column":26}},"15":{"start":{"line":110,"column":0},"end":{"line":121,"column":2}}},"fnMap":{"0":{"name":"setVerbose","decl":{"start":{"line":23,"column":9},"end":{"line":23,"column":19}},"loc":{"start":{"line":23,"column":29},"end":{"line":25,"column":1}},"line":23},"1":{"name":"log","decl":{"start":{"line":33,"column":9},"end":{"line":33,"column":12}},"loc":{"start":{"line":33,"column":51},"end":{"line":37,"column":1}},"line":33},"2":{"name":"info","decl":{"start":{"line":44,"column":9},"end":{"line":44,"column":13}},"loc":{"start":{"line":44,"column":35},"end":{"line":46,"column":1}},"line":44},"3":{"name":"success","decl":{"start":{"line":53,"column":9},"end":{"line":53,"column":16}},"loc":{"start":{"line":53,"column":39},"end":{"line":55,"column":1}},"line":53},"4":{"name":"error","decl":{"start":{"line":62,"column":9},"end":{"line":62,"column":14}},"loc":{"start":{"line":62,"column":37},"end":{"line":64,"column":1}},"line":62},"5":{"name":"warn","decl":{"start":{"line":71,"column":9},"end":{"line":71,"column":13}},"loc":{"start":{"line":71,"column":37},"end":{"line":73,"column":1}},"line":71},"6":{"name":"verbose","decl":{"start":{"line":80,"column":9},"end":{"line":80,"column":16}},"loc":{"start":{"line":80,"column":38},"end":{"line":84,"column":1}},"line":80},"7":{"name":"cyan","decl":{"start":{"line":90,"column":9},"end":{"line":90,"column":13}},"loc":{"start":{"line":90,"column":23},"end":{"line":92,"column":1}},"line":90},"8":{"name":"blue","decl":{"start":{"line":98,"column":9},"end":{"line":98,"column":13}},"loc":{"start":{"line":98,"column":23},"end":{"line":100,"column":1}},"line":98},"9":{"name":"magenta","decl":{"start":{"line":106,"column":9},"end":{"line":106,"column":16}},"loc":{"start":{"line":106,"column":26},"end":{"line":108,"column":1}},"line":106}},"branchMap":{"0":{"loc":{"start":{"line":33,"column":22},"end":{"line":33,"column":37}},"type":"default-arg","locations":[{"start":{"line":33,"column":30},"end":{"line":33,"column":37}}],"line":33},"1":{"loc":{"start":{"line":33,"column":39},"end":{"line":33,"column":49}},"type":"default-arg","locations":[{"start":{"line":33,"column":47},"end":{"line":33,"column":49}}],"line":33},"2":{"loc":{"start":{"line":34,"column":17},"end":{"line":34,"column":41}},"type":"cond-expr","locations":[{"start":{"line":34,"column":25},"end":{"line":34,"column":36}},{"start":{"line":34,"column":39},"end":{"line":34,"column":41}}],"line":34},"3":{"loc":{"start":{"line":35,"column":20},"end":{"line":35,"column":49}},"type":"binary-expr","locations":[{"start":{"line":35,"column":20},"end":{"line":35,"column":33}},{"start":{"line":35,"column":37},"end":{"line":35,"column":49}}],"line":35},"4":{"loc":{"start":{"line":44,"column":23},"end":{"line":44,"column":33}},"type":"default-arg","locations":[{"start":{"line":44,"column":31},"end":{"line":44,"column":33}}],"line":44},"5":{"loc":{"start":{"line":53,"column":26},"end":{"line":53,"column":37}},"type":"default-arg","locations":[{"start":{"line":53,"column":34},"end":{"line":53,"column":37}}],"line":53},"6":{"loc":{"start":{"line":62,"column":24},"end":{"line":62,"column":35}},"type":"default-arg","locations":[{"start":{"line":62,"column":32},"end":{"line":62,"column":35}}],"line":62},"7":{"loc":{"start":{"line":71,"column":23},"end":{"line":71,"column":35}},"type":"default-arg","locations":[{"start":{"line":71,"column":31},"end":{"line":71,"column":35}}],"line":71},"8":{"loc":{"start":{"line":80,"column":26},"end":{"line":80,"column":36}},"type":"default-arg","locations":[{"start":{"line":80,"column":34},"end":{"line":80,"column":36}}],"line":80},"9":{"loc":{"start":{"line":81,"column":2},"end":{"line":83,"column":3}},"type":"if","locations":[{"start":{"line":81,"column":2},"end":{"line":83,"column":3}},{"start":{},"end":{}}],"line":81}},"s":{"0":20,"1":20,"2":116,"3":873,"4":873,"5":873,"6":699,"7":140,"8":48,"9":15,"10":131,"11":16,"12":1,"13":1,"14":1,"15":20},"f":{"0":116,"1":873,"2":699,"3":140,"4":48,"5":15,"6":131,"7":1,"8":1,"9":1},"b":{"0":[0],"1":[3],"2":[342,531],"3":[873,0],"4":[512],"5":[91],"6":[48],"7":[15],"8":[131],"9":[16,115]},"_coverageSchema":"1a1c01bbd47fc00a2c39e90264f33305004495a9","hash":"0837a6ffeb9ad2b64d881143b11913d107975868"}
}
