TN:
SF:cli/index.js
FN:29,(anonymous_0)
FN:58,(anonymous_1)
FN:84,(anonymous_2)
FN:111,(anonymous_3)
FN:140,(anonymous_4)
FN:167,(anonymous_5)
FN:195,(anonymous_6)
FN:229,(anonymous_7)
FN:250,(anonymous_8)
FN:275,(anonymous_9)
FN:297,(anonymous_10)
FN:322,(anonymous_11)
FN:342,(anonymous_12)
FN:346,(anonymous_13)
FN:361,(anonymous_14)
FN:381,(anonymous_15)
FN:407,(anonymous_16)
FNF:17
FNH:0
FNDA:0,(anonymous_0)
FNDA:0,(anonymous_1)
FNDA:0,(anonymous_2)
FNDA:0,(anonymous_3)
FNDA:0,(anonymous_4)
FNDA:0,(anonymous_5)
FNDA:0,(anonymous_6)
FNDA:0,(anonymous_7)
FNDA:0,(anonymous_8)
FNDA:0,(anonymous_9)
FNDA:0,(anonymous_10)
FNDA:0,(anonymous_11)
FNDA:0,(anonymous_12)
FNDA:0,(anonymous_13)
FNDA:0,(anonymous_14)
FNDA:0,(anonymous_15)
FNDA:0,(anonymous_16)
DA:3,0
DA:4,0
DA:7,0
DA:9,0
DA:15,0
DA:20,0
DA:30,0
DA:31,0
DA:32,0
DA:34,0
DA:36,0
DA:45,0
DA:46,0
DA:50,0
DA:59,0
DA:60,0
DA:61,0
DA:63,0
DA:65,0
DA:73,0
DA:74,0
DA:78,0
DA:85,0
DA:86,0
DA:87,0
DA:89,0
DA:91,0
DA:97,0
DA:98,0
DA:102,0
DA:112,0
DA:113,0
DA:114,0
DA:116,0
DA:118,0
DA:127,0
DA:128,0
DA:132,0
DA:141,0
DA:142,0
DA:143,0
DA:145,0
DA:147,0
DA:155,0
DA:156,0
DA:160,0
DA:168,0
DA:169,0
DA:170,0
DA:172,0
DA:174,0
DA:181,0
DA:182,0
DA:186,0
DA:196,0
DA:197,0
DA:198,0
DA:200,0
DA:202,0
DA:211,0
DA:212,0
DA:217,0
DA:221,0
DA:230,0
DA:231,0
DA:233,0
DA:241,0
DA:242,0
DA:246,0
DA:251,0
DA:252,0
DA:254,0
DA:258,0
DA:259,0
DA:264,0
DA:268,0
DA:276,0
DA:277,0
DA:279,0
DA:286,0
DA:287,0
DA:291,0
DA:298,0
DA:299,0
DA:301,0
DA:309,0
DA:310,0
DA:314,0
DA:323,0
DA:324,0
DA:326,0
DA:334,0
DA:335,0
DA:339,0
DA:343,0
DA:345,0
DA:346,0
DA:347,0
DA:349,0
DA:353,0
DA:357,0
DA:362,0
DA:363,0
DA:365,0
DA:369,0
DA:371,0
DA:372,0
DA:376,0
DA:382,0
DA:383,0
DA:384,0
DA:386,0
DA:388,0
DA:393,0
DA:394,0
DA:399,0
DA:408,0
DA:409,0
DA:410,0
DA:412,0
DA:414,0
DA:422,0
DA:423,0
DA:427,0
DA:430,0
DA:431,0
LF:126
LH:0
BRDA:203,0,0,0
BRDA:203,0,1,0
BRDA:369,1,0,0
BRDA:369,1,1,0
BRDA:430,2,0,0
BRDA:430,2,1,0
BRF:6
BRH:0
end_of_record
TN:
SF:cli/commands/cleanup.js
FN:11,(anonymous_0)
FN:16,(anonymous_1)
FN:21,(anonymous_2)
FN:32,confirm
FN:38,(anonymous_4)
FN:39,(anonymous_5)
FN:53,identifyUnwantedFiles
FN:59,(anonymous_7)
FN:63,(anonymous_8)
FN:92,cleanup
FN:109,(anonymous_10)
FN:116,(anonymous_11)
FN:119,(anonymous_12)
FN:130,(anonymous_13)
FN:133,(anonymous_14)
FN:137,(anonymous_15)
FN:160,(anonymous_16)
FN:191,(anonymous_17)
FNF:18
FNH:18
FNDA:70,(anonymous_0)
FNDA:46,(anonymous_1)
FNDA:29,(anonymous_2)
FNDA:7,confirm
FNDA:7,(anonymous_4)
FNDA:7,(anonymous_5)
FNDA:22,identifyUnwantedFiles
FNDA:62,(anonymous_7)
FNDA:68,(anonymous_8)
FNDA:18,cleanup
FNDA:50,(anonymous_10)
FNDA:6,(anonymous_11)
FNDA:3,(anonymous_12)
FNDA:47,(anonymous_13)
FNDA:44,(anonymous_14)
FNDA:2,(anonymous_15)
FNDA:10,(anonymous_16)
FNDA:12,(anonymous_17)
DA:1,1
DA:2,1
DA:3,1
DA:4,1
DA:9,1
DA:11,70
DA:16,46
DA:21,29
DA:33,7
DA:38,7
DA:39,7
DA:40,7
DA:41,7
DA:54,22
DA:59,22
DA:60,62
DA:63,22
DA:64,68
DA:65,139
DA:66,42
DA:67,2
DA:70,42
DA:71,42
DA:72,42
DA:77,22
DA:100,18
DA:102,18
DA:103,18
DA:105,18
DA:107,18
DA:108,18
DA:109,50
DA:111,17
DA:114,17
DA:115,17
DA:116,6
DA:118,17
DA:119,3
DA:123,17
DA:124,17
DA:127,17
DA:128,17
DA:130,17
DA:131,47
DA:132,30
DA:133,44
DA:134,30
DA:136,30
DA:137,2
DA:138,2
DA:144,17
DA:145,1
DA:146,1
DA:154,16
DA:157,16
DA:158,6
DA:159,6
DA:160,6
DA:161,10
DA:164,6
DA:173,10
DA:174,7
DA:175,7
DA:177,7
DA:178,4
DA:179,4
DA:189,6
DA:191,12
DA:192,6
DA:194,5
DA:195,5
DA:197,5
DA:205,2
DA:206,2
DA:210,1
DA:211,1
DA:212,1
LF:77
LH:77
BRDA:41,0,0,7
BRDA:41,0,1,4
BRDA:53,1,0,5
BRDA:65,2,0,42
BRDA:65,2,1,97
BRDA:66,3,0,2
BRDA:66,3,1,40
BRDA:92,4,0,0
BRDA:94,5,0,12
BRDA:95,6,0,8
BRDA:96,7,0,18
BRDA:97,8,0,16
BRDA:98,9,0,17
BRDA:99,10,0,17
BRDA:115,11,0,2
BRDA:115,11,1,15
BRDA:118,12,0,1
BRDA:118,12,1,16
BRDA:131,13,0,30
BRDA:131,13,1,17
BRDA:136,14,0,2
BRDA:136,14,1,28
BRDA:144,15,0,1
BRDA:144,15,1,16
BRDA:157,16,0,6
BRDA:157,16,1,10
BRDA:173,17,0,7
BRDA:173,17,1,3
BRDA:177,18,0,4
BRDA:177,18,1,3
BRF:30
BRH:29
end_of_record
TN:
SF:cli/commands/build/all.js
FN:9,buildAll
FNF:1
FNH:1
FNDA:19,buildAll
DA:1,1
DA:10,19
DA:12,19
DA:13,19
DA:15,19
DA:21,19
DA:23,19
DA:25,19
DA:26,19
DA:27,19
DA:33,15
DA:35,4
DA:36,4
DA:37,4
DA:41,19
DA:43,19
DA:44,19
DA:52,16
DA:53,1
DA:56,15
DA:59,15
DA:60,15
DA:61,15
DA:63,15
DA:65,15
DA:66,15
DA:69,4
DA:70,4
DA:71,4
DA:75,1
LF:30
LH:30
BRDA:9,0,0,1
BRDA:10,1,0,2
BRDA:52,2,0,1
BRDA:52,2,1,15
BRF:4
BRH:4
end_of_record
TN:
SF:cli/commands/build/musings.js
FN:18,buildMusings
FN:73,(anonymous_1)
FN:155,ensureBlogImagesDir
FN:165,sanitizeName
FN:175,copyImageToBlogImages
FN:215,processImagesInContent
FN:219,(anonymous_6)
FN:285,createMarkdownRenderer
FN:294,(anonymous_8)
FN:320,processYouTubeEmbeds
FN:322,(anonymous_10)
FN:329,(anonymous_11)
FN:335,(anonymous_12)
FN:344,createYouTubeEmbed
FN:358,fixHtmlStructure
FN:368,wrapInTemplate
FN:424,generateIndex
FNF:17
FNH:16
FNDA:23,buildMusings
FNDA:7,(anonymous_1)
FNDA:23,ensureBlogImagesDir
FNDA:27,sanitizeName
FNDA:4,copyImageToBlogImages
FNDA:26,processImagesInContent
FNDA:1,(anonymous_6)
FNDA:26,createMarkdownRenderer
FNDA:4,(anonymous_8)
FNDA:26,processYouTubeEmbeds
FNDA:1,(anonymous_10)
FNDA:1,(anonymous_11)
FNDA:0,(anonymous_12)
FNDA:2,createYouTubeEmbed
FNDA:26,fixHtmlStructure
FNDA:26,wrapInTemplate
FNDA:20,generateIndex
DA:1,2
DA:2,2
DA:3,2
DA:4,2
DA:5,2
DA:6,2
DA:25,23
DA:27,23
DA:28,23
DA:30,23
DA:32,23
DA:33,2
DA:34,2
DA:35,2
DA:37,1
DA:42,23
DA:43,1
DA:44,1
DA:48,23
DA:51,23
DA:52,22
DA:54,22
DA:55,29
DA:56,27
DA:57,27
DA:58,27
DA:62,22
DA:63,2
DA:64,2
DA:73,20
DA:75,20
DA:78,20
DA:79,20
DA:80,20
DA:82,20
DA:83,27
DA:84,27
DA:85,27
DA:86,27
DA:87,27
DA:90,27
DA:93,26
DA:100,26
DA:103,26
DA:104,26
DA:107,26
DA:110,26
DA:113,26
DA:115,26
DA:116,26
DA:118,26
DA:120,1
DA:121,1
DA:126,20
DA:127,20
DA:130,20
DA:131,20
DA:132,20
DA:133,1
DA:135,20
DA:136,20
DA:138,20
DA:140,20
DA:147,1
DA:148,1
DA:156,23
DA:157,2
DA:158,2
DA:166,27
DA:176,4
DA:177,4
DA:180,4
DA:181,2
DA:185,2
DA:186,2
DA:188,2
DA:189,10
DA:190,10
DA:191,0
DA:192,0
DA:196,2
DA:198,2
DA:199,1
DA:200,1
DA:201,1
DA:203,1
DA:204,1
DA:207,0
DA:208,0
DA:216,26
DA:219,26
DA:220,1
DA:221,1
DA:225,26
DA:228,26
DA:230,26
DA:231,22
DA:234,4
DA:235,4
DA:236,4
DA:237,4
DA:238,4
DA:239,4
DA:242,4
DA:243,0
DA:248,4
DA:249,1
DA:250,1
DA:251,3
DA:252,0
DA:253,3
DA:254,0
DA:256,3
DA:257,3
DA:258,2
DA:260,1
DA:265,4
DA:271,4
DA:272,3
DA:273,3
DA:274,3
DA:279,4
DA:286,26
DA:294,26
DA:295,4
DA:296,4
DA:297,4
DA:298,4
DA:300,4
DA:301,4
DA:302,4
DA:304,4
DA:305,4
DA:306,4
DA:308,4
DA:314,26
DA:322,26
DA:323,1
DA:327,26
DA:329,1
DA:333,26
DA:335,0
DA:338,26
DA:345,2
DA:360,26
DA:369,26
DA:425,20
DA:427,20
DA:428,26
DA:431,20
DA:432,20
DA:434,20
DA:437,2
LF:153
LH:145
BRDA:18,0,0,0
BRDA:20,1,0,0
BRDA:21,2,0,0
BRDA:22,3,0,18
BRDA:23,4,0,0
BRDA:24,5,0,20
BRDA:32,6,0,2
BRDA:32,6,1,21
BRDA:35,7,0,1
BRDA:35,7,1,1
BRDA:42,8,0,1
BRDA:42,8,1,22
BRDA:55,9,0,27
BRDA:55,9,1,2
BRDA:62,10,0,2
BRDA:62,10,1,20
BRDA:132,11,0,1
BRDA:132,11,1,19
BRDA:156,12,0,2
BRDA:156,12,1,21
BRDA:180,13,0,2
BRDA:180,13,1,2
BRDA:190,14,0,0
BRDA:190,14,1,10
BRDA:198,15,0,1
BRDA:198,15,1,1
BRDA:230,16,0,22
BRDA:230,16,1,4
BRDA:236,17,0,4
BRDA:236,17,1,0
BRDA:242,18,0,0
BRDA:242,18,1,4
BRDA:242,19,0,4
BRDA:242,19,1,4
BRDA:248,20,0,1
BRDA:248,20,1,3
BRDA:251,21,0,0
BRDA:251,21,1,3
BRDA:253,22,0,0
BRDA:253,22,1,3
BRDA:257,23,0,2
BRDA:257,23,1,1
BRDA:271,24,0,3
BRDA:271,24,1,1
BRDA:304,25,0,4
BRDA:304,25,1,0
BRDA:305,26,0,0
BRDA:305,26,1,4
BRDA:306,27,0,4
BRDA:306,27,1,0
BRDA:309,28,0,0
BRDA:309,28,1,4
BRDA:310,29,0,0
BRDA:310,29,1,4
BRF:54
BRH:40
end_of_record
TN:
SF:cli/commands/check/deps.js
FN:30,checkCommand
FN:44,checkNodeModule
FN:59,checkDeps
FN:110,(anonymous_3)
FN:115,(anonymous_4)
FNF:5
FNH:4
FNDA:48,checkCommand
FNDA:60,checkNodeModule
FNDA:12,checkDeps
FNDA:6,(anonymous_3)
FNDA:0,(anonymous_4)
DA:1,1
DA:2,1
DA:7,1
DA:17,1
DA:31,48
DA:32,48
DA:33,42
DA:35,6
DA:45,60
DA:46,60
DA:47,48
DA:49,12
DA:60,12
DA:62,12
DA:63,12
DA:65,12
DA:71,12
DA:73,12
DA:74,48
DA:75,42
DA:76,42
DA:78,6
DA:79,6
DA:84,12
DA:86,12
DA:87,60
DA:88,48
DA:89,48
DA:91,12
DA:92,12
DA:97,12
DA:99,12
DA:100,12
DA:101,0
DA:103,12
DA:104,12
DA:106,12
DA:107,5
DA:108,5
DA:109,5
DA:110,6
DA:112,5
DA:113,0
DA:114,0
DA:115,0
DA:117,0
DA:121,12
DA:122,12
DA:123,12
DA:127,12
DA:133,1
LF:51
LH:46
BRDA:59,0,0,0
BRDA:60,1,0,11
BRDA:74,2,0,42
BRDA:74,2,1,6
BRDA:87,3,0,48
BRDA:87,3,1,12
BRDA:100,4,0,0
BRDA:100,4,1,12
BRDA:106,5,0,5
BRDA:106,5,1,7
BRDA:108,6,0,5
BRDA:108,6,1,0
BRDA:110,7,0,2
BRDA:110,7,1,4
BRDA:113,8,0,0
BRDA:113,8,1,0
BRDA:115,9,0,0
BRDA:115,9,1,0
BRDA:121,10,0,12
BRDA:121,10,1,0
BRF:20
BRH:12
end_of_record
TN:
SF:cli/commands/check/storage.js
FN:18,formatBytes
FN:35,calculateStats
FN:39,processFiles
FN:40,(anonymous_3)
FN:79,checkStorage
FN:127,(anonymous_5)
FN:128,(anonymous_6)
FN:131,(anonymous_7)
FNF:8
FNH:8
FNDA:25,formatBytes
FNDA:14,calculateStats
FNDA:14,processFiles
FNDA:46,(anonymous_3)
FNDA:10,checkStorage
FNDA:26,(anonymous_5)
FNDA:25,(anonymous_6)
FNDA:16,(anonymous_7)
DA:1,1
DA:2,1
DA:7,1
DA:19,25
DA:21,24
DA:22,24
DA:23,24
DA:25,24
DA:27,24
DA:36,14
DA:37,14
DA:40,14
DA:41,46
DA:42,40
DA:43,40
DA:48,14
DA:50,14
DA:51,14
DA:53,14
DA:54,14
DA:56,14
DA:57,14
DA:59,14
DA:80,10
DA:82,10
DA:84,10
DA:86,10
DA:87,10
DA:90,9
DA:93,9
DA:94,1
DA:95,1
DA:99,8
DA:100,8
DA:101,8
DA:102,8
DA:103,8
DA:104,8
DA:105,8
DA:106,8
DA:107,8
DA:108,8
DA:109,8
DA:110,8
DA:112,8
DA:113,1
DA:116,8
DA:117,8
DA:118,8
DA:119,8
DA:120,8
DA:123,8
DA:124,3
DA:126,3
DA:127,26
DA:128,25
DA:131,3
DA:132,16
DA:136,8
DA:138,1
DA:139,1
DA:143,1
DA:144,1
DA:145,1
LF:64
LH:64
BRDA:18,0,0,23
BRDA:19,1,0,1
BRDA:19,1,1,24
BRDA:22,2,0,0
BRDA:22,2,1,24
BRDA:41,3,0,40
BRDA:41,3,1,6
BRDA:41,4,0,46
BRDA:41,4,1,40
BRDA:79,5,0,0
BRDA:80,6,0,7
BRDA:80,7,0,9
BRDA:93,8,0,1
BRDA:93,8,1,8
BRDA:112,9,0,1
BRDA:112,9,1,7
BRDA:123,10,0,3
BRDA:123,10,1,5
BRDA:127,11,0,26
BRDA:127,11,1,26
BRF:20
BRH:18
end_of_record
TN:
SF:cli/commands/deploy/all.js
FN:19,deployAll
FN:104,(anonymous_1)
FN:115,(anonymous_2)
FNF:3
FNH:3
FNDA:8,deployAll
FNDA:4,(anonymous_1)
FNDA:1,(anonymous_2)
DA:1,1
DA:2,1
DA:3,1
DA:4,1
DA:5,1
DA:25,8
DA:27,8
DA:29,8
DA:30,8
DA:31,1
DA:33,8
DA:35,8
DA:42,8
DA:43,8
DA:44,8
DA:45,8
DA:47,8
DA:49,30
DA:50,1
DA:51,1
DA:54,29
DA:56,29
DA:57,29
DA:65,27
DA:70,27
DA:71,4
DA:73,23
DA:74,23
DA:75,23
DA:76,23
DA:78,23
DA:79,23
DA:81,23
DA:82,2
DA:86,2
DA:87,2
DA:88,2
DA:90,2
DA:91,1
DA:95,28
DA:99,7
DA:100,7
DA:101,7
DA:103,7
DA:104,4
DA:105,1
DA:107,6
DA:108,6
DA:110,6
DA:111,1
DA:113,6
DA:114,1
DA:115,1
DA:118,6
DA:119,4
DA:123,7
DA:132,1
LF:57
LH:57
BRDA:19,0,0,3
BRDA:21,1,0,6
BRDA:22,2,0,7
BRDA:23,3,0,7
BRDA:24,4,0,7
BRDA:30,5,0,1
BRDA:30,5,1,7
BRDA:49,6,0,1
BRDA:49,6,1,29
BRDA:70,7,0,4
BRDA:70,7,1,23
BRDA:71,8,0,4
BRDA:71,8,1,0
BRDA:73,9,0,23
BRDA:73,9,1,0
BRDA:74,10,0,23
BRDA:74,10,1,21
BRDA:78,11,0,23
BRDA:78,11,1,0
BRDA:81,12,0,2
BRDA:81,12,1,21
BRDA:90,13,0,1
BRDA:90,13,1,1
BRDA:103,14,0,1
BRDA:103,14,1,6
BRDA:104,15,0,4
BRDA:104,15,1,0
BRDA:107,16,0,6
BRDA:107,16,1,0
BRDA:110,17,0,1
BRDA:110,17,1,5
BRDA:113,18,0,1
BRDA:113,18,1,5
BRDA:118,19,0,4
BRDA:118,19,1,2
BRDA:118,20,0,6
BRDA:118,20,1,6
BRDA:118,20,2,5
BRF:38
BRH:33
end_of_record
TN:
SF:cli/commands/deploy/config.js
FN:28,deployConfig
FN:80,(anonymous_1)
FN:96,(anonymous_2)
FN:105,(anonymous_3)
FN:110,(anonymous_4)
FN:111,(anonymous_5)
FNF:6
FNH:4
FNDA:9,deployConfig
FNDA:0,(anonymous_1)
FNDA:9,(anonymous_2)
FNDA:0,(anonymous_3)
FNDA:9,(anonymous_4)
FNDA:9,(anonymous_5)
DA:1,2
DA:2,2
DA:3,2
DA:6,2
DA:33,9
DA:35,9
DA:36,9
DA:38,9
DA:39,1
DA:40,1
DA:48,8
DA:49,8
DA:51,8
DA:52,13
DA:53,10
DA:54,10
DA:56,3
DA:57,3
DA:61,8
DA:62,1
DA:63,1
DA:70,7
DA:73,7
DA:74,1
DA:75,1
DA:76,1
DA:78,1
DA:79,0
DA:80,0
DA:81,0
DA:85,1
DA:93,6
DA:96,9
DA:101,6
DA:106,0
DA:110,9
DA:111,9
DA:113,6
DA:114,6
DA:116,6
DA:117,1
DA:119,6
DA:120,1
DA:124,6
DA:125,6
DA:126,6
DA:127,1
DA:129,6
DA:130,1
DA:132,6
DA:134,6
DA:136,6
DA:144,2
LF:53
LH:49
BRDA:28,0,0,1
BRDA:30,1,0,1
BRDA:31,2,0,8
BRDA:32,3,0,8
BRDA:38,4,0,1
BRDA:38,4,1,8
BRDA:52,5,0,10
BRDA:52,5,1,3
BRDA:54,6,0,10
BRDA:54,6,1,7
BRDA:57,7,0,3
BRDA:57,7,1,3
BRDA:61,8,0,1
BRDA:61,8,1,7
BRDA:73,9,0,1
BRDA:73,9,1,6
BRDA:78,10,0,0
BRDA:78,10,1,1
BRDA:81,11,0,0
BRDA:81,11,1,0
BRDA:113,12,0,6
BRDA:113,12,1,0
BRDA:116,13,0,1
BRDA:116,13,1,5
BRDA:119,14,0,1
BRDA:119,14,1,5
BRDA:126,15,0,1
BRDA:126,15,1,5
BRDA:129,16,0,1
BRDA:129,16,1,5
BRF:30
BRH:26
end_of_record
TN:
SF:cli/commands/deploy/drum-machine.js
FN:26,deployDrumMachine
FN:70,(anonymous_1)
FN:122,(anonymous_2)
FN:123,(anonymous_3)
FN:124,(anonymous_4)
FN:125,(anonymous_5)
FN:126,(anonymous_6)
FN:127,(anonymous_7)
FN:133,(anonymous_8)
FN:159,(anonymous_9)
FN:165,(anonymous_10)
FN:166,(anonymous_11)
FN:175,(anonymous_12)
FN:175,(anonymous_13)
FNF:14
FNH:4
FNDA:11,deployDrumMachine
FNDA:11,(anonymous_1)
FNDA:0,(anonymous_2)
FNDA:0,(anonymous_3)
FNDA:0,(anonymous_4)
FNDA:0,(anonymous_5)
FNDA:0,(anonymous_6)
FNDA:0,(anonymous_7)
FNDA:0,(anonymous_8)
FNDA:0,(anonymous_9)
FNDA:27,(anonymous_10)
FNDA:27,(anonymous_11)
FNDA:0,(anonymous_12)
FNDA:0,(anonymous_13)
DA:1,3
DA:2,3
DA:3,3
DA:4,3
DA:5,3
DA:34,11
DA:36,11
DA:38,11
DA:39,0
DA:40,0
DA:41,0
DA:42,0
DA:43,0
DA:44,0
DA:48,11
DA:49,1
DA:52,10
DA:53,1
DA:56,9
DA:57,0
DA:61,9
DA:63,9
DA:64,0
DA:68,9
DA:69,8
DA:70,11
DA:71,8
DA:72,8
DA:73,0
DA:78,9
DA:81,9
DA:88,9
DA:95,9
DA:96,12
DA:97,12
DA:105,9
DA:106,9
DA:107,30
DA:108,30
DA:111,9
DA:113,9
DA:114,0
DA:115,0
DA:116,0
DA:117,0
DA:118,0
DA:121,0
DA:122,0
DA:123,0
DA:124,0
DA:125,0
DA:126,0
DA:127,0
DA:130,0
DA:131,0
DA:132,0
DA:133,0
DA:134,0
DA:137,0
DA:144,9
DA:145,1
DA:146,1
DA:147,1
DA:155,8
DA:157,8
DA:160,0
DA:165,27
DA:166,27
DA:169,8
DA:170,8
DA:172,8
DA:173,1
DA:174,1
DA:175,0
DA:176,0
DA:181,8
DA:189,3
LF:77
LH:47
BRDA:26,0,0,1
BRDA:28,1,0,1
BRDA:29,2,0,1
BRDA:30,3,0,1
BRDA:31,4,0,10
BRDA:32,5,0,10
BRDA:33,6,0,10
BRDA:38,7,0,0
BRDA:38,7,1,11
BRDA:48,8,0,1
BRDA:48,8,1,10
BRDA:52,9,0,1
BRDA:52,9,1,9
BRDA:56,10,0,0
BRDA:56,10,1,9
BRDA:63,11,0,0
BRDA:63,11,1,9
BRDA:68,12,0,8
BRDA:68,12,1,1
BRDA:72,13,0,0
BRDA:72,13,1,8
BRDA:72,14,0,8
BRDA:72,14,1,1
BRDA:107,15,0,30
BRDA:107,15,1,0
BRDA:113,16,0,0
BRDA:113,16,1,9
BRDA:131,17,0,0
BRDA:131,17,1,0
BRDA:134,18,0,0
BRDA:134,18,1,0
BRDA:144,19,0,1
BRDA:144,19,1,8
BRDA:159,20,0,0
BRDA:159,20,1,8
BRDA:169,21,0,8
BRDA:169,21,1,0
BRDA:172,22,0,1
BRDA:172,22,1,7
BRDA:174,23,0,0
BRDA:174,23,1,1
BRF:41
BRH:28
end_of_record
TN:
SF:cli/commands/deploy/full.js
FN:19,deployFull
FN:47,(anonymous_1)
FN:71,(anonymous_2)
FN:112,(anonymous_3)
FN:114,(anonymous_4)
FN:123,(anonymous_5)
FN:124,(anonymous_6)
FN:133,(anonymous_7)
FN:133,(anonymous_8)
FN:153,confirmDeployment
FN:154,(anonymous_10)
FN:161,(anonymous_11)
FNF:12
FNH:9
FNDA:11,deployFull
FNDA:15,(anonymous_1)
FNDA:1,(anonymous_2)
FNDA:0,(anonymous_3)
FNDA:1,(anonymous_4)
FNDA:12,(anonymous_5)
FNDA:12,(anonymous_6)
FNDA:0,(anonymous_7)
FNDA:0,(anonymous_8)
FNDA:2,confirmDeployment
FNDA:2,(anonymous_10)
FNDA:2,(anonymous_11)
DA:1,2
DA:2,2
DA:3,2
DA:4,2
DA:5,2
DA:6,2
DA:25,11
DA:27,11
DA:29,11
DA:30,1
DA:31,1
DA:35,11
DA:37,11
DA:38,1
DA:39,1
DA:47,10
DA:48,15
DA:49,15
DA:57,10
DA:58,10
DA:59,15
DA:60,3
DA:63,10
DA:65,10
DA:67,10
DA:68,1
DA:69,1
DA:70,1
DA:71,1
DA:72,1
DA:75,1
DA:77,1
DA:78,0
DA:83,10
DA:84,2
DA:85,2
DA:86,1
DA:87,1
DA:97,9
DA:98,1
DA:99,1
DA:100,1
DA:108,8
DA:110,8
DA:113,0
DA:116,1
DA:117,1
DA:123,12
DA:124,12
DA:127,8
DA:128,8
DA:130,8
DA:131,1
DA:132,1
DA:133,0
DA:134,0
DA:139,8
DA:154,2
DA:155,2
DA:160,2
DA:161,2
DA:162,2
DA:163,2
DA:168,2
LF:64
LH:60
BRDA:19,0,0,2
BRDA:21,1,0,9
BRDA:22,2,0,2
BRDA:23,3,0,10
BRDA:24,4,0,9
BRDA:29,5,0,1
BRDA:29,5,1,10
BRDA:37,6,0,1
BRDA:37,6,1,10
BRDA:59,7,0,3
BRDA:59,7,1,12
BRDA:67,8,0,1
BRDA:67,8,1,9
BRDA:72,9,0,0
BRDA:72,9,1,1
BRDA:77,10,0,0
BRDA:77,10,1,1
BRDA:83,11,0,2
BRDA:83,11,1,8
BRDA:83,12,0,10
BRDA:83,12,1,2
BRDA:85,13,0,1
BRDA:85,13,1,1
BRDA:97,14,0,1
BRDA:97,14,1,8
BRDA:112,15,0,1
BRDA:112,15,1,7
BRDA:116,16,0,1
BRDA:116,16,1,0
BRDA:116,17,0,1
BRDA:116,17,1,1
BRDA:127,18,0,8
BRDA:127,18,1,0
BRDA:130,19,0,1
BRDA:130,19,1,7
BRDA:132,20,0,0
BRDA:132,20,1,1
BRDA:163,21,0,2
BRDA:163,21,1,1
BRF:39
BRH:34
end_of_record
TN:
SF:cli/commands/deploy/music.js
FN:21,deployMusic
FN:42,(anonymous_1)
FN:56,(anonymous_2)
FN:60,(anonymous_3)
FN:66,(anonymous_4)
FN:70,(anonymous_5)
FN:76,(anonymous_6)
FN:89,(anonymous_7)
FN:97,(anonymous_8)
FN:122,(anonymous_9)
FN:123,(anonymous_10)
FN:127,(anonymous_11)
FN:160,(anonymous_12)
FN:165,(anonymous_13)
FN:166,(anonymous_14)
FN:186,(anonymous_15)
FN:191,(anonymous_16)
FN:192,(anonymous_17)
FNF:18
FNH:16
FNDA:10,deployMusic
FNDA:18,(anonymous_1)
FNDA:18,(anonymous_2)
FNDA:18,(anonymous_3)
FNDA:1,(anonymous_4)
FNDA:18,(anonymous_5)
FNDA:1,(anonymous_6)
FNDA:5,(anonymous_7)
FNDA:24,(anonymous_8)
FNDA:5,(anonymous_9)
FNDA:2,(anonymous_10)
FNDA:2,(anonymous_11)
FNDA:0,(anonymous_12)
FNDA:12,(anonymous_13)
FNDA:12,(anonymous_14)
FNDA:0,(anonymous_15)
FNDA:1,(anonymous_16)
FNDA:1,(anonymous_17)
DA:1,2
DA:2,2
DA:3,2
DA:4,2
DA:5,2
DA:6,2
DA:7,2
DA:29,10
DA:31,10
DA:32,10
DA:35,10
DA:36,10
DA:38,9
DA:39,0
DA:42,9
DA:43,18
DA:44,18
DA:47,9
DA:50,9
DA:51,9
DA:52,9
DA:56,18
DA:57,9
DA:60,9
DA:61,18
DA:64,9
DA:65,1
DA:66,1
DA:70,9
DA:71,18
DA:74,9
DA:75,1
DA:76,1
DA:77,1
DA:81,8
DA:82,8
DA:83,8
DA:89,8
DA:90,8
DA:93,8
DA:94,8
DA:96,8
DA:97,24
DA:99,16
DA:100,0
DA:103,16
DA:105,16
DA:106,14
DA:111,2
DA:112,2
DA:116,8
DA:117,1
DA:121,8
DA:122,5
DA:123,2
DA:125,8
DA:126,2
DA:127,2
DA:131,8
DA:132,1
DA:133,1
DA:134,1
DA:135,1
DA:136,0
DA:139,1
DA:150,7
DA:151,7
DA:153,7
DA:154,7
DA:156,7
DA:161,0
DA:165,12
DA:166,12
DA:168,7
DA:169,7
DA:171,7
DA:172,1
DA:175,0
DA:179,7
DA:181,7
DA:182,1
DA:184,1
DA:187,0
DA:191,1
DA:192,1
DA:194,1
DA:195,1
DA:200,7
DA:201,7
DA:202,7
DA:203,1
DA:205,7
DA:206,7
DA:207,1
DA:209,7
DA:211,7
DA:212,1
DA:214,7
DA:215,1
DA:218,7
DA:220,7
DA:231,2
LF:102
LH:96
BRDA:21,0,0,0
BRDA:25,1,0,9
BRDA:26,2,0,9
BRDA:27,3,0,9
BRDA:28,4,0,10
BRDA:38,5,0,0
BRDA:38,5,1,9
BRDA:38,6,0,9
BRDA:38,6,1,9
BRDA:64,7,0,1
BRDA:64,7,1,8
BRDA:74,8,0,1
BRDA:74,8,1,8
BRDA:99,9,0,0
BRDA:99,9,1,16
BRDA:105,10,0,14
BRDA:105,10,1,2
BRDA:105,11,0,16
BRDA:105,11,1,14
BRDA:116,12,0,1
BRDA:116,12,1,7
BRDA:116,13,0,8
BRDA:116,13,1,1
BRDA:125,14,0,2
BRDA:125,14,1,6
BRDA:131,15,0,1
BRDA:131,15,1,7
BRDA:135,16,0,0
BRDA:135,16,1,1
BRDA:135,17,0,1
BRDA:135,17,1,0
BRDA:143,18,0,0
BRDA:143,18,1,1
BRDA:153,19,0,7
BRDA:153,19,1,0
BRDA:168,20,0,7
BRDA:168,20,1,0
BRDA:171,21,0,1
BRDA:171,21,1,6
BRDA:181,22,0,1
BRDA:181,22,1,6
BRDA:181,23,0,7
BRDA:181,23,1,1
BRDA:194,24,0,1
BRDA:194,24,1,0
BRDA:202,25,0,1
BRDA:202,25,1,6
BRDA:206,26,0,1
BRDA:206,26,1,6
BRDA:211,27,0,1
BRDA:211,27,1,6
BRDA:214,28,0,1
BRDA:214,28,1,6
BRDA:214,29,0,7
BRDA:214,29,1,6
BRF:55
BRH:46
end_of_record
TN:
SF:cli/commands/deploy/musings.js
FN:19,deployMusings
FN:62,(anonymous_1)
FN:95,(anonymous_2)
FN:97,(anonymous_3)
FN:98,(anonymous_4)
FN:102,(anonymous_5)
FN:134,(anonymous_6)
FN:139,(anonymous_7)
FN:140,(anonymous_8)
FN:160,(anonymous_9)
FN:165,(anonymous_10)
FN:166,(anonymous_11)
FNF:12
FNH:10
FNDA:8,deployMusings
FNDA:6,(anonymous_1)
FNDA:12,(anonymous_2)
FNDA:6,(anonymous_3)
FNDA:2,(anonymous_4)
FNDA:2,(anonymous_5)
FNDA:0,(anonymous_6)
FNDA:7,(anonymous_7)
FNDA:7,(anonymous_8)
FNDA:0,(anonymous_9)
FNDA:1,(anonymous_10)
FNDA:1,(anonymous_11)
DA:1,2
DA:2,2
DA:3,2
DA:4,2
DA:5,2
DA:6,2
DA:26,8
DA:28,8
DA:29,8
DA:32,8
DA:33,8
DA:34,8
DA:38,8
DA:40,8
DA:41,1
DA:42,1
DA:44,1
DA:54,7
DA:55,7
DA:56,7
DA:62,7
DA:63,7
DA:66,7
DA:67,7
DA:70,7
DA:72,7
DA:73,12
DA:74,12
DA:76,12
DA:78,9
DA:80,9
DA:85,3
DA:86,3
DA:90,7
DA:91,1
DA:95,12
DA:96,7
DA:97,6
DA:98,2
DA:100,7
DA:101,2
DA:102,2
DA:106,7
DA:107,1
DA:108,1
DA:109,1
DA:110,1
DA:111,0
DA:114,1
DA:124,6
DA:125,6
DA:127,6
DA:128,4
DA:130,4
DA:135,0
DA:139,7
DA:140,7
DA:142,4
DA:143,4
DA:145,4
DA:146,1
DA:149,2
DA:153,6
DA:155,6
DA:156,1
DA:158,1
DA:161,0
DA:165,1
DA:166,1
DA:168,1
DA:169,1
DA:174,6
DA:175,6
DA:176,6
DA:177,1
DA:179,6
DA:180,6
DA:181,1
DA:183,6
DA:185,6
DA:186,1
DA:189,6
DA:191,6
DA:201,2
LF:84
LH:81
BRDA:19,0,0,0
BRDA:22,1,0,7
BRDA:23,2,0,7
BRDA:24,3,0,7
BRDA:25,4,0,8
BRDA:40,5,0,1
BRDA:40,5,1,7
BRDA:76,6,0,9
BRDA:76,6,1,3
BRDA:76,7,0,12
BRDA:76,7,1,11
BRDA:90,8,0,1
BRDA:90,8,1,6
BRDA:90,9,0,7
BRDA:90,9,1,1
BRDA:100,10,0,2
BRDA:100,10,1,5
BRDA:106,11,0,1
BRDA:106,11,1,6
BRDA:110,12,0,0
BRDA:110,12,1,1
BRDA:110,13,0,1
BRDA:110,13,1,0
BRDA:118,14,0,0
BRDA:118,14,1,1
BRDA:127,15,0,4
BRDA:127,15,1,2
BRDA:142,16,0,4
BRDA:142,16,1,0
BRDA:145,17,0,1
BRDA:145,17,1,3
BRDA:155,18,0,1
BRDA:155,18,1,5
BRDA:155,19,0,6
BRDA:155,19,1,1
BRDA:168,20,0,1
BRDA:168,20,1,0
BRDA:176,21,0,1
BRDA:176,21,1,5
BRDA:180,22,0,1
BRDA:180,22,1,5
BRDA:185,23,0,1
BRDA:185,23,1,5
BRDA:185,24,0,6
BRDA:185,24,1,5
BRF:45
BRH:39
end_of_record
TN:
SF:cli/commands/deploy/recent.js
FN:24,isCommitReference
FN:31,deployRecent
FN:131,(anonymous_2)
FN:157,(anonymous_3)
FN:163,(anonymous_4)
FN:164,(anonymous_5)
FN:173,(anonymous_6)
FN:173,(anonymous_7)
FNF:8
FNH:5
FNDA:29,isCommitReference
FNDA:30,deployRecent
FNDA:1,(anonymous_2)
FNDA:0,(anonymous_3)
FNDA:33,(anonymous_4)
FNDA:33,(anonymous_5)
FNDA:0,(anonymous_6)
FNDA:0,(anonymous_7)
DA:1,2
DA:2,2
DA:3,2
DA:4,2
DA:5,2
DA:27,29
DA:38,30
DA:40,30
DA:43,30
DA:44,30
DA:46,30
DA:47,1
DA:48,1
DA:49,0
DA:51,1
DA:53,1
DA:54,0
DA:59,30
DA:60,30
DA:61,1
DA:65,29
DA:66,29
DA:67,1
DA:70,29
DA:72,29
DA:73,1
DA:77,29
DA:78,29
DA:80,29
DA:82,38
DA:83,2
DA:84,0
DA:86,2
DA:87,2
DA:91,36
DA:92,1
DA:93,1
DA:94,1
DA:98,35
DA:100,35
DA:108,29
DA:109,1
DA:110,1
DA:119,28
DA:120,28
DA:121,35
DA:122,34
DA:125,28
DA:127,28
DA:128,1
DA:129,1
DA:130,1
DA:131,1
DA:132,1
DA:135,1
DA:140,28
DA:141,1
DA:142,1
DA:143,1
DA:144,1
DA:153,27
DA:155,27
DA:158,0
DA:163,33
DA:164,33
DA:167,27
DA:168,26
DA:170,27
DA:171,2
DA:172,2
DA:173,0
DA:174,0
DA:178,27
DA:179,2
DA:182,27
DA:191,2
LF:76
LH:70
BRDA:27,0,0,29
BRDA:27,0,1,20
BRDA:31,1,0,7
BRDA:33,2,0,11
BRDA:36,3,0,29
BRDA:37,4,0,28
BRDA:43,5,0,30
BRDA:43,5,1,29
BRDA:43,6,0,9
BRDA:43,6,1,20
BRDA:44,7,0,20
BRDA:44,7,1,10
BRDA:44,8,0,30
BRDA:44,8,1,20
BRDA:46,9,0,1
BRDA:46,9,1,29
BRDA:48,10,0,0
BRDA:48,10,1,1
BRDA:53,11,0,0
BRDA:53,11,1,1
BRDA:60,12,0,1
BRDA:60,12,1,29
BRDA:65,13,0,10
BRDA:65,13,1,19
BRDA:66,14,0,1
BRDA:66,14,1,28
BRDA:72,15,0,1
BRDA:72,15,1,28
BRDA:82,16,0,2
BRDA:82,16,1,36
BRDA:83,17,0,0
BRDA:83,17,1,2
BRDA:91,18,0,1
BRDA:91,18,1,35
BRDA:108,19,0,1
BRDA:108,19,1,28
BRDA:121,20,0,34
BRDA:121,20,1,1
BRDA:127,21,0,1
BRDA:127,21,1,27
BRDA:132,22,0,1
BRDA:132,22,1,0
BRDA:140,23,0,1
BRDA:140,23,1,27
BRDA:157,24,0,1
BRDA:157,24,1,26
BRDA:167,25,0,26
BRDA:167,25,1,1
BRDA:170,26,0,2
BRDA:170,26,1,25
BRDA:172,27,0,0
BRDA:172,27,1,2
BRDA:178,28,0,2
BRDA:178,28,1,25
BRF:54
BRH:49
end_of_record
TN:
SF:cli/commands/media/photos.js
FN:16,processPhotos
FNF:1
FNH:1
FNDA:28,processPhotos
DA:1,1
DA:2,1
DA:3,1
DA:4,1
DA:23,28
DA:25,28
DA:26,28
DA:29,28
DA:30,1
DA:32,27
DA:33,1
DA:36,26
DA:38,26
DA:39,26
DA:49,25
DA:50,25
DA:51,25
DA:53,25
DA:54,25
DA:55,8
DA:58,25
DA:59,25
DA:60,25
DA:61,25
DA:62,25
DA:63,25
DA:64,8
DA:68,25
DA:73,22
DA:75,22
DA:82,4
DA:83,4
DA:87,1
LF:33
LH:33
BRDA:16,0,0,0
BRDA:20,1,0,20
BRDA:21,2,0,27
BRDA:22,3,0,25
BRDA:29,4,0,1
BRDA:29,4,1,27
BRDA:32,5,0,1
BRDA:32,5,1,26
BRDA:54,6,0,8
BRDA:54,6,1,17
BRDA:63,7,0,8
BRDA:63,7,1,17
BRDA:69,8,0,2
BRDA:69,8,1,23
BRF:14
BRH:13
end_of_record
TN:
SF:cli/commands/media/sync-images.js
FN:23,syncImages
FN:40,(anonymous_1)
FN:106,ensureDir
FN:116,findAttachmentDirs
FN:137,copyImageToDest
FN:159,processMarkdownFile
FN:226,(anonymous_6)
FNF:7
FNH:7
FNDA:29,syncImages
FNDA:29,(anonymous_1)
FNDA:29,ensureDir
FNDA:5,findAttachmentDirs
FNDA:23,copyImageToDest
FNDA:27,processMarkdownFile
FNDA:39,(anonymous_6)
DA:1,2
DA:2,2
DA:3,2
DA:4,2
DA:6,2
DA:29,29
DA:31,29
DA:32,29
DA:34,29
DA:36,29
DA:39,29
DA:40,29
DA:42,28
DA:43,4
DA:44,4
DA:53,24
DA:55,24
DA:56,24
DA:57,24
DA:60,24
DA:61,27
DA:62,27
DA:64,27
DA:65,27
DA:66,27
DA:67,27
DA:68,19
DA:73,24
DA:74,24
DA:75,24
DA:76,1
DA:78,24
DA:80,24
DA:81,18
DA:82,18
DA:83,18
DA:84,18
DA:87,24
DA:89,24
DA:98,1
DA:99,1
DA:107,29
DA:108,18
DA:109,18
DA:117,5
DA:119,5
DA:120,25
DA:121,25
DA:122,25
DA:123,25
DA:124,25
DA:131,5
DA:138,23
DA:141,23
DA:142,1
DA:143,1
DA:146,22
DA:147,22
DA:148,21
DA:149,21
DA:151,1
DA:152,1
DA:160,27
DA:161,27
DA:162,27
DA:163,27
DA:164,27
DA:167,27
DA:168,27
DA:170,27
DA:171,4
DA:172,5
DA:173,5
DA:174,5
DA:175,5
DA:178,5
DA:179,5
DA:181,5
DA:182,5
DA:183,5
DA:184,5
DA:185,5
DA:186,5
DA:192,5
DA:194,5
DA:195,5
DA:196,5
DA:198,5
DA:199,5
DA:200,5
DA:201,5
DA:202,5
DA:203,0
DA:204,0
DA:207,0
DA:214,27
DA:215,27
DA:217,27
DA:218,21
DA:219,21
DA:220,21
DA:221,21
DA:222,21
DA:223,21
DA:226,21
DA:227,39
DA:230,21
DA:232,19
DA:233,19
DA:234,19
DA:235,18
DA:236,18
DA:237,16
DA:238,16
DA:239,16
DA:240,16
DA:241,16
DA:242,2
DA:243,1
DA:246,1
DA:254,27
DA:255,19
DA:256,19
DA:259,27
DA:266,2
LF:125
LH:122
BRDA:23,0,0,0
BRDA:25,1,0,0
BRDA:26,2,0,0
BRDA:27,3,0,27
BRDA:28,4,0,27
BRDA:42,5,0,4
BRDA:42,5,1,24
BRDA:67,6,0,19
BRDA:67,6,1,8
BRDA:75,7,0,1
BRDA:75,7,1,23
BRDA:80,8,0,18
BRDA:80,8,1,6
BRDA:107,9,0,18
BRDA:107,9,1,11
BRDA:123,10,0,25
BRDA:123,10,1,0
BRDA:141,11,0,1
BRDA:141,11,1,22
BRDA:141,12,0,23
BRDA:141,12,1,22
BRDA:170,13,0,4
BRDA:170,13,1,23
BRDA:173,14,0,5
BRDA:173,14,1,0
BRDA:192,15,0,5
BRDA:192,15,1,0
BRDA:195,16,0,5
BRDA:195,16,1,0
BRDA:203,17,0,0
BRDA:203,17,1,0
BRDA:217,18,0,21
BRDA:217,18,1,6
BRDA:220,19,0,21
BRDA:220,19,1,0
BRDA:227,20,0,39
BRDA:227,20,1,21
BRDA:230,21,0,19
BRDA:230,21,1,2
BRDA:236,22,0,16
BRDA:236,22,1,2
BRDA:242,23,0,1
BRDA:242,23,1,1
BRDA:254,24,0,19
BRDA:254,24,1,8
BRF:45
BRH:35
end_of_record
TN:
SF:cli/commands/media/videos.js
FN:13,(anonymous_0)
FN:20,(anonymous_1)
FN:27,(anonymous_2)
FN:35,(anonymous_3)
FN:51,processVideos
FN:134,(anonymous_5)
FN:164,listPresets
FNF:7
FNH:7
FNDA:14,(anonymous_0)
FNDA:2,(anonymous_1)
FNDA:3,(anonymous_2)
FNDA:2,(anonymous_3)
FNDA:31,processVideos
FNDA:28,(anonymous_5)
FNDA:1,listPresets
DA:1,1
DA:2,1
DA:3,1
DA:4,1
DA:9,1
DA:13,14
DA:20,2
DA:27,3
DA:35,2
DA:58,31
DA:60,31
DA:61,31
DA:63,31
DA:65,31
DA:66,31
DA:79,30
DA:80,19
DA:81,1
DA:84,18
DA:85,1
DA:86,1
DA:89,17
DA:90,17
DA:92,17
DA:93,17
DA:95,17
DA:96,17
DA:98,17
DA:101,11
DA:102,10
DA:105,10
DA:106,10
DA:108,9
DA:109,1
DA:112,8
DA:113,11
DA:114,11
DA:115,2
DA:119,4
DA:122,1
DA:126,23
DA:127,23
DA:128,23
DA:130,23
DA:132,23
DA:134,23
DA:135,28
DA:138,23
DA:139,23
DA:142,23
DA:147,21
DA:149,21
DA:155,10
DA:156,10
DA:165,1
DA:168,1
DA:169,1
DA:170,1
LF:58
LH:58
BRDA:51,0,0,0
BRDA:56,1,0,30
BRDA:57,2,0,29
BRDA:79,3,0,19
BRDA:79,3,1,11
BRDA:80,4,0,1
BRDA:80,4,1,18
BRDA:84,5,0,1
BRDA:84,5,1,17
BRDA:101,6,0,10
BRDA:101,6,1,1
BRDA:108,7,0,1
BRDA:108,7,1,8
BRDA:114,8,0,2
BRDA:114,8,1,9
BRDA:114,9,0,11
BRDA:114,9,1,10
BRDA:143,10,0,1
BRDA:143,10,1,22
BRDA:152,11,0,21
BRDA:152,11,1,6
BRF:21
BRH:20
end_of_record
TN:
SF:cli/lib/api/client.js
FN:9,makeAPICall
FN:10,(anonymous_1)
FN:26,(anonymous_2)
FN:29,(anonymous_3)
FN:33,(anonymous_4)
FN:46,(anonymous_5)
FN:67,delay
FN:68,(anonymous_7)
FNF:8
FNH:6
FNDA:6,makeAPICall
FNDA:6,(anonymous_1)
FNDA:5,(anonymous_2)
FNDA:5,(anonymous_3)
FNDA:5,(anonymous_4)
FNDA:1,(anonymous_5)
FNDA:0,delay
FNDA:0,(anonymous_7)
DA:1,22
DA:10,6
DA:12,6
DA:13,6
DA:15,6
DA:16,1
DA:19,6
DA:26,6
DA:27,5
DA:29,5
DA:30,5
DA:33,5
DA:34,5
DA:35,5
DA:36,4
DA:38,1
DA:46,6
DA:47,1
DA:54,6
DA:55,1
DA:57,5
DA:68,0
DA:71,22
LF:23
LH:22
BRDA:9,0,0,5
BRDA:13,1,0,6
BRDA:13,1,1,6
BRDA:15,2,0,1
BRDA:15,2,1,5
BRDA:20,3,0,6
BRDA:20,3,1,5
BRDA:21,4,0,6
BRDA:21,4,1,6
BRDA:54,5,0,1
BRDA:54,5,1,5
BRDA:54,6,0,6
BRDA:54,6,1,1
BRF:13
BRH:13
end_of_record
TN:
SF:cli/lib/api/delete.js
FN:10,deleteFile
FN:38,deleteFiles
FNF:2
FNH:2
FNDA:3,deleteFile
FNDA:7,deleteFiles
DA:1,6
DA:2,6
DA:11,3
DA:12,3
DA:23,2
DA:25,1
DA:42,7
DA:44,7
DA:45,1
DA:48,6
DA:49,6
DA:52,6
DA:53,12
DA:56,6
DA:59,6
DA:60,12
DA:61,12
DA:72,11
DA:79,11
DA:81,1
DA:88,1
DA:91,12
DA:93,12
DA:94,2
DA:103,6
DA:106,6
LF:26
LH:26
BRDA:38,0,0,3
BRDA:40,1,0,3
BRDA:44,2,0,1
BRDA:44,2,1,6
BRDA:93,3,0,2
BRDA:93,3,1,10
BRF:6
BRH:6
end_of_record
TN:
SF:cli/lib/api/list.js
FN:11,listFiles
FN:38,filterRemoteFiles
FN:51,(anonymous_2)
FN:56,(anonymous_3)
FN:64,(anonymous_4)
FN:69,(anonymous_5)
FN:73,(anonymous_6)
FNF:7
FNH:7
FNDA:4,listFiles
FNDA:7,filterRemoteFiles
FNDA:10,(anonymous_2)
FNDA:9,(anonymous_3)
FNDA:5,(anonymous_4)
FNDA:8,(anonymous_5)
FNDA:3,(anonymous_6)
DA:1,7
DA:2,7
DA:12,4
DA:13,4
DA:15,4
DA:21,3
DA:23,1
DA:45,7
DA:47,7
DA:50,7
DA:51,10
DA:55,7
DA:56,2
DA:57,9
DA:58,9
DA:63,7
DA:64,5
DA:68,7
DA:69,8
DA:72,7
DA:73,3
DA:76,7
DA:79,7
LF:23
LH:23
BRDA:11,0,0,3
BRDA:13,1,0,1
BRDA:13,1,1,3
BRDA:21,2,0,3
BRDA:21,2,1,0
BRDA:38,3,0,2
BRDA:42,4,0,5
BRDA:50,5,0,2
BRDA:50,5,1,5
BRDA:55,6,0,2
BRDA:55,6,1,5
BRDA:55,7,0,7
BRDA:55,7,1,2
BRDA:63,8,0,1
BRDA:63,8,1,6
BRDA:68,9,0,2
BRDA:68,9,1,5
BRDA:72,10,0,1
BRDA:72,10,1,6
BRF:19
BRH:18
end_of_record
TN:
SF:cli/lib/api/upload.js
FN:13,uploadFile
FN:46,uploadWithRetry
FN:82,uploadFiles
FN:102,(anonymous_3)
FN:103,(anonymous_4)
FNF:5
FNH:5
FNDA:38,uploadFile
FNDA:12,uploadWithRetry
FNDA:11,uploadFiles
FNDA:10,(anonymous_3)
FNDA:41,(anonymous_4)
DA:1,12
DA:2,12
DA:3,12
DA:4,12
DA:14,38
DA:15,38
DA:17,37
DA:18,37
DA:20,37
DA:30,27
DA:32,11
DA:47,12
DA:50,12
DA:51,18
DA:52,18
DA:53,10
DA:54,2
DA:56,10
DA:58,8
DA:60,8
DA:61,6
DA:62,6
DA:67,2
DA:89,11
DA:91,11
DA:92,1
DA:95,10
DA:96,10
DA:97,10
DA:98,10
DA:100,10
DA:102,10
DA:103,10
DA:104,41
DA:106,17
DA:107,10
DA:109,17
DA:112,24
DA:113,24
DA:115,24
DA:116,24
DA:117,24
DA:119,22
DA:125,2
DA:130,2
DA:132,24
DA:133,24
DA:135,24
DA:136,3
DA:144,24
DA:149,10
DA:150,10
DA:151,17
DA:156,12
LF:54
LH:54
BRDA:46,0,0,1
BRDA:47,1,0,1
BRDA:47,2,0,1
BRDA:53,3,0,2
BRDA:53,3,1,8
BRDA:60,4,0,6
BRDA:60,4,1,2
BRDA:82,5,0,1
BRDA:84,6,0,4
BRDA:86,7,0,7
BRDA:87,8,0,11
BRDA:88,9,0,11
BRDA:91,10,0,1
BRDA:91,10,1,10
BRDA:100,11,0,6
BRDA:100,11,1,4
BRDA:104,12,0,17
BRDA:104,12,1,24
BRDA:106,13,0,10
BRDA:106,13,1,7
BRDA:116,14,0,8
BRDA:116,14,1,16
BRDA:135,15,0,3
BRDA:135,15,1,21
BRF:24
BRH:24
end_of_record
TN:
SF:cli/lib/media/dependencies.js
FN:9,checkCommand
FN:23,promptInstall
FN:29,(anonymous_2)
FN:30,(anonymous_3)
FN:33,(anonymous_4)
FN:47,attemptInstall
FN:84,checkDependencies
FN:101,(anonymous_7)
FNF:8
FNH:8
FNDA:18,checkCommand
FNDA:5,promptInstall
FNDA:5,(anonymous_2)
FNDA:5,(anonymous_3)
FNDA:5,(anonymous_4)
FNDA:4,attemptInstall
FNDA:11,checkDependencies
FNDA:36,(anonymous_7)
DA:1,3
DA:2,3
DA:10,18
DA:11,18
DA:12,8
DA:14,10
DA:24,5
DA:29,5
DA:30,5
DA:31,5
DA:34,5
DA:35,5
DA:48,4
DA:50,4
DA:51,4
DA:53,4
DA:54,4
DA:55,4
DA:56,0
DA:57,0
DA:59,0
DA:60,0
DA:64,0
DA:67,4
DA:68,4
DA:70,0
DA:71,0
DA:89,11
DA:91,11
DA:93,11
DA:95,11
DA:96,15
DA:97,15
DA:98,9
DA:99,9
DA:100,9
DA:101,9
DA:102,36
DA:105,9
DA:107,6
DA:111,11
DA:112,3
DA:113,3
DA:116,8
DA:119,8
DA:120,5
DA:122,5
DA:123,4
DA:124,4
DA:125,4
DA:126,4
DA:127,0
DA:131,4
DA:132,4
DA:133,4
DA:139,4
DA:140,3
DA:141,3
DA:142,3
DA:145,1
DA:151,3
DA:201,3
LF:62
LH:54
BRDA:35,0,0,5
BRDA:35,0,1,1
BRDA:53,1,0,4
BRDA:53,1,1,0
BRDA:56,2,0,0
BRDA:56,2,1,0
BRDA:59,3,0,0
BRDA:59,3,1,0
BRDA:84,4,0,0
BRDA:86,5,0,3
BRDA:87,6,0,0
BRDA:88,7,0,0
BRDA:97,8,0,9
BRDA:97,8,1,6
BRDA:99,9,0,9
BRDA:99,9,1,0
BRDA:111,10,0,3
BRDA:111,10,1,8
BRDA:119,11,0,5
BRDA:119,11,1,3
BRDA:122,12,0,4
BRDA:122,12,1,1
BRDA:126,13,0,0
BRDA:126,13,1,4
BRDA:131,14,0,4
BRDA:131,14,1,0
BRDA:139,15,0,3
BRDA:139,15,1,1
BRF:28
BRH:17
end_of_record
TN:
SF:cli/lib/utils/config.js
FN:15,getApiKey
FN:29,validateApiKey
FN:37,loadEnvFile
FN:70,loadJsonConfig
FN:90,getConfig
FNF:5
FNH:5
FNDA:5,getApiKey
FNDA:2,validateApiKey
FNDA:4,loadEnvFile
FNDA:4,loadJsonConfig
FNDA:2,getConfig
DA:6,3
DA:7,3
DA:16,5
DA:18,5
DA:19,1
DA:22,4
DA:30,2
DA:38,4
DA:39,1
DA:42,3
DA:43,3
DA:44,3
DA:46,3
DA:48,9
DA:49,4
DA:52,5
DA:53,5
DA:54,5
DA:55,5
DA:71,4
DA:72,2
DA:73,1
DA:75,1
DA:78,2
DA:79,2
DA:80,2
DA:82,1
DA:91,2
DA:99,3
LF:29
LH:29
BRDA:15,0,0,2
BRDA:18,1,0,1
BRDA:18,1,1,4
BRDA:18,2,0,5
BRDA:18,2,1,3
BRDA:22,3,0,4
BRDA:22,3,1,2
BRDA:37,4,0,4
BRDA:38,5,0,1
BRDA:38,5,1,3
BRDA:48,6,0,4
BRDA:48,6,1,5
BRDA:48,7,0,9
BRDA:48,7,1,7
BRDA:53,8,0,5
BRDA:53,8,1,0
BRDA:53,9,0,5
BRDA:53,9,1,5
BRDA:70,10,0,3
BRDA:71,11,0,2
BRDA:71,11,1,2
BRDA:72,12,0,1
BRDA:72,12,1,1
BRF:23
BRH:22
end_of_record
TN:
SF:cli/lib/utils/files.js
FN:9,normalizePath
FN:19,getRelativePath
FN:31,shouldIgnoreFile
FN:62,filterFiles
FN:63,(anonymous_4)
FN:68,(anonymous_5)
FN:77,(anonymous_6)
FN:85,(anonymous_7)
FN:102,getLocalFiles
FNF:9
FNH:9
FNDA:12,normalizePath
FNDA:3,getRelativePath
FNDA:110,shouldIgnoreFile
FNDA:5,filterFiles
FNDA:28,(anonymous_4)
FNDA:88,(anonymous_5)
FNDA:8,(anonymous_6)
FNDA:6,(anonymous_7)
FNDA:10,getLocalFiles
DA:1,9
DA:2,9
DA:10,12
DA:20,3
DA:21,3
DA:22,3
DA:23,3
DA:32,110
DA:41,110
DA:42,19
DA:47,91
DA:48,2
DA:51,89
DA:63,5
DA:64,28
DA:65,28
DA:68,88
DA:69,12
DA:72,16
DA:76,5
DA:77,2
DA:78,8
DA:79,8
DA:84,5
DA:85,2
DA:86,6
DA:87,6
DA:91,5
DA:103,10
DA:104,10
DA:107,10
DA:108,1
DA:111,9
DA:112,9
DA:114,8
DA:116,12
DA:117,2
DA:120,10
DA:122,10
DA:124,2
DA:125,2
DA:127,8
DA:131,8
DA:133,1
DA:137,9
LF:45
LH:45
BRDA:41,0,0,19
BRDA:41,0,1,91
BRDA:47,1,0,2
BRDA:47,1,1,89
BRDA:62,2,0,2
BRDA:68,3,0,12
BRDA:68,3,1,16
BRDA:76,4,0,2
BRDA:76,4,1,3
BRDA:76,5,0,5
BRDA:76,5,1,2
BRDA:84,6,0,2
BRDA:84,6,1,3
BRDA:102,7,0,7
BRDA:102,8,0,8
BRDA:107,9,0,1
BRDA:107,9,1,9
BRDA:107,10,0,10
BRDA:107,10,1,2
BRDA:116,11,0,2
BRDA:116,11,1,10
BRDA:122,12,0,2
BRDA:122,12,1,8
BRF:23
BRH:23
end_of_record
TN:
SF:cli/lib/utils/git.js
FN:9,isGitRepository
FN:29,getChangedFiles
FN:55,(anonymous_2)
FN:67,(anonymous_3)
FN:79,(anonymous_4)
FN:94,(anonymous_5)
FN:98,(anonymous_6)
FN:111,(anonymous_7)
FN:128,parseGitStatus
FN:163,getLastCommitHash
FN:179,getChangedFilesSinceCommit
FNF:11
FNH:9
FNDA:11,isGitRepository
FNDA:8,getChangedFiles
FNDA:10,(anonymous_2)
FNDA:1,(anonymous_3)
FNDA:0,(anonymous_4)
FNDA:1,(anonymous_5)
FNDA:0,(anonymous_6)
FNDA:3,(anonymous_7)
FNDA:3,parseGitStatus
FNDA:2,getLastCommitHash
FNDA:1,getChangedFilesSinceCommit
DA:1,3
DA:2,3
DA:10,11
DA:11,11
DA:12,9
DA:14,2
DA:37,8
DA:40,8
DA:41,8
DA:42,1
DA:45,7
DA:48,7
DA:50,6
DA:51,6
DA:53,6
DA:54,6
DA:55,10
DA:56,6
DA:60,1
DA:62,1
DA:63,1
DA:65,1
DA:66,1
DA:67,1
DA:68,1
DA:70,0
DA:74,0
DA:75,0
DA:77,0
DA:78,0
DA:79,0
DA:80,0
DA:87,7
DA:88,1
DA:89,1
DA:94,1
DA:96,1
DA:98,0
DA:100,1
DA:108,7
DA:110,1
DA:111,1
DA:112,3
DA:113,3
DA:118,7
DA:120,7
DA:129,3
DA:130,1
DA:133,2
DA:134,2
DA:136,2
DA:137,5
DA:138,5
DA:139,5
DA:145,0
DA:146,0
DA:147,0
DA:155,2
DA:164,2
DA:165,2
DA:166,1
DA:168,1
DA:180,1
DA:181,1
DA:185,1
DA:187,0
DA:191,3
LF:67
LH:55
BRDA:9,0,0,2
BRDA:29,1,0,0
BRDA:33,2,0,7
BRDA:34,3,0,7
BRDA:36,4,0,7
BRDA:41,5,0,1
BRDA:41,5,1,7
BRDA:48,6,0,6
BRDA:48,6,1,1
BRDA:50,7,0,1
BRDA:50,7,1,5
BRDA:60,8,0,1
BRDA:60,8,1,0
BRDA:62,9,0,0
BRDA:62,9,1,1
BRDA:74,10,0,0
BRDA:74,10,1,0
BRDA:87,11,0,1
BRDA:87,11,1,6
BRDA:96,12,0,0
BRDA:96,12,1,1
BRDA:108,13,0,1
BRDA:108,13,1,6
BRDA:108,14,0,7
BRDA:108,14,1,1
BRDA:112,15,0,0
BRDA:112,15,1,3
BRDA:129,16,0,1
BRDA:129,16,1,2
BRDA:129,17,0,3
BRDA:129,17,1,2
BRDA:138,18,0,5
BRDA:138,18,1,0
BRDA:146,19,0,0
BRDA:146,19,1,0
BRDA:163,20,0,2
BRDA:179,21,0,0
BRDA:179,22,0,1
BRF:38
BRH:27
end_of_record
TN:
SF:cli/lib/utils/logger.js
FN:23,setVerbose
FN:33,log
FN:44,info
FN:53,success
FN:62,error
FN:71,warn
FN:80,verbose
FN:90,cyan
FN:98,blue
FN:106,magenta
FNF:10
FNH:10
FNDA:116,setVerbose
FNDA:873,log
FNDA:699,info
FNDA:140,success
FNDA:48,error
FNDA:15,warn
FNDA:131,verbose
FNDA:1,cyan
FNDA:1,blue
FNDA:1,magenta
DA:7,20
DA:17,20
DA:24,116
DA:34,873
DA:35,873
DA:36,873
DA:45,699
DA:54,140
DA:63,48
DA:72,15
DA:81,131
DA:82,16
DA:91,1
DA:99,1
DA:107,1
DA:110,20
LF:16
LH:16
BRDA:33,0,0,0
BRDA:33,1,0,3
BRDA:34,2,0,342
BRDA:34,2,1,531
BRDA:35,3,0,873
BRDA:35,3,1,0
BRDA:44,4,0,512
BRDA:53,5,0,91
BRDA:62,6,0,48
BRDA:71,7,0,15
BRDA:80,8,0,131
BRDA:81,9,0,16
BRDA:81,9,1,115
BRF:13
BRH:11
end_of_record
