TN:
SF:cli/commands/deploy/recent.js
FN:24,isCommitReference
FN:31,deployRecent
FN:131,(anonymous_2)
FN:157,(anonymous_3)
FN:164,(anonymous_4)
FN:165,(anonymous_5)
FN:174,(anonymous_6)
FN:174,(anonymous_7)
FNF:8
FNH:5
FNDA:25,isCommitReference
FNDA:26,deployRecent
FNDA:1,(anonymous_2)
FNDA:0,(anonymous_3)
FNDA:29,(anonymous_4)
FNDA:29,(anonymous_5)
FNDA:0,(anonymous_6)
FNDA:0,(anonymous_7)
DA:1,1
DA:2,1
DA:3,1
DA:4,1
DA:5,1
DA:27,25
DA:38,26
DA:40,26
DA:43,26
DA:44,26
DA:46,26
DA:47,1
DA:48,1
DA:49,0
DA:51,1
DA:53,1
DA:54,0
DA:59,26
DA:60,26
DA:61,1
DA:65,25
DA:66,25
DA:67,1
DA:70,25
DA:72,25
DA:73,1
DA:77,25
DA:78,25
DA:80,25
DA:82,34
DA:83,2
DA:84,0
DA:86,2
DA:87,2
DA:91,32
DA:92,1
DA:93,1
DA:94,1
DA:98,31
DA:100,31
DA:108,25
DA:109,1
DA:110,1
DA:119,24
DA:120,24
DA:121,31
DA:122,30
DA:125,24
DA:127,24
DA:128,1
DA:129,1
DA:130,1
DA:131,1
DA:132,1
DA:135,1
DA:140,24
DA:141,1
DA:142,1
DA:143,1
DA:144,1
DA:153,23
DA:155,23
DA:158,0
DA:159,0
DA:164,29
DA:165,29
DA:168,23
DA:169,23
DA:171,23
DA:172,1
DA:173,1
DA:174,0
DA:175,0
DA:179,23
DA:180,2
DA:183,23
DA:192,1
LF:77
LH:70
BRDA:27,0,0,25
BRDA:27,0,1,16
BRDA:31,1,0,7
BRDA:33,2,0,11
BRDA:36,3,0,25
BRDA:37,4,0,25
BRDA:43,5,0,26
BRDA:43,5,1,25
BRDA:43,6,0,9
BRDA:43,6,1,16
BRDA:44,7,0,16
BRDA:44,7,1,10
BRDA:44,8,0,26
BRDA:44,8,1,16
BRDA:46,9,0,1
BRDA:46,9,1,25
BRDA:48,10,0,0
BRDA:48,10,1,1
BRDA:53,11,0,0
BRDA:53,11,1,1
BRDA:60,12,0,1
BRDA:60,12,1,25
BRDA:65,13,0,10
BRDA:65,13,1,15
BRDA:66,14,0,1
BRDA:66,14,1,24
BRDA:72,15,0,1
BRDA:72,15,1,24
BRDA:82,16,0,2
BRDA:82,16,1,32
BRDA:83,17,0,0
BRDA:83,17,1,2
BRDA:91,18,0,1
BRDA:91,18,1,31
BRDA:108,19,0,1
BRDA:108,19,1,24
BRDA:121,20,0,30
BRDA:121,20,1,1
BRDA:127,21,0,1
BRDA:127,21,1,23
BRDA:132,22,0,1
BRDA:132,22,1,0
BRDA:140,23,0,1
BRDA:140,23,1,23
BRDA:157,24,0,1
BRDA:157,24,1,22
BRDA:158,25,0,0
BRDA:158,25,1,0
BRDA:168,26,0,23
BRDA:168,26,1,0
BRDA:171,27,0,1
BRDA:171,27,1,22
BRDA:173,28,0,0
BRDA:173,28,1,1
BRDA:179,29,0,2
BRDA:179,29,1,21
BRF:56
BRH:48
end_of_record
